Log file open, 10/03/20 16:11:12
LogInit: Display: Running engine for game: Project
LogPlatformFile: Not using cached read wrapper
LogTaskGraph: Started task graph with 5 named threads and 23 total threads with 3 sets of task threads.
LogStats: Stats thread started at 0.228287
LogD3D11RHI: Loaded GFSDK_Aftermath_Lib.x64.dll
LogICUInternationalization: ICU TimeZone Detection - Raw Offset: -5:00, Platform Override: ''
LogPluginManager: Mounting plugin Paper2D
LogPluginManager: Mounting plugin AISupport
LogPluginManager: Mounting plugin LightPropagationVolume
LogPluginManager: Mounting plugin CameraShakePreviewer
LogPluginManager: Mounting plugin ActorLayerUtilities
LogPluginManager: Mounting plugin AnimationSharing
LogPluginManager: Mounting plugin CLionSourceCodeAccess
LogPluginManager: Mounting plugin CodeLiteSourceCodeAccess
LogPluginManager: Mounting plugin GitSourceControl
LogPluginManager: Mounting plugin KDevelopSourceCodeAccess
LogPluginManager: Mounting plugin NullSourceCodeAccess
LogPluginManager: Mounting plugin PerforceSourceControl
LogPluginManager: Mounting plugin PlasticSourceControl
LogPluginManager: Mounting plugin RiderSourceCodeAccess
LogPluginManager: Mounting plugin SubversionSourceControl
LogPluginManager: Mounting plugin UObjectPlugin
LogPluginManager: Mounting plugin VisualStudioCodeSourceCodeAccess
LogPluginManager: Mounting plugin VisualStudioSourceCodeAccess
LogPluginManager: Mounting plugin XCodeSourceCodeAccess
LogPluginManager: Mounting plugin AssetManagerEditor
LogPluginManager: Mounting plugin CryptoKeys
LogPluginManager: Mounting plugin CurveEditorTools
LogPluginManager: Mounting plugin DataValidation
LogPluginManager: Mounting plugin EditorScriptingUtilities
LogPluginManager: Mounting plugin FacialAnimation
LogPluginManager: Mounting plugin GameplayTagsEditor
LogPluginManager: Mounting plugin GeometryMode
LogPluginManager: Mounting plugin MacGraphicsSwitching
LogPluginManager: Mounting plugin MaterialAnalyzer
LogPluginManager: Mounting plugin MobileLauncherProfileWizard
LogPluginManager: Mounting plugin PluginBrowser
LogPluginManager: Mounting plugin SpeedTreeImporter
LogPluginManager: Mounting plugin DatasmithContent
LogPluginManager: Mounting plugin VariantManagerContent
LogPluginManager: Mounting plugin AlembicImporter
LogPluginManager: Mounting plugin AutomationUtils
LogPluginManager: Mounting plugin BackChannel
LogPluginManager: Mounting plugin ChaosCloth
LogPluginManager: Mounting plugin ChaosClothEditor
LogPluginManager: Mounting plugin ChaosEditor
LogPluginManager: Mounting plugin ChaosNiagara
LogPluginManager: Mounting plugin ChaosSolverPlugin
LogPluginManager: Mounting plugin CharacterAI
LogPluginManager: Mounting plugin GeometryCache
LogPluginManager: Mounting plugin GeometryCollectionPlugin
LogPluginManager: Mounting plugin GeometryProcessing
LogPluginManager: Mounting plugin PlanarCut
LogPluginManager: Mounting plugin PlatformCrypto
LogPluginManager: Mounting plugin ProxyLODPlugin
LogPluginManager: Mounting plugin SkeletalReduction
LogPluginManager: Mounting plugin Niagara
LogPluginManager: Mounting plugin MagicLeap
LogPluginManager: Mounting plugin MagicLeapLightEstimation
LogPluginManager: Mounting plugin MagicLeapMedia
LogPluginManager: Mounting plugin MagicLeapPassableWorld
LogPluginManager: Mounting plugin MLSDK
LogPluginManager: Mounting plugin AndroidMedia
LogPluginManager: Mounting plugin AvfMedia
LogPluginManager: Mounting plugin ImgMedia
LogPluginManager: Mounting plugin MediaCompositing
LogPluginManager: Mounting plugin MediaPlayerEditor
LogPluginManager: Mounting plugin WebMMedia
LogPluginManager: Mounting plugin WmfMedia
LogPluginManager: Mounting plugin MeshPainting
LogPluginManager: Mounting plugin TcpMessaging
LogPluginManager: Mounting plugin UdpMessaging
LogPluginManager: Mounting plugin ActorSequence
LogPluginManager: Mounting plugin LevelSequenceEditor
LogPluginManager: Mounting plugin MatineeToLevelSequence
LogPluginManager: Mounting plugin MovieRenderPipeline
LogPluginManager: Mounting plugin TemplateSequence
LogPluginManager: Mounting plugin NetcodeUnitTest
LogPluginManager: Mounting plugin NUTUnrealEngine4
LogPluginManager: Mounting plugin OnlineSubsystemGooglePlay
LogPluginManager: Mounting plugin OnlineSubsystemIOS
LogPluginManager: Mounting plugin OnlineSubsystem
LogPluginManager: Mounting plugin OnlineSubsystemNull
LogPluginManager: Mounting plugin OnlineSubsystemUtils
LogPluginManager: Mounting plugin LauncherChunkInstaller
LogPluginManager: Mounting plugin AndroidDeviceProfileSelector
LogPluginManager: Mounting plugin AndroidMoviePlayer
LogPluginManager: Mounting plugin AndroidPermission
LogPluginManager: Mounting plugin AppleImageUtils
LogPluginManager: Mounting plugin AppleMoviePlayer
LogPluginManager: Mounting plugin ArchVisCharacter
LogPluginManager: Mounting plugin AssetTags
LogPluginManager: Mounting plugin AudioCapture
LogPluginManager: Mounting plugin CableComponent
LogPluginManager: Mounting plugin CustomMeshComponent
LogPluginManager: Mounting plugin EditableMesh
LogPluginManager: Mounting plugin ExampleDeviceProfileSelector
LogPluginManager: Mounting plugin GoogleCloudMessaging
LogPluginManager: Mounting plugin GooglePAD
LogPluginManager: Mounting plugin IOSDeviceProfileSelector
LogPluginManager: Mounting plugin LinuxDeviceProfileSelector
LogPluginManager: Mounting plugin LocationServicesBPLibrary
LogPluginManager: Mounting plugin MobilePatchingUtils
LogPluginManager: Mounting plugin OculusVR
LogPluginManager: Mounting plugin PhysXVehicles
LogPluginManager: Mounting plugin PostSplashScreen
LogPluginManager: Mounting plugin ProceduralMeshComponent
LogPluginManager: Mounting plugin RuntimePhysXCooking
LogPluginManager: Mounting plugin SignificanceManager
LogPluginManager: Mounting plugin SoundFields
LogPluginManager: Mounting plugin SteamVR
LogPluginManager: Mounting plugin Synthesis
LogPluginManager: Mounting plugin WebMMoviePlayer
LogPluginManager: Mounting plugin WindowsMoviePlayer
LogPluginManager: Mounting plugin ScreenshotTools
LogInit: Using libcurl 7.55.1-DEV
LogInit:  - built for x86_64-pc-win32
LogInit:  - supports SSL with OpenSSL/1.1.1
LogInit:  - supports HTTP deflate (compression) using libz 1.2.8
LogInit:  - other features:
LogInit:      CURL_VERSION_SSL
LogInit:      CURL_VERSION_LIBZ
LogInit:      CURL_VERSION_IPV6
LogInit:      CURL_VERSION_ASYNCHDNS
LogInit:      CURL_VERSION_LARGEFILE
LogInit:      CURL_VERSION_IDN
LogInit:  CurlRequestOptions (configurable via config and command line):
LogInit:  - bVerifyPeer = true  - Libcurl will verify peer certificate
LogInit:  - bUseHttpProxy = false  - Libcurl will NOT use HTTP proxy
LogInit:  - bDontReuseConnections = false  - Libcurl will reuse connections
LogInit:  - MaxHostConnections = 16  - Libcurl will limit the number of connections to a host
LogInit:  - LocalHostAddr = Default
LogInit:  - BufferSize = 65536
LogOnline: OSS: Creating online subsystem instance for: NULL
LogInit: WinSock: version 1.1 (2.2), MaxSocks=32767, MaxUdp=65467
LogOnline: OSS: TryLoadSubsystemAndSetDefault: Loaded subsystem for module [NULL]
LogInit: Build: ++UE4+Release-4.25-CL-13942748
LogInit: Engine Version: 4.25.3-13942748+++UE4+Release-4.25
LogInit: Compatible Engine Version: 4.25.0-13144385+++UE4+Release-4.25
LogInit: Net CL: 13144385
LogInit: OS: Windows 10 (Release 1903) (), CPU: Intel(R) Core(TM) i7-7700HQ CPU @ 2.80GHz, GPU: Intel(R) HD Graphics 630
LogInit: Compiled (64-bit): Jul 25 2020 02:07:48
LogInit: Compiled with Visual C++: 19.24.28315.00
LogInit: Build Configuration: Development
LogInit: Branch Name: ++UE4+Release-4.25
LogInit: Command Line: 
LogInit: Base Directory: D:/EpicGames/UE_4.25/Engine/Binaries/Win64/
LogInit: Allocator: TBB
LogInit: Installed Engine Build: 1
LogDevObjectVersion: Number of dev versions registered: 26
LogDevObjectVersion:   Dev-Blueprints (B0D832E4-1F89-4F0D-ACCF-7EB736FD4AA2): 10
LogDevObjectVersion:   Dev-Build (E1C64328-A22C-4D53-A36C-8E866417BD8C): 0
LogDevObjectVersion:   Dev-Core (375EC13C-06E4-48FB-B500-84F0262A717E): 4
LogDevObjectVersion:   Dev-Editor (E4B068ED-F494-42E9-A231-DA0B2E46BB41): 38
LogDevObjectVersion:   Dev-Framework (CFFC743F-43B0-4480-9391-14DF171D2073): 37
LogDevObjectVersion:   Dev-Mobile (B02B49B5-BB20-44E9-A304-32B752E40360): 2
LogDevObjectVersion:   Dev-Networking (A4E4105C-59A1-49B5-A7C5-40C4547EDFEE): 0
LogDevObjectVersion:   Dev-Online (39C831C9-5AE6-47DC-9A44-9C173E1C8E7C): 0
LogDevObjectVersion:   Dev-Physics (78F01B33-EBEA-4F98-B9B4-84EACCB95AA2): 4
LogDevObjectVersion:   Dev-Platform (6631380F-2D4D-43E0-8009-CF276956A95A): 0
LogDevObjectVersion:   Dev-Rendering (12F88B9F-8875-4AFC-A67C-D90C383ABD29): 43
LogDevObjectVersion:   Dev-Sequencer (7B5AE74C-D270-4C10-A958-57980B212A5A): 12
LogDevObjectVersion:   Dev-VR (D7296918-1DD6-4BDD-9DE2-64A83CC13884): 3
LogDevObjectVersion:   Dev-LoadTimes (C2A15278-BFE7-4AFE-6C17-90FF531DF755): 1
LogDevObjectVersion:   Private-Geometry (6EACA3D4-40EC-4CC1-B786-8BED09428FC5): 3
LogDevObjectVersion:   Dev-AnimPhys (29E575DD-E0A3-4627-9D10-D276232CDCEA): 17
LogDevObjectVersion:   Dev-Anim (AF43A65D-7FD3-4947-9873-3E8ED9C1BB05): 7
LogDevObjectVersion:   Dev-ReflectionCapture (6B266CEC-1EC7-4B8F-A30B-E4D90942FC07): 1
LogDevObjectVersion:   Dev-Automation (0DF73D61-A23F-47EA-B727-89E90C41499A): 1
LogDevObjectVersion:   FortniteMain (601D1886-AC64-4F84-AA16-D3DE0DEAC7D6): 31
LogDevObjectVersion:   Dev-Enterprise (9DFFBCD6-494F-0158-E221-12823C92A888): 10
LogDevObjectVersion:   Dev-Niagara (F2AED0AC-9AFE-416F-8664-AA7FFA26D6FC): 1
LogDevObjectVersion:   Dev-Destruction (174F1F0B-B4C6-45A5-B13F-2EE8D0FB917D): 10
LogDevObjectVersion:   Dev-Physics-Ext (35F94A83-E258-406C-A318-09F59610247C): 37
LogDevObjectVersion:   Dev-PhysicsMaterial-Chaos (B68FC16E-8B1B-42E2-B453-215C058844FE): 1
LogDevObjectVersion:   Dev-CineCamera (B2E18506-4273-CFC2-A54E-F4BB758BBA07): 1
LogInit: Presizing for max 25165824 objects, including 0 objects not considered by GC, pre-allocating 0 bytes for permanent pool.
LogConfig: Applying CVar settings from Section [/Script/Engine.StreamingSettings] File [C:/Users/Thomas/Documents/GitHub/GVSCVRProject/Project/Saved/Config/Windows/Engine.ini]
LogConfig: Setting CVar [[s.MinBulkDataSizeForAsyncLoading:131072]]
LogConfig: Setting CVar [[s.AsyncLoadingThreadEnabled:0]]
LogConfig: Setting CVar [[s.EventDrivenLoaderEnabled:1]]
LogConfig: Setting CVar [[s.WarnIfTimeLimitExceeded:0]]
LogConfig: Setting CVar [[s.TimeLimitExceededMultiplier:1.5]]
LogConfig: Setting CVar [[s.TimeLimitExceededMinTime:0.005]]
LogConfig: Setting CVar [[s.UseBackgroundLevelStreaming:1]]
LogConfig: Setting CVar [[s.PriorityAsyncLoadingExtraTime:15.0]]
LogConfig: Setting CVar [[s.LevelStreamingActorsUpdateTimeLimit:5.0]]
LogConfig: Setting CVar [[s.PriorityLevelStreamingActorsUpdateExtraTime:5.0]]
LogConfig: Setting CVar [[s.LevelStreamingComponentsRegistrationGranularity:10]]
LogConfig: Setting CVar [[s.UnregisterComponentsTimeLimit:1.0]]
LogConfig: Setting CVar [[s.LevelStreamingComponentsUnregistrationGranularity:5]]
LogConfig: Setting CVar [[s.FlushStreamingOnExit:1]]
LogInit: Object subsystem initialized
LogConfig: Setting CVar [[con.DebugEarlyDefault:1]]
LogConfig: Setting CVar [[r.setres:1280x720]]
[2020.10.03-20.11.14:182][  0]LogConfig: Setting CVar [[r.VSync:0]]
[2020.10.03-20.11.14:182][  0]LogConfig: Setting CVar [[r.RHICmdBypass:0]]
[2020.10.03-20.11.14:182][  0]LogConfig: Applying CVar settings from Section [/Script/Engine.RendererSettings] File [C:/Users/Thomas/Documents/GitHub/GVSCVRProject/Project/Saved/Config/Windows/Engine.ini]
[2020.10.03-20.11.14:182][  0]LogConfig: Setting CVar [[r.GPUCrashDebugging:0]]
[2020.10.03-20.11.14:182][  0]LogConfig: Applying CVar settings from Section [/Script/Engine.RendererOverrideSettings] File [C:/Users/Thomas/Documents/GitHub/GVSCVRProject/Project/Saved/Config/Windows/Engine.ini]
[2020.10.03-20.11.14:182][  0]LogConfig: Applying CVar settings from Section [/Script/Engine.StreamingSettings] File [C:/Users/Thomas/Documents/GitHub/GVSCVRProject/Project/Saved/Config/Windows/Engine.ini]
[2020.10.03-20.11.14:182][  0]LogConfig: Setting CVar [[s.MinBulkDataSizeForAsyncLoading:131072]]
[2020.10.03-20.11.14:182][  0]LogConfig: Setting CVar [[s.AsyncLoadingThreadEnabled:0]]
[2020.10.03-20.11.14:182][  0]LogConfig: Setting CVar [[s.EventDrivenLoaderEnabled:1]]
[2020.10.03-20.11.14:182][  0]LogConfig: Setting CVar [[s.WarnIfTimeLimitExceeded:0]]
[2020.10.03-20.11.14:182][  0]LogConfig: Setting CVar [[s.TimeLimitExceededMultiplier:1.5]]
[2020.10.03-20.11.14:182][  0]LogConfig: Setting CVar [[s.TimeLimitExceededMinTime:0.005]]
[2020.10.03-20.11.14:182][  0]LogConfig: Setting CVar [[s.UseBackgroundLevelStreaming:1]]
[2020.10.03-20.11.14:182][  0]LogConfig: Setting CVar [[s.PriorityAsyncLoadingExtraTime:15.0]]
[2020.10.03-20.11.14:182][  0]LogConfig: Setting CVar [[s.LevelStreamingActorsUpdateTimeLimit:5.0]]
[2020.10.03-20.11.14:182][  0]LogConfig: Setting CVar [[s.PriorityLevelStreamingActorsUpdateExtraTime:5.0]]
[2020.10.03-20.11.14:182][  0]LogConfig: Setting CVar [[s.LevelStreamingComponentsRegistrationGranularity:10]]
[2020.10.03-20.11.14:182][  0]LogConfig: Setting CVar [[s.UnregisterComponentsTimeLimit:1.0]]
[2020.10.03-20.11.14:182][  0]LogConfig: Setting CVar [[s.LevelStreamingComponentsUnregistrationGranularity:5]]
[2020.10.03-20.11.14:182][  0]LogConfig: Setting CVar [[s.FlushStreamingOnExit:1]]
[2020.10.03-20.11.14:182][  0]LogConfig: Applying CVar settings from Section [/Script/Engine.GarbageCollectionSettings] File [C:/Users/Thomas/Documents/GitHub/GVSCVRProject/Project/Saved/Config/Windows/Engine.ini]
[2020.10.03-20.11.14:182][  0]LogConfig: Setting CVar [[gc.MaxObjectsNotConsideredByGC:1]]
[2020.10.03-20.11.14:182][  0]LogConfig: Setting CVar [[gc.SizeOfPermanentObjectPool:0]]
[2020.10.03-20.11.14:182][  0]LogConfig: Setting CVar [[gc.FlushStreamingOnGC:0]]
[2020.10.03-20.11.14:182][  0]LogConfig: Setting CVar [[gc.NumRetriesBeforeForcingGC:10]]
[2020.10.03-20.11.14:183][  0]LogConfig: Setting CVar [[gc.AllowParallelGC:1]]
[2020.10.03-20.11.14:183][  0]LogConfig: Setting CVar [[gc.TimeBetweenPurgingPendingKillObjects:61.1]]
[2020.10.03-20.11.14:183][  0]LogConfig: Setting CVar [[gc.MaxObjectsInEditor:25165824]]
[2020.10.03-20.11.14:183][  0]LogConfig: Setting CVar [[gc.IncrementalBeginDestroyEnabled:1]]
[2020.10.03-20.11.14:183][  0]LogConfig: Setting CVar [[gc.CreateGCClusters:1]]
[2020.10.03-20.11.14:183][  0]LogConfig: Setting CVar [[gc.MinGCClusterSize:5]]
[2020.10.03-20.11.14:183][  0]LogConfig: Setting CVar [[gc.ActorClusteringEnabled:0]]
[2020.10.03-20.11.14:183][  0]LogConfig: Setting CVar [[gc.BlueprintClusteringEnabled:0]]
[2020.10.03-20.11.14:183][  0]LogConfig: Setting CVar [[gc.UseDisregardForGCOnDedicatedServers:0]]
[2020.10.03-20.11.14:183][  0]LogConfig: Applying CVar settings from Section [/Script/Engine.NetworkSettings] File [C:/Users/Thomas/Documents/GitHub/GVSCVRProject/Project/Saved/Config/Windows/Engine.ini]
[2020.10.03-20.11.14:183][  0]LogConfig: Applying CVar settings from Section [/Script/UnrealEd.CookerSettings] File [C:/Users/Thomas/Documents/GitHub/GVSCVRProject/Project/Saved/Config/Windows/Engine.ini]
[2020.10.03-20.11.14:191][  0]LogConfig: Applying CVar settings from Section [ViewDistanceQuality@3] File [C:/Users/Thomas/Documents/GitHub/GVSCVRProject/Project/Saved/Config/Windows/Scalability.ini]
[2020.10.03-20.11.14:191][  0]LogConfig: Setting CVar [[r.SkeletalMeshLODBias:0]]
[2020.10.03-20.11.14:191][  0]LogConfig: Setting CVar [[r.ViewDistanceScale:1.0]]
[2020.10.03-20.11.14:191][  0]LogConfig: Applying CVar settings from Section [AntiAliasingQuality@3] File [C:/Users/Thomas/Documents/GitHub/GVSCVRProject/Project/Saved/Config/Windows/Scalability.ini]
[2020.10.03-20.11.14:191][  0]LogConfig: Setting CVar [[r.PostProcessAAQuality:4]]
[2020.10.03-20.11.14:191][  0]LogConfig: Applying CVar settings from Section [ShadowQuality@3] File [C:/Users/Thomas/Documents/GitHub/GVSCVRProject/Project/Saved/Config/Windows/Scalability.ini]
[2020.10.03-20.11.14:191][  0]LogConfig: Setting CVar [[r.LightFunctionQuality:1]]
[2020.10.03-20.11.14:191][  0]LogConfig: Setting CVar [[r.ShadowQuality:5]]
[2020.10.03-20.11.14:191][  0]LogConfig: Setting CVar [[r.Shadow.CSM.MaxCascades:10]]
[2020.10.03-20.11.14:191][  0]LogConfig: Setting CVar [[r.Shadow.MaxResolution:2048]]
[2020.10.03-20.11.14:191][  0]LogConfig: Setting CVar [[r.Shadow.MaxCSMResolution:2048]]
[2020.10.03-20.11.14:191][  0]LogConfig: Setting CVar [[r.Shadow.RadiusThreshold:0.01]]
[2020.10.03-20.11.14:191][  0]LogConfig: Setting CVar [[r.Shadow.DistanceScale:1.0]]
[2020.10.03-20.11.14:191][  0]LogConfig: Setting CVar [[r.Shadow.CSM.TransitionScale:1.0]]
[2020.10.03-20.11.14:191][  0]LogConfig: Setting CVar [[r.Shadow.PreShadowResolutionFactor:1.0]]
[2020.10.03-20.11.14:191][  0]LogConfig: Setting CVar [[r.DistanceFieldShadowing:1]]
[2020.10.03-20.11.14:191][  0]LogConfig: Setting CVar [[r.DistanceFieldAO:1]]
[2020.10.03-20.11.14:191][  0]LogConfig: Setting CVar [[r.AOQuality:2]]
[2020.10.03-20.11.14:191][  0]LogConfig: Setting CVar [[r.VolumetricFog:1]]
[2020.10.03-20.11.14:191][  0]LogConfig: Setting CVar [[r.VolumetricFog.GridPixelSize:8]]
[2020.10.03-20.11.14:191][  0]LogConfig: Setting CVar [[r.VolumetricFog.GridSizeZ:128]]
[2020.10.03-20.11.14:191][  0]LogConfig: Setting CVar [[r.VolumetricFog.HistoryMissSupersampleCount:4]]
[2020.10.03-20.11.14:191][  0]LogConfig: Setting CVar [[r.LightMaxDrawDistanceScale:1]]
[2020.10.03-20.11.14:191][  0]LogConfig: Setting CVar [[r.CapsuleShadows:1]]
[2020.10.03-20.11.14:191][  0]LogConfig: Applying CVar settings from Section [PostProcessQuality@3] File [C:/Users/Thomas/Documents/GitHub/GVSCVRProject/Project/Saved/Config/Windows/Scalability.ini]
[2020.10.03-20.11.14:191][  0]LogConfig: Setting CVar [[r.MotionBlurQuality:4]]
[2020.10.03-20.11.14:191][  0]LogConfig: Setting CVar [[r.AmbientOcclusionMipLevelFactor:0.4]]
[2020.10.03-20.11.14:191][  0]LogConfig: Setting CVar [[r.AmbientOcclusionMaxQuality:100]]
[2020.10.03-20.11.14:191][  0]LogConfig: Setting CVar [[r.AmbientOcclusionLevels:-1]]
[2020.10.03-20.11.14:191][  0]LogConfig: Setting CVar [[r.AmbientOcclusionRadiusScale:1.0]]
[2020.10.03-20.11.14:191][  0]LogConfig: Setting CVar [[r.DepthOfFieldQuality:2]]
[2020.10.03-20.11.14:191][  0]LogConfig: Setting CVar [[r.RenderTargetPoolMin:400]]
[2020.10.03-20.11.14:191][  0]LogConfig: Setting CVar [[r.LensFlareQuality:2]]
[2020.10.03-20.11.14:191][  0]LogConfig: Setting CVar [[r.SceneColorFringeQuality:1]]
[2020.10.03-20.11.14:191][  0]LogConfig: Setting CVar [[r.EyeAdaptationQuality:2]]
[2020.10.03-20.11.14:191][  0]LogConfig: Setting CVar [[r.BloomQuality:5]]
[2020.10.03-20.11.14:191][  0]LogConfig: Setting CVar [[r.FastBlurThreshold:100]]
[2020.10.03-20.11.14:191][  0]LogConfig: Setting CVar [[r.Upscale.Quality:3]]
[2020.10.03-20.11.14:191][  0]LogConfig: Setting CVar [[r.Tonemapper.GrainQuantization:1]]
[2020.10.03-20.11.14:191][  0]LogConfig: Setting CVar [[r.LightShaftQuality:1]]
[2020.10.03-20.11.14:191][  0]LogConfig: Setting CVar [[r.Filter.SizeScale:1]]
[2020.10.03-20.11.14:191][  0]LogConfig: Setting CVar [[r.Tonemapper.Quality:5]]
[2020.10.03-20.11.14:191][  0]LogConfig: Setting CVar [[r.DOF.Gather.AccumulatorQuality:1        ; higher gathering accumulator quality]]
[2020.10.03-20.11.14:191][  0]LogConfig: Setting CVar [[r.DOF.Gather.PostfilterMethod:1          ; Median3x3 postfilering method]]
[2020.10.03-20.11.14:191][  0]LogConfig: Setting CVar [[r.DOF.Gather.EnableBokehSettings:0       ; no bokeh simulation when gathering]]
[2020.10.03-20.11.14:191][  0]LogConfig: Setting CVar [[r.DOF.Gather.RingCount:4                 ; medium number of samples when gathering]]
[2020.10.03-20.11.14:191][  0]LogConfig: Setting CVar [[r.DOF.Scatter.ForegroundCompositing:1    ; additive foreground scattering]]
[2020.10.03-20.11.14:192][  0]LogConfig: Setting CVar [[r.DOF.Scatter.BackgroundCompositing:2    ; additive background scattering]]
[2020.10.03-20.11.14:192][  0]LogConfig: Setting CVar [[r.DOF.Scatter.EnableBokehSettings:1      ; bokeh simulation when scattering]]
[2020.10.03-20.11.14:192][  0]LogConfig: Setting CVar [[r.DOF.Scatter.MaxSpriteRatio:0.1         ; only a maximum of 10% of scattered bokeh]]
[2020.10.03-20.11.14:192][  0]LogConfig: Setting CVar [[r.DOF.Recombine.Quality:1                ; cheap slight out of focus]]
[2020.10.03-20.11.14:192][  0]LogConfig: Setting CVar [[r.DOF.Recombine.EnableBokehSettings:0    ; no bokeh simulation on slight out of focus]]
[2020.10.03-20.11.14:192][  0]LogConfig: Setting CVar [[r.DOF.TemporalAAQuality:1                ; more stable temporal accumulation]]
[2020.10.03-20.11.14:192][  0]LogConfig: Setting CVar [[r.DOF.Kernel.MaxForegroundRadius:0.025]]
[2020.10.03-20.11.14:192][  0]LogConfig: Setting CVar [[r.DOF.Kernel.MaxBackgroundRadius:0.025]]
[2020.10.03-20.11.14:192][  0]LogConfig: Applying CVar settings from Section [TextureQuality@3] File [C:/Users/Thomas/Documents/GitHub/GVSCVRProject/Project/Saved/Config/Windows/Scalability.ini]
[2020.10.03-20.11.14:192][  0]LogConfig: Setting CVar [[r.Streaming.MipBias:0]]
[2020.10.03-20.11.14:192][  0]LogConfig: Setting CVar [[r.Streaming.AmortizeCPUToGPUCopy:0]]
[2020.10.03-20.11.14:192][  0]LogConfig: Setting CVar [[r.Streaming.MaxNumTexturesToStreamPerFrame:0]]
[2020.10.03-20.11.14:192][  0]LogConfig: Setting CVar [[r.Streaming.Boost:1]]
[2020.10.03-20.11.14:192][  0]LogConfig: Setting CVar [[r.MaxAnisotropy:8]]
[2020.10.03-20.11.14:192][  0]LogConfig: Setting CVar [[r.VT.MaxAnisotropy:8]]
[2020.10.03-20.11.14:192][  0]LogConfig: Setting CVar [[r.Streaming.LimitPoolSizeToVRAM:0]]
[2020.10.03-20.11.14:192][  0]LogConfig: Setting CVar [[r.Streaming.PoolSize:1000]]
[2020.10.03-20.11.14:192][  0]LogConfig: Setting CVar [[r.Streaming.MaxEffectiveScreenSize:0]]
[2020.10.03-20.11.14:192][  0]LogConfig: Applying CVar settings from Section [EffectsQuality@3] File [C:/Users/Thomas/Documents/GitHub/GVSCVRProject/Project/Saved/Config/Windows/Scalability.ini]
[2020.10.03-20.11.14:192][  0]LogConfig: Setting CVar [[r.TranslucencyLightingVolumeDim:64]]
[2020.10.03-20.11.14:192][  0]LogConfig: Setting CVar [[r.RefractionQuality:2]]
[2020.10.03-20.11.14:192][  0]LogConfig: Setting CVar [[r.SSR.Quality:3]]
[2020.10.03-20.11.14:192][  0]LogConfig: Setting CVar [[r.SSR.HalfResSceneColor:0]]
[2020.10.03-20.11.14:192][  0]LogConfig: Setting CVar [[r.SceneColorFormat:4]]
[2020.10.03-20.11.14:192][  0]LogConfig: Setting CVar [[r.DetailMode:2]]
[2020.10.03-20.11.14:192][  0]LogConfig: Setting CVar [[r.TranslucencyVolumeBlur:1]]
[2020.10.03-20.11.14:192][  0]LogConfig: Setting CVar [[r.MaterialQualityLevel:1 ; High quality]]
[2020.10.03-20.11.14:192][  0]LogConfig: Setting CVar [[r.SSS.Scale:1]]
[2020.10.03-20.11.14:192][  0]LogConfig: Setting CVar [[r.SSS.SampleSet:2]]
[2020.10.03-20.11.14:192][  0]LogConfig: Setting CVar [[r.SSS.Quality:1]]
[2020.10.03-20.11.14:192][  0]LogConfig: Setting CVar [[r.SSS.HalfRes:0]]
[2020.10.03-20.11.14:192][  0]LogConfig: Setting CVar [[r.SSGI.Quality:3]]
[2020.10.03-20.11.14:192][  0]LogConfig: Setting CVar [[r.EmitterSpawnRateScale:1.0]]
[2020.10.03-20.11.14:192][  0]LogConfig: Setting CVar [[r.ParticleLightQuality:2]]
[2020.10.03-20.11.14:192][  0]LogConfig: Setting CVar [[r.SkyAtmosphere.AerialPerspectiveLUT.FastApplyOnOpaque:1 ; Always have FastSkyLUT 1 in this case to avoid wrong sky]]
[2020.10.03-20.11.14:192][  0]LogConfig: Setting CVar [[r.SkyAtmosphere.AerialPerspectiveLUT.SampleCountPerSlice:1]]
[2020.10.03-20.11.14:192][  0]LogConfig: Setting CVar [[r.SkyAtmosphere.AerialPerspectiveLUT.DepthResolution:16.0]]
[2020.10.03-20.11.14:192][  0]LogConfig: Setting CVar [[r.SkyAtmosphere.FastSkyLUT:1]]
[2020.10.03-20.11.14:192][  0]LogConfig: Setting CVar [[r.SkyAtmosphere.FastSkyLUT.SampleCountMin:4.0]]
[2020.10.03-20.11.14:192][  0]LogConfig: Setting CVar [[r.SkyAtmosphere.FastSkyLUT.SampleCountMax:32.0]]
[2020.10.03-20.11.14:192][  0]LogConfig: Setting CVar [[r.SkyAtmosphere.SampleCountMin:4.0]]
[2020.10.03-20.11.14:192][  0]LogConfig: Setting CVar [[r.SkyAtmosphere.SampleCountMax:32.0]]
[2020.10.03-20.11.14:192][  0]LogConfig: Setting CVar [[r.SkyAtmosphere.TransmittanceLUT.UseSmallFormat:0]]
[2020.10.03-20.11.14:192][  0]LogConfig: Setting CVar [[r.SkyAtmosphere.TransmittanceLUT.SampleCount:10.0]]
[2020.10.03-20.11.14:192][  0]LogConfig: Setting CVar [[r.SkyAtmosphere.MultiScatteringLUT.SampleCount:15.0]]
[2020.10.03-20.11.14:192][  0]LogConfig: Applying CVar settings from Section [FoliageQuality@3] File [C:/Users/Thomas/Documents/GitHub/GVSCVRProject/Project/Saved/Config/Windows/Scalability.ini]
[2020.10.03-20.11.14:192][  0]LogConfig: Setting CVar [[foliage.DensityScale:1.0]]
[2020.10.03-20.11.14:192][  0]LogConfig: Setting CVar [[grass.DensityScale:1.0]]
[2020.10.03-20.11.14:192][  0]LogConfig: Applying CVar settings from Section [ShadingQuality@3] File [C:/Users/Thomas/Documents/GitHub/GVSCVRProject/Project/Saved/Config/Windows/Scalability.ini]
[2020.10.03-20.11.14:192][  0]LogConfig: Setting CVar [[r.HairStrands.SkyLighting.SampleCount:16]]
[2020.10.03-20.11.14:192][  0]LogConfig: Setting CVar [[r.HairStrands.SkyLighting.JitterIntegration:0]]
[2020.10.03-20.11.14:192][  0]LogConfig: Setting CVar [[r.HairStrands.SkyAO.SampleCount:16]]
[2020.10.03-20.11.14:192][  0]LogConfig: Setting CVar [[r.HairStrands.DeepShadow.SuperSampling:0]]
[2020.10.03-20.11.14:192][  0]LogConfig: Setting CVar [[r.HairStrands.VisibilityPPLL:0]]
[2020.10.03-20.11.14:192][  0]LogConfig: Setting CVar [[r.HairStrands.RasterizationScale:0.5]]
[2020.10.03-20.11.14:192][  0]LogConfig: Setting CVar [[r.HairStrands.VelocityRasterizationScale:1]]
[2020.10.03-20.11.14:192][  0]LogInit: Selected Device Profile: [Windows]
[2020.10.03-20.11.14:192][  0]LogInit: Applying CVar settings loaded from the selected device profile: [Windows]
[2020.10.03-20.11.14:192][  0]LogHAL: Display: Platform has ~ 16 GB [17048965120 / 17179869184 / 16], which maps to Larger [LargestMinGB=32, LargerMinGB=12, DefaultMinGB=8, SmallerMinGB=6, SmallestMinGB=0)
[2020.10.03-20.11.14:192][  0]LogInit: Going up to parent DeviceProfile []
[2020.10.03-20.11.14:193][  0]LogConfig: Applying CVar settings from Section [ViewDistanceQuality@3] File [C:/Users/Thomas/Documents/GitHub/GVSCVRProject/Project/Saved/Config/Windows/Scalability.ini]
[2020.10.03-20.11.14:193][  0]LogConfig: Setting CVar [[r.SkeletalMeshLODBias:0]]
[2020.10.03-20.11.14:193][  0]LogConfig: Setting CVar [[r.ViewDistanceScale:1.0]]
[2020.10.03-20.11.14:193][  0]LogConfig: Applying CVar settings from Section [AntiAliasingQuality@3] File [C:/Users/Thomas/Documents/GitHub/GVSCVRProject/Project/Saved/Config/Windows/Scalability.ini]
[2020.10.03-20.11.14:193][  0]LogConfig: Setting CVar [[r.PostProcessAAQuality:4]]
[2020.10.03-20.11.14:193][  0]LogConfig: Applying CVar settings from Section [ShadowQuality@3] File [C:/Users/Thomas/Documents/GitHub/GVSCVRProject/Project/Saved/Config/Windows/Scalability.ini]
[2020.10.03-20.11.14:193][  0]LogConfig: Setting CVar [[r.LightFunctionQuality:1]]
[2020.10.03-20.11.14:193][  0]LogConfig: Setting CVar [[r.ShadowQuality:5]]
[2020.10.03-20.11.14:193][  0]LogConfig: Setting CVar [[r.Shadow.CSM.MaxCascades:10]]
[2020.10.03-20.11.14:193][  0]LogConfig: Setting CVar [[r.Shadow.MaxResolution:2048]]
[2020.10.03-20.11.14:193][  0]LogConfig: Setting CVar [[r.Shadow.MaxCSMResolution:2048]]
[2020.10.03-20.11.14:193][  0]LogConfig: Setting CVar [[r.Shadow.RadiusThreshold:0.01]]
[2020.10.03-20.11.14:193][  0]LogConfig: Setting CVar [[r.Shadow.DistanceScale:1.0]]
[2020.10.03-20.11.14:193][  0]LogConfig: Setting CVar [[r.Shadow.CSM.TransitionScale:1.0]]
[2020.10.03-20.11.14:193][  0]LogConfig: Setting CVar [[r.Shadow.PreShadowResolutionFactor:1.0]]
[2020.10.03-20.11.14:193][  0]LogConfig: Setting CVar [[r.DistanceFieldShadowing:1]]
[2020.10.03-20.11.14:193][  0]LogConfig: Setting CVar [[r.DistanceFieldAO:1]]
[2020.10.03-20.11.14:193][  0]LogConfig: Setting CVar [[r.AOQuality:2]]
[2020.10.03-20.11.14:193][  0]LogConfig: Setting CVar [[r.VolumetricFog:1]]
[2020.10.03-20.11.14:193][  0]LogConfig: Setting CVar [[r.VolumetricFog.GridPixelSize:8]]
[2020.10.03-20.11.14:193][  0]LogConfig: Setting CVar [[r.VolumetricFog.GridSizeZ:128]]
[2020.10.03-20.11.14:193][  0]LogConfig: Setting CVar [[r.VolumetricFog.HistoryMissSupersampleCount:4]]
[2020.10.03-20.11.14:193][  0]LogConfig: Setting CVar [[r.LightMaxDrawDistanceScale:1]]
[2020.10.03-20.11.14:193][  0]LogConfig: Setting CVar [[r.CapsuleShadows:1]]
[2020.10.03-20.11.14:193][  0]LogConfig: Applying CVar settings from Section [PostProcessQuality@3] File [C:/Users/Thomas/Documents/GitHub/GVSCVRProject/Project/Saved/Config/Windows/Scalability.ini]
[2020.10.03-20.11.14:193][  0]LogConfig: Setting CVar [[r.MotionBlurQuality:4]]
[2020.10.03-20.11.14:193][  0]LogConfig: Setting CVar [[r.AmbientOcclusionMipLevelFactor:0.4]]
[2020.10.03-20.11.14:193][  0]LogConfig: Setting CVar [[r.AmbientOcclusionMaxQuality:100]]
[2020.10.03-20.11.14:193][  0]LogConfig: Setting CVar [[r.AmbientOcclusionLevels:-1]]
[2020.10.03-20.11.14:193][  0]LogConfig: Setting CVar [[r.AmbientOcclusionRadiusScale:1.0]]
[2020.10.03-20.11.14:193][  0]LogConfig: Setting CVar [[r.DepthOfFieldQuality:2]]
[2020.10.03-20.11.14:193][  0]LogConfig: Setting CVar [[r.RenderTargetPoolMin:400]]
[2020.10.03-20.11.14:193][  0]LogConfig: Setting CVar [[r.LensFlareQuality:2]]
[2020.10.03-20.11.14:193][  0]LogConfig: Setting CVar [[r.SceneColorFringeQuality:1]]
[2020.10.03-20.11.14:193][  0]LogConfig: Setting CVar [[r.EyeAdaptationQuality:2]]
[2020.10.03-20.11.14:193][  0]LogConfig: Setting CVar [[r.BloomQuality:5]]
[2020.10.03-20.11.14:193][  0]LogConfig: Setting CVar [[r.FastBlurThreshold:100]]
[2020.10.03-20.11.14:193][  0]LogConfig: Setting CVar [[r.Upscale.Quality:3]]
[2020.10.03-20.11.14:193][  0]LogConfig: Setting CVar [[r.Tonemapper.GrainQuantization:1]]
[2020.10.03-20.11.14:193][  0]LogConfig: Setting CVar [[r.LightShaftQuality:1]]
[2020.10.03-20.11.14:193][  0]LogConfig: Setting CVar [[r.Filter.SizeScale:1]]
[2020.10.03-20.11.14:193][  0]LogConfig: Setting CVar [[r.Tonemapper.Quality:5]]
[2020.10.03-20.11.14:193][  0]LogConfig: Setting CVar [[r.DOF.Gather.AccumulatorQuality:1        ; higher gathering accumulator quality]]
[2020.10.03-20.11.14:193][  0]LogConfig: Setting CVar [[r.DOF.Gather.PostfilterMethod:1          ; Median3x3 postfilering method]]
[2020.10.03-20.11.14:193][  0]LogConfig: Setting CVar [[r.DOF.Gather.EnableBokehSettings:0       ; no bokeh simulation when gathering]]
[2020.10.03-20.11.14:193][  0]LogConfig: Setting CVar [[r.DOF.Gather.RingCount:4                 ; medium number of samples when gathering]]
[2020.10.03-20.11.14:193][  0]LogConfig: Setting CVar [[r.DOF.Scatter.ForegroundCompositing:1    ; additive foreground scattering]]
[2020.10.03-20.11.14:193][  0]LogConfig: Setting CVar [[r.DOF.Scatter.BackgroundCompositing:2    ; additive background scattering]]
[2020.10.03-20.11.14:193][  0]LogConfig: Setting CVar [[r.DOF.Scatter.EnableBokehSettings:1      ; bokeh simulation when scattering]]
[2020.10.03-20.11.14:193][  0]LogConfig: Setting CVar [[r.DOF.Scatter.MaxSpriteRatio:0.1         ; only a maximum of 10% of scattered bokeh]]
[2020.10.03-20.11.14:193][  0]LogConfig: Setting CVar [[r.DOF.Recombine.Quality:1                ; cheap slight out of focus]]
[2020.10.03-20.11.14:193][  0]LogConfig: Setting CVar [[r.DOF.Recombine.EnableBokehSettings:0    ; no bokeh simulation on slight out of focus]]
[2020.10.03-20.11.14:193][  0]LogConfig: Setting CVar [[r.DOF.TemporalAAQuality:1                ; more stable temporal accumulation]]
[2020.10.03-20.11.14:193][  0]LogConfig: Setting CVar [[r.DOF.Kernel.MaxForegroundRadius:0.025]]
[2020.10.03-20.11.14:193][  0]LogConfig: Setting CVar [[r.DOF.Kernel.MaxBackgroundRadius:0.025]]
[2020.10.03-20.11.14:193][  0]LogConfig: Applying CVar settings from Section [TextureQuality@3] File [C:/Users/Thomas/Documents/GitHub/GVSCVRProject/Project/Saved/Config/Windows/Scalability.ini]
[2020.10.03-20.11.14:193][  0]LogConfig: Setting CVar [[r.Streaming.MipBias:0]]
[2020.10.03-20.11.14:193][  0]LogConfig: Setting CVar [[r.Streaming.AmortizeCPUToGPUCopy:0]]
[2020.10.03-20.11.14:193][  0]LogConfig: Setting CVar [[r.Streaming.MaxNumTexturesToStreamPerFrame:0]]
[2020.10.03-20.11.14:193][  0]LogConfig: Setting CVar [[r.Streaming.Boost:1]]
[2020.10.03-20.11.14:193][  0]LogConfig: Setting CVar [[r.MaxAnisotropy:8]]
[2020.10.03-20.11.14:193][  0]LogConfig: Setting CVar [[r.VT.MaxAnisotropy:8]]
[2020.10.03-20.11.14:193][  0]LogConfig: Setting CVar [[r.Streaming.LimitPoolSizeToVRAM:0]]
[2020.10.03-20.11.14:193][  0]LogConfig: Setting CVar [[r.Streaming.PoolSize:1000]]
[2020.10.03-20.11.14:193][  0]LogConfig: Setting CVar [[r.Streaming.MaxEffectiveScreenSize:0]]
[2020.10.03-20.11.14:193][  0]LogConfig: Applying CVar settings from Section [EffectsQuality@3] File [C:/Users/Thomas/Documents/GitHub/GVSCVRProject/Project/Saved/Config/Windows/Scalability.ini]
[2020.10.03-20.11.14:193][  0]LogConfig: Setting CVar [[r.TranslucencyLightingVolumeDim:64]]
[2020.10.03-20.11.14:194][  0]LogConfig: Setting CVar [[r.RefractionQuality:2]]
[2020.10.03-20.11.14:194][  0]LogConfig: Setting CVar [[r.SSR.Quality:3]]
[2020.10.03-20.11.14:194][  0]LogConfig: Setting CVar [[r.SSR.HalfResSceneColor:0]]
[2020.10.03-20.11.14:194][  0]LogConfig: Setting CVar [[r.SceneColorFormat:4]]
[2020.10.03-20.11.14:194][  0]LogConfig: Setting CVar [[r.DetailMode:2]]
[2020.10.03-20.11.14:194][  0]LogConfig: Setting CVar [[r.TranslucencyVolumeBlur:1]]
[2020.10.03-20.11.14:194][  0]LogConfig: Setting CVar [[r.MaterialQualityLevel:1 ; High quality]]
[2020.10.03-20.11.14:194][  0]LogConfig: Setting CVar [[r.SSS.Scale:1]]
[2020.10.03-20.11.14:194][  0]LogConfig: Setting CVar [[r.SSS.SampleSet:2]]
[2020.10.03-20.11.14:194][  0]LogConfig: Setting CVar [[r.SSS.Quality:1]]
[2020.10.03-20.11.14:194][  0]LogConfig: Setting CVar [[r.SSS.HalfRes:0]]
[2020.10.03-20.11.14:194][  0]LogConfig: Setting CVar [[r.SSGI.Quality:3]]
[2020.10.03-20.11.14:194][  0]LogConfig: Setting CVar [[r.EmitterSpawnRateScale:1.0]]
[2020.10.03-20.11.14:194][  0]LogConfig: Setting CVar [[r.ParticleLightQuality:2]]
[2020.10.03-20.11.14:194][  0]LogConfig: Setting CVar [[r.SkyAtmosphere.AerialPerspectiveLUT.FastApplyOnOpaque:1 ; Always have FastSkyLUT 1 in this case to avoid wrong sky]]
[2020.10.03-20.11.14:194][  0]LogConfig: Setting CVar [[r.SkyAtmosphere.AerialPerspectiveLUT.SampleCountPerSlice:1]]
[2020.10.03-20.11.14:194][  0]LogConfig: Setting CVar [[r.SkyAtmosphere.AerialPerspectiveLUT.DepthResolution:16.0]]
[2020.10.03-20.11.14:194][  0]LogConfig: Setting CVar [[r.SkyAtmosphere.FastSkyLUT:1]]
[2020.10.03-20.11.14:194][  0]LogConfig: Setting CVar [[r.SkyAtmosphere.FastSkyLUT.SampleCountMin:4.0]]
[2020.10.03-20.11.14:194][  0]LogConfig: Setting CVar [[r.SkyAtmosphere.FastSkyLUT.SampleCountMax:32.0]]
[2020.10.03-20.11.14:194][  0]LogConfig: Setting CVar [[r.SkyAtmosphere.SampleCountMin:4.0]]
[2020.10.03-20.11.14:194][  0]LogConfig: Setting CVar [[r.SkyAtmosphere.SampleCountMax:32.0]]
[2020.10.03-20.11.14:194][  0]LogConfig: Setting CVar [[r.SkyAtmosphere.TransmittanceLUT.UseSmallFormat:0]]
[2020.10.03-20.11.14:194][  0]LogConfig: Setting CVar [[r.SkyAtmosphere.TransmittanceLUT.SampleCount:10.0]]
[2020.10.03-20.11.14:194][  0]LogConfig: Setting CVar [[r.SkyAtmosphere.MultiScatteringLUT.SampleCount:15.0]]
[2020.10.03-20.11.14:194][  0]LogConfig: Applying CVar settings from Section [FoliageQuality@3] File [C:/Users/Thomas/Documents/GitHub/GVSCVRProject/Project/Saved/Config/Windows/Scalability.ini]
[2020.10.03-20.11.14:194][  0]LogConfig: Setting CVar [[foliage.DensityScale:1.0]]
[2020.10.03-20.11.14:194][  0]LogConfig: Setting CVar [[grass.DensityScale:1.0]]
[2020.10.03-20.11.14:194][  0]LogConfig: Applying CVar settings from Section [ShadingQuality@3] File [C:/Users/Thomas/Documents/GitHub/GVSCVRProject/Project/Saved/Config/Windows/Scalability.ini]
[2020.10.03-20.11.14:194][  0]LogConfig: Setting CVar [[r.HairStrands.SkyLighting.SampleCount:16]]
[2020.10.03-20.11.14:194][  0]LogConfig: Setting CVar [[r.HairStrands.SkyLighting.JitterIntegration:0]]
[2020.10.03-20.11.14:194][  0]LogConfig: Setting CVar [[r.HairStrands.SkyAO.SampleCount:16]]
[2020.10.03-20.11.14:194][  0]LogConfig: Setting CVar [[r.HairStrands.DeepShadow.SuperSampling:0]]
[2020.10.03-20.11.14:194][  0]LogConfig: Setting CVar [[r.HairStrands.VisibilityPPLL:0]]
[2020.10.03-20.11.14:194][  0]LogConfig: Setting CVar [[r.HairStrands.RasterizationScale:0.5]]
[2020.10.03-20.11.14:194][  0]LogConfig: Setting CVar [[r.HairStrands.VelocityRasterizationScale:1]]
[2020.10.03-20.11.14:194][  0]LogConfig: Applying CVar settings from Section [Startup] File [../../../Engine/Config/ConsoleVariables.ini]
[2020.10.03-20.11.14:194][  0]LogConfig: Setting CVar [[net.UseAdaptiveNetUpdateFrequency:0]]
[2020.10.03-20.11.14:194][  0]LogConfig: Setting CVar [[p.chaos.AllowCreatePhysxBodies:1]]
[2020.10.03-20.11.14:194][  0]LogConfig: Setting CVar [[fx.SkipVectorVMBackendOptimizations:1]]
[2020.10.03-20.11.14:194][  0]LogConfig: Applying CVar settings from Section [ConsoleVariables] File [C:/Users/Thomas/Documents/GitHub/GVSCVRProject/Project/Saved/Config/Windows/Engine.ini]
[2020.10.03-20.11.14:194][  0]LogInit: Computer: LAPTOP-IKJ0O4F0
[2020.10.03-20.11.14:194][  0]LogInit: User: Thomas
[2020.10.03-20.11.14:194][  0]LogInit: CPU Page size=4096, Cores=4
[2020.10.03-20.11.14:194][  0]LogInit: High frequency timer resolution =10.000000 MHz
[2020.10.03-20.11.14:195][  0]LogMemory: Memory total: Physical=15.9GB (16GB approx)
[2020.10.03-20.11.14:195][  0]LogMemory: Platform Memory Stats for Windows
[2020.10.03-20.11.14:195][  0]LogMemory: Process Physical Memory: 113.51 MB used, 113.52 MB peak
[2020.10.03-20.11.14:195][  0]LogMemory: Process Virtual Memory: 96.24 MB used, 96.24 MB peak
[2020.10.03-20.11.14:195][  0]LogMemory: Physical Memory: 9168.01 MB used,  7091.15 MB free, 16259.16 MB total
[2020.10.03-20.11.14:195][  0]LogMemory: Virtual Memory: 5143.14 MB used,  134212584.00 MB free, 134217728.00 MB total
[2020.10.03-20.11.14:203][  0]LogWindows: WindowsPlatformFeatures enabled
[2020.10.03-20.11.14:259][  0]LogInit: Physics initialised using underlying interface: PhysX
[2020.10.03-20.11.14:260][  0]LogInit: Using OS detected language (en-US).
[2020.10.03-20.11.14:260][  0]LogInit: Using OS detected locale (en-US).
[2020.10.03-20.11.14:262][  0]LogTextLocalizationManager: No specific localization for 'en-US' exists, so the 'en' localization will be used.
[2020.10.03-20.11.14:510][  0]LogInit: Setting process to per monitor DPI aware
[2020.10.03-20.11.14:575][  0]LogSlate: New Slate User Created.  User Index 0, Is Virtual User: 0
[2020.10.03-20.11.14:575][  0]LogSlate: Slate User Registered.  User Index 0, Is Virtual User: 0
[2020.10.03-20.11.14:764][  0]LogHMD: Failed to initialize OpenVR with code 110
[2020.10.03-20.11.14:764][  0]LogD3D11RHI: D3D11 min allowed feature level: 11_0
[2020.10.03-20.11.14:764][  0]LogD3D11RHI: D3D11 max allowed feature level: 11_0
[2020.10.03-20.11.14:764][  0]LogD3D11RHI: D3D11 adapters:
[2020.10.03-20.11.14:845][  0]LogD3D11RHI:    0. 'NVIDIA GeForce GTX 1050 Ti' (Feature Level 11_0)
[2020.10.03-20.11.14:845][  0]LogD3D11RHI:       4021/0/8129 MB DedicatedVideo/DedicatedSystem/SharedSystem, Outputs:2, VendorId:0x10de
[2020.10.03-20.11.14:861][  0]LogD3D11RHI:    1. 'Intel(R) HD Graphics 630' (Feature Level 11_0)
[2020.10.03-20.11.14:861][  0]LogD3D11RHI:       128/0/8129 MB DedicatedVideo/DedicatedSystem/SharedSystem, Outputs:0, VendorId:0x8086
[2020.10.03-20.11.14:865][  0]LogD3D11RHI:    2. 'Microsoft Basic Render Driver' (Feature Level 11_0)
[2020.10.03-20.11.14:865][  0]LogD3D11RHI:       0/0/8129 MB DedicatedVideo/DedicatedSystem/SharedSystem, Outputs:0, VendorId:0x1414
[2020.10.03-20.11.14:865][  0]LogD3D11RHI: Chosen D3D11 Adapter: 0
[2020.10.03-20.11.14:917][  0]LogD3D11RHI: Creating new Direct3DDevice
[2020.10.03-20.11.14:917][  0]LogD3D11RHI:     GPU DeviceId: 0x1c8c (for the marketing name, search the web for "GPU Device Id")
[2020.10.03-20.11.14:917][  0]LogWindows: EnumDisplayDevices:
[2020.10.03-20.11.14:917][  0]LogWindows:    0. 'Intel(R) HD Graphics 630' (P:1 D:1)
[2020.10.03-20.11.14:918][  0]LogWindows:    1. 'Intel(R) HD Graphics 630' (P:0 D:1)
[2020.10.03-20.11.14:918][  0]LogWindows:    2. 'Intel(R) HD Graphics 630' (P:0 D:0)
[2020.10.03-20.11.14:919][  0]LogWindows: DebugString: PrimaryIsNotTheChoosenAdapter PrimaryIsNotTheChoosenAdapter PrimaryIsNotTheChoosenAdapter FoundDriverCount:0 
[2020.10.03-20.11.14:919][  0]LogD3D11RHI:     Adapter Name: NVIDIA GeForce GTX 1050 Ti
[2020.10.03-20.11.14:919][  0]LogD3D11RHI:   Driver Version: Unknown (internal:Unknown, unified:Unknown)
[2020.10.03-20.11.14:919][  0]LogD3D11RHI:      Driver Date: Unknown
[2020.10.03-20.11.14:919][  0]LogRHI: Texture pool is 2814 MB (70% of 4021 MB)
[2020.10.03-20.11.14:970][  0]LogD3D11RHI: RHI has support for 64 bit atomics
[2020.10.03-20.11.14:972][  0]LogD3D11RHI: [Aftermath] Enabled and primed
[2020.10.03-20.11.14:972][  0]LogD3D11RHI: Async texture creation enabled
[2020.10.03-20.11.14:972][  0]LogD3D11RHI: Array index from any shader is supported
[2020.10.03-20.11.14:993][  0]LogD3D11RHI: GPU Timing Frequency: 1000.000000 (Debug: 2 1)
[2020.10.03-20.11.15:390][  0]LogTargetPlatformManager: Display: Loaded TargetPlatform 'AllDesktop'
[2020.10.03-20.11.15:418][  0]LogTargetPlatformManager: Display: Loaded TargetPlatform 'Android'
[2020.10.03-20.11.15:418][  0]LogTargetPlatformManager: Display: Loaded TargetPlatform 'Android_ASTC'
[2020.10.03-20.11.15:418][  0]LogTargetPlatformManager: Display: Loaded TargetPlatform 'Android_DXT'
[2020.10.03-20.11.15:418][  0]LogTargetPlatformManager: Display: Loaded TargetPlatform 'Android_ETC2'
[2020.10.03-20.11.15:418][  0]LogTargetPlatformManager: Display: Loaded TargetPlatform 'AndroidClient'
[2020.10.03-20.11.15:418][  0]LogTargetPlatformManager: Display: Loaded TargetPlatform 'Android_ASTCClient'
[2020.10.03-20.11.15:418][  0]LogTargetPlatformManager: Display: Loaded TargetPlatform 'Android_DXTClient'
[2020.10.03-20.11.15:418][  0]LogTargetPlatformManager: Display: Loaded TargetPlatform 'Android_ETC2Client'
[2020.10.03-20.11.15:418][  0]LogTargetPlatformManager: Display: Loaded TargetPlatform 'Android_Multi'
[2020.10.03-20.11.15:418][  0]LogTargetPlatformManager: Display: Loaded TargetPlatform 'Android_MultiClient'
[2020.10.03-20.11.15:447][  0]LogTargetPlatformManager: Display: Loaded TargetPlatform 'IOSClient'
[2020.10.03-20.11.15:447][  0]LogTargetPlatformManager: Display: Loaded TargetPlatform 'IOS'
[2020.10.03-20.11.15:459][  0]LogTargetPlatformManager: Display: Loaded TargetPlatform 'Linux'
[2020.10.03-20.11.15:471][  0]LogTargetPlatformManager: Display: Loaded TargetPlatform 'LinuxNoEditor'
[2020.10.03-20.11.15:486][  0]LogTargetPlatformManager: Display: Loaded TargetPlatform 'LinuxClient'
[2020.10.03-20.11.15:496][  0]LogTargetPlatformManager: Display: Loaded TargetPlatform 'LinuxServer'
[2020.10.03-20.11.15:508][  0]LogTargetPlatformManager: Display: Loaded TargetPlatform 'LinuxAArch64NoEditor'
[2020.10.03-20.11.15:521][  0]LogTargetPlatformManager: Display: Loaded TargetPlatform 'LinuxAArch64Client'
[2020.10.03-20.11.15:535][  0]LogTargetPlatformManager: Display: Loaded TargetPlatform 'LinuxAArch64Server'
[2020.10.03-20.11.15:566][  0]LogTargetPlatformManager: Display: Loaded TargetPlatform 'Lumin'
[2020.10.03-20.11.15:566][  0]LogTargetPlatformManager: Display: Loaded TargetPlatform 'LuminClient'
[2020.10.03-20.11.15:590][  0]LogTargetPlatformManager: Display: Loaded TargetPlatform 'TVOSClient'
[2020.10.03-20.11.15:590][  0]LogTargetPlatformManager: Display: Loaded TargetPlatform 'TVOS'
[2020.10.03-20.11.15:604][  0]LogTargetPlatformManager: Display: Loaded TargetPlatform 'WindowsNoEditor'
[2020.10.03-20.11.15:616][  0]LogTargetPlatformManager: Display: Loaded TargetPlatform 'Windows'
[2020.10.03-20.11.15:627][  0]LogTargetPlatformManager: Display: Loaded TargetPlatform 'WindowsClient'
[2020.10.03-20.11.15:641][  0]LogTargetPlatformManager: Display: Loaded TargetPlatform 'WindowsServer'
[2020.10.03-20.11.15:641][  0]LogTargetPlatformManager: Display: Building Assets For Windows
[2020.10.03-20.11.15:656][  0]LogAudioDebug: Display: Lib vorbis DLL was dynamically loaded.
[2020.10.03-20.11.15:740][  0]LogShaderCompilers: Guid format shader working directory is -8 characters bigger than the processId version (C:/Users/Thomas/Documents/GitHub/GVSCVRProject/Project/Intermediate/Shaders/WorkingDirectory/41492/).
[2020.10.03-20.11.15:741][  0]LogShaderCompilers: Cleaned the shader compiler working directory 'C:/Users/Thomas/AppData/Local/Temp/UnrealShaderWorkingDir/0CBAE95D486C57C89CCA5786F2201309/'.
[2020.10.03-20.11.15:741][  0]LogXGEController: Cannot use XGE Controller as Incredibuild is not installed on this machine.
[2020.10.03-20.11.15:741][  0]LogShaderCompilers: Cannot use XGE Shader Compiler as Incredibuild is not installed on this machine.
[2020.10.03-20.11.15:741][  0]LogShaderCompilers: Display: Using Local Shader Compiler.
[2020.10.03-20.11.16:709][  0]LogDerivedDataCache: Display: Max Cache Size: 512 MB
[2020.10.03-20.11.16:779][  0]LogDerivedDataCache: Loaded boot cache 0.07s 75MB C:/Users/Thomas/AppData/Local/UnrealEngine/4.25/DerivedDataCache/Boot.ddc.
[2020.10.03-20.11.16:779][  0]LogDerivedDataCache: Display: Loaded Boot cache: C:/Users/Thomas/AppData/Local/UnrealEngine/4.25/DerivedDataCache/Boot.ddc
[2020.10.03-20.11.16:779][  0]LogDerivedDataCache: FDerivedDataBackendGraph:  Pak pak cache file C:/Users/Thomas/Documents/GitHub/GVSCVRProject/Project/DerivedDataCache/DDC.ddp not found, will not use a pak cache.
[2020.10.03-20.11.16:779][  0]LogDerivedDataCache: Unable to find inner node Pak for hierarchical cache Hierarchy.
[2020.10.03-20.11.16:779][  0]LogDerivedDataCache: FDerivedDataBackendGraph:  CompressedPak pak cache file C:/Users/Thomas/Documents/GitHub/GVSCVRProject/Project/DerivedDataCache/Compressed.ddp not found, will not use a pak cache.
[2020.10.03-20.11.16:779][  0]LogDerivedDataCache: Unable to find inner node CompressedPak for hierarchical cache Hierarchy.
[2020.10.03-20.11.16:794][  0]LogDerivedDataCache: Display: Pak cache opened for reading ../../../Engine/DerivedDataCache/Compressed.ddp.
[2020.10.03-20.11.16:794][  0]LogDerivedDataCache: FDerivedDataBackendGraph:  EnterprisePak pak cache file ../../../Enterprise/DerivedDataCache/Compressed.ddp not found, will not use a pak cache.
[2020.10.03-20.11.16:794][  0]LogDerivedDataCache: Unable to find inner node EnterprisePak for hierarchical cache Hierarchy.
[2020.10.03-20.11.16:796][  0]LogDerivedDataCache: Using Local data cache path C:/Users/Thomas/AppData/Local/UnrealEngine/Common/DerivedDataCache: Writable
[2020.10.03-20.11.16:796][  0]LogDerivedDataCache: Shared data cache path not found in *engine.ini, will not use an Shared cache.
[2020.10.03-20.11.16:796][  0]LogDerivedDataCache: Unable to find inner node Shared for hierarchical cache Hierarchy.
[2020.10.03-20.11.16:872][  0]LogSlate: Using FreeType 2.10.0
[2020.10.03-20.11.16:873][  0]LogSlate: SlateFontServices - WITH_FREETYPE: 1, WITH_HARFBUZZ: 1
[2020.10.03-20.11.16:900][  0]LogAssetRegistry: FAssetRegistry took 0.0029 seconds to start up
[2020.10.03-20.11.17:177][  0]LogInit: Selected Device Profile: [Windows]
[2020.10.03-20.11.17:333][  0]LogMeshReduction: Using QuadricMeshReduction for automatic static mesh reduction
[2020.10.03-20.11.17:333][  0]LogMeshReduction: Using SimplygonMeshReduction for automatic skeletal mesh reduction
[2020.10.03-20.11.17:333][  0]LogMeshReduction: Using ProxyLODMeshReduction for automatic mesh merging
[2020.10.03-20.11.17:333][  0]LogMeshReduction: No distributed automatic mesh merging module available
[2020.10.03-20.11.17:333][  0]LogMeshMerging: No distributed automatic mesh merging module available
[2020.10.03-20.11.17:353][  0]LogNetVersion: Project 1.0.0, NetCL: 13144385, EngineNetVer: 14, GameNetVer: 0 (Checksum: 289691133)
[2020.10.03-20.11.17:826][  0]LogAISub: UAISubsystem::UAISubsystem AISubsystem (000001F4F1D33880), frame # 0
[2020.10.03-20.11.17:826][  0]LogAISub: UAISubsystem::UAISubsystem AIPerceptionSystem (000001F4F1D2EAC0), frame # 0
[2020.10.03-20.11.17:827][  0]LogAISub: UAISubsystem::UAISubsystem EnvQueryManager (000001F4F1DA8A00), frame # 0
[2020.10.03-20.11.17:905][  0]LogPackageLocalizationCache: Processed 19 localized package path(s) for 1 prioritized culture(s) in 0.071198 seconds
[2020.10.03-20.11.17:911][  0]LogUObjectArray: 15917 objects as part of root set at end of initial load.
[2020.10.03-20.11.17:911][  0]LogUObjectAllocator: 3965568 out of 0 bytes used by permanent object pool.
[2020.10.03-20.11.17:911][  0]LogUObjectArray: CloseDisregardForGC: 0/0 objects in disregard for GC pool
[2020.10.03-20.11.18:551][  0]LogTcpMessaging: Initializing TcpMessaging bridge
[2020.10.03-20.11.18:556][  0]LogUdpMessaging: Initializing bridge on interface 0.0.0.0:0 to multicast group 230.0.0.1:6666.
[2020.10.03-20.11.18:661][  0]SourceControl: Source control is disabled
[2020.10.03-20.11.18:661][  0]SourceControl: Source control is disabled
[2020.10.03-20.11.18:665][  0]SourceControl: Source control is disabled
[2020.10.03-20.11.18:669][  0]SourceControl: Source control is disabled
[2020.10.03-20.11.18:677][  0]SourceControl: Source control is disabled
[2020.10.03-20.11.18:988][  0]LogAndroidPermission: UAndroidPermissionCallbackProxy::GetInstance
[2020.10.03-20.11.19:016][  0]LogAudioCaptureCore: Display: No Audio Capture implementations found. Audio input will be silent.
[2020.10.03-20.11.19:017][  0]LogAudioCaptureCore: Display: No Audio Capture implementations found. Audio input will be silent.
[2020.10.03-20.11.19:080][  0]LogOcInput: OculusInput pre-init called
[2020.10.03-20.11.19:092][  0]LogWindows: Failed to load 'OVRPlugin.dll' (GetLastError=126)
[2020.10.03-20.11.19:092][  0]LogWindows: File 'OVRPlugin.dll' does not exist
[2020.10.03-20.11.19:171][  0]LogEngine: Initializing Engine...
[2020.10.03-20.11.19:173][  0]LogHMD: Failed to initialize OpenVR with code 110
[2020.10.03-20.11.19:173][  0]LogMagicLeap: Warning: VR disabled because ZI is not enabled.  To enable, in the editor, Edit -> Project Settings -> Plugins -> Magic Leap Plugin -> Enable Zero Iteration
[2020.10.03-20.11.19:174][  0]LogStats: UGameplayTagsManager::InitializeManager -  0.000 s
[2020.10.03-20.11.19:303][  0]LogInit: Initializing FReadOnlyCVARCache
[2020.10.03-20.11.19:314][  0]LogAIModule: Creating AISystem for world Untitled
[2020.10.03-20.11.19:314][  0]LogAISub: UAISubsystem::UAISubsystem EnvQueryManager (000001F4F3B65C00), frame # 0
[2020.10.03-20.11.19:314][  0]LogAISub: UAISubsystem::UAISubsystem AIPerceptionSystem (000001F4F3B3FB00), frame # 0
[2020.10.03-20.11.19:395][  0]LogAudioMixer: Display: Audio Mixer Platform Settings:
[2020.10.03-20.11.19:395][  0]LogAudioMixer: Display: 	Sample Rate:						  48000
[2020.10.03-20.11.19:395][  0]LogAudioMixer: Display: 	Callback Buffer Frame Size Requested: 1024
[2020.10.03-20.11.19:395][  0]LogAudioMixer: Display: 	Callback Buffer Frame Size To Use:	  1024
[2020.10.03-20.11.19:395][  0]LogAudioMixer: Display: 	Number of buffers to queue:			  2
[2020.10.03-20.11.19:395][  0]LogAudioMixer: Display: 	Max Channels (voices):				  32
[2020.10.03-20.11.19:395][  0]LogAudioMixer: Display: 	Number of Async Source Workers:		  0
[2020.10.03-20.11.19:395][  0]LogAudio: Display: AudioDevice MaxSources: 32
[2020.10.03-20.11.19:395][  0]LogAudio: Display: Using built-in audio occlusion.
[2020.10.03-20.11.19:395][  0]LogAudioMixer: Display: Initializing audio mixer.
[2020.10.03-20.11.19:418][  0]LogAudioMixer: Display: 0: FrontLeft
[2020.10.03-20.11.19:418][  0]LogAudioMixer: Display: 1: FrontRight
[2020.10.03-20.11.19:471][  0]LogAudioMixer: Display: Using Audio Device Speakers (Realtek High Definition Audio)
[2020.10.03-20.11.19:474][  0]LogAudioMixer: Display: Initializing Sound Submixes...
[2020.10.03-20.11.19:476][  0]LogAudioMixer: Display: Creating Master Submix 'MasterSubmixDefault'
[2020.10.03-20.11.19:476][  0]LogAudioMixer: Display: Creating Master Submix 'MasterReverbSubmixDefault'
[2020.10.03-20.11.19:477][  0]LogAudioMixer: Display: Creating Master Submix 'MasterEQSubmixDefault'
[2020.10.03-20.11.19:479][  0]LogInit: FAudioDevice initialized.
[2020.10.03-20.11.19:479][  0]LogNetVersion: Set ProjectVersion to 1.0.0.0. Version Checksum will be recalculated on next use.
[2020.10.03-20.11.19:655][  0]LogDerivedDataCache: Saved boot cache 0.18s 75MB C:/Users/Thomas/AppData/Local/UnrealEngine/4.25/DerivedDataCache/Boot.ddc.
[2020.10.03-20.11.19:661][  0]LogInit: Texture streaming: Enabled
[2020.10.03-20.11.20:629][  0]LogEngineSessionManager: EngineSessionManager initialized
[2020.10.03-20.11.20:629][  0]LogEditorSessionSummary: Verbose: Initializing EditorSessionSummaryWriter for editor session tracking
[2020.10.03-20.11.20:631][  0]LogEditorSessionSummary: EditorSessionSummaryWriter initialized
[2020.10.03-20.11.20:695][  0]LogInit: Transaction tracking system initialized
[2020.10.03-20.11.20:726][  0]BlueprintLog: New page: Editor Load
[2020.10.03-20.11.20:825][  0]LocalizationService: Localization service is disabled
[2020.10.03-20.11.21:005][  0]LogCook: Display: Max memory allowance for cook 16384mb min free memory 0mb
[2020.10.03-20.11.21:005][  0]LogCook: Display: Mobile HDR setting 1
[2020.10.03-20.11.21:172][  0]LogFileCache: Scanning file cache for directory 'C:/Users/Thomas/Documents/GitHub/GVSCVRProject/Project/Content/' took 0.01s
[2020.10.03-20.11.21:398][  0]SourceControl: Source control is disabled
[2020.10.03-20.11.21:398][  0]LogUnrealEdMisc: Loading editor; pre map load, took 10.358
[2020.10.03-20.11.21:398][  0]Cmd: MAP LOAD FILE="C:/Users/Thomas/Documents/GitHub/GVSCVRProject/Project/Content/TopDownBP/Maps/TopDownExampleMap.umap" TEMPLATE=0 SHOWPROGRESS=1 FEATURELEVEL=3
[2020.10.03-20.11.21:398][  0]LogEditorServer: Warning: Can't find file 'C:/Users/Thomas/Documents/GitHub/GVSCVRProject/Project/Content/TopDownBP/Maps/TopDownExampleMap.umap'
[2020.10.03-20.11.21:398][  0]Cmd: MAP CHECKDEP NOCLEARLOG
[2020.10.03-20.11.21:398][  0]MapCheck: Map check complete: 0 Error(s), 0 Warning(s), took 0.152ms to complete.
[2020.10.03-20.11.21:398][  0]LogFileHelpers: Loading map 'TopDownExampleMap' took 0.001
[2020.10.03-20.11.21:400][  0]LogUnrealEdMisc: Total Editor Startup Time, took 10.360
[2020.10.03-20.11.21:554][  0]LogSlate: Updating window title bar state: overlay mode, drag disabled, window buttons hidden, title bar hidden
[2020.10.03-20.11.21:565][  0]LogSlate: Updating window title bar state: overlay mode, drag disabled, window buttons hidden, title bar hidden
[2020.10.03-20.11.21:576][  0]LogSlate: Updating window title bar state: overlay mode, drag disabled, window buttons hidden, title bar hidden
[2020.10.03-20.11.21:586][  0]LogSlate: Updating window title bar state: overlay mode, drag disabled, window buttons hidden, title bar hidden
[2020.10.03-20.11.21:595][  0]LogCollectionManager: Loaded 0 collections in 0.001531 seconds
[2020.10.03-20.11.21:612][  0]LogFileCache: Scanning file cache for directory 'C:/Users/Thomas/Documents/GitHub/GVSCVRProject/Project/Saved/Collections/' took 0.00s
[2020.10.03-20.11.21:612][  0]LogFileCache: Scanning file cache for directory 'C:/Users/Thomas/Documents/GitHub/GVSCVRProject/Project/Content/Developers/Thomas/Collections/' took 0.00s
[2020.10.03-20.11.21:613][  0]LogFileCache: Scanning file cache for directory 'C:/Users/Thomas/Documents/GitHub/GVSCVRProject/Project/Content/Collections/' took 0.00s
[2020.10.03-20.11.21:613][  0]LogContentBrowser: Native class hierarchy populated in 0.0117 seconds. Added 3427 classes and 821 folders.
[2020.10.03-20.11.21:616][  0]LogContentBrowser: Native class hierarchy updated for 'WidgetCarousel' in 0.0004 seconds. Added 0 classes and 0 folders.
[2020.10.03-20.11.21:668][  0]LogContentBrowser: Native class hierarchy updated for 'AddContentDialog' in 0.0005 seconds. Added 0 classes and 0 folders.
[2020.10.03-20.11.21:669][  0]LogContentBrowser: Native class hierarchy updated for 'SceneOutliner' in 0.0005 seconds. Added 2 classes and 0 folders.
[2020.10.03-20.11.21:728][  0]LogSlate: Took 0.000193 seconds to synchronously load lazily loaded font '../../../Engine/Content/Slate/Fonts/Roboto-Regular.ttf' (155K)
[2020.10.03-20.11.21:730][  0]LogSlate: Took 0.000269 seconds to synchronously load lazily loaded font '../../../Engine/Content/Slate/Fonts/Roboto-Bold.ttf' (160K)
[2020.10.03-20.11.21:736][  0]LogSlate: Took 0.000172 seconds to synchronously load lazily loaded font '../../../Engine/Content/Editor/Slate/Fonts/FontAwesome.ttf' (139K)
[2020.10.03-20.11.21:817][  0]LogRenderer: Reallocating scene render targets to support 964x432 Format 10 NumSamples 1 (Frame:1).
[2020.10.03-20.11.21:922][  0]LogContentBrowser: Native class hierarchy updated for 'HierarchicalLODOutliner' in 0.0003 seconds. Added 0 classes and 0 folders.
[2020.10.03-20.11.21:923][  0]LogLoad: (Engine Initialization) Total time: 10.88 seconds
[2020.10.03-20.11.21:923][  0]LogLoad: (Engine Initialization) Total Blueprint compile time: 0.00 seconds
[2020.10.03-20.11.21:987][  0]LogAssetRegistry: Asset discovery search completed in 5.0880 seconds
[2020.10.03-20.11.21:994][  0]LogCollectionManager: Fixed up redirectors for 0 collections in 0.000004 seconds (updated 0 objects)
[2020.10.03-20.11.21:996][  0]LogContentStreaming: Texture pool size now 1000 MB
[2020.10.03-20.11.22:012][  0]LogSlate: Took 0.000147 seconds to synchronously load lazily loaded font '../../../Engine/Content/Slate/Fonts/Roboto-Light.ttf' (167K)
[2020.10.03-20.11.30:616][268]LogEditorViewport: Clicking Background
[2020.10.03-20.11.41:162][868]LogSlate: Took 0.000170 seconds to synchronously load lazily loaded font '../../../Engine/Content/Slate/Fonts/Roboto-Light.ttf' (167K)
[2020.10.03-20.11.41:204][868]LogAssetEditorSubsystem: Opening Asset editor for Blueprint /Game/RTS/Blueprints/CameraPawnController.CameraPawnController
[2020.10.03-20.11.41:462][868]LogContentBrowser: Native class hierarchy updated for 'BlueprintGraph' in 0.0009 seconds. Added 125 classes and 0 folders.
[2020.10.03-20.11.42:565][868]LogSlate: Took 0.000170 seconds to synchronously load lazily loaded font '../../../Engine/Content/Slate/Fonts/Roboto-BoldCondensed.ttf' (158K)
[2020.10.03-20.11.45:015][  7]LogSlate: Window 'CameraPawnController' being destroyed
[2020.10.03-20.11.45:025][  8]LogRenderer: Reallocating scene render targets to support 1204x540 Format 10 NumSamples 1 (Frame:921).
[2020.10.03-20.11.55:413][604]Cmd: OBJ SAVEPACKAGE PACKAGE="/Game/RTS/Blueprints/CameraPawnController" FILE="C:/Users/Thomas/Documents/GitHub/GVSCVRProject/Project/Content/RTS/Blueprints/CameraPawnController.uasset" SILENT=true
[2020.10.03-20.11.55:433][604]LogSavePackage: Moving 'C:/Users/Thomas/Documents/GitHub/GVSCVRProject/Project/Saved/CameraPawnControllerE9E7B8DF49B682CF7A753C93B17F0A82.tmp' to 'C:/Users/Thomas/Documents/GitHub/GVSCVRProject/Project/Content/RTS/Blueprints/CameraPawnController.uasset'
[2020.10.03-20.11.55:458][604]AssetCheck: New page: Asset Save: CameraPawnController
[2020.10.03-20.11.55:458][604]LogContentValidation: Display: Validating Blueprint /Game/RTS/Blueprints/CameraPawnController.CameraPawnController
[2020.10.03-20.11.56:305][655]BlueprintLog: New page: Compile CameraPawnController
[2020.10.03-20.11.56:344][655]LogUObjectHash: Compacting FUObjectHashTables data took   2.34ms
[2020.10.03-20.11.56:381][655]LogSlate: Took 0.008180 seconds to synchronously load lazily loaded font '../../../Engine/Content/Slate/Fonts/DroidSansMono.ttf' (77K)
[2020.10.03-20.11.57:144][696]Cmd: OBJ SAVEPACKAGE PACKAGE="/Game/RTS/Blueprints/CameraPawnController" FILE="C:/Users/Thomas/Documents/GitHub/GVSCVRProject/Project/Content/RTS/Blueprints/CameraPawnController.uasset" SILENT=true
[2020.10.03-20.11.57:157][696]LogSavePackage: Moving 'C:/Users/Thomas/Documents/GitHub/GVSCVRProject/Project/Saved/CameraPawnController489E1E7640AAF58678C7A0A483C62AC5.tmp' to 'C:/Users/Thomas/Documents/GitHub/GVSCVRProject/Project/Content/RTS/Blueprints/CameraPawnController.uasset'
[2020.10.03-20.11.57:173][696]AssetCheck: New page: Asset Save: CameraPawnController
[2020.10.03-20.11.57:173][696]LogContentValidation: Display: Validating Blueprint /Game/RTS/Blueprints/CameraPawnController.CameraPawnController
[2020.10.03-20.12.09:871][433]Cmd: OBJ SAVEPACKAGE PACKAGE="/Game/RTS/Blueprints/CameraPawnController" FILE="C:/Users/Thomas/Documents/GitHub/GVSCVRProject/Project/Content/RTS/Blueprints/CameraPawnController.uasset" SILENT=true
[2020.10.03-20.12.09:885][433]LogSavePackage: Moving 'C:/Users/Thomas/Documents/GitHub/GVSCVRProject/Project/Saved/CameraPawnControllerD54E7F82459A282211CA52A4C9F3F556.tmp' to 'C:/Users/Thomas/Documents/GitHub/GVSCVRProject/Project/Content/RTS/Blueprints/CameraPawnController.uasset'
[2020.10.03-20.12.09:903][433]AssetCheck: New page: Asset Save: CameraPawnController
[2020.10.03-20.12.09:903][433]LogContentValidation: Display: Validating Blueprint /Game/RTS/Blueprints/CameraPawnController.CameraPawnController
[2020.10.03-20.12.15:528][747]BlueprintLog: New page: Compile CameraPawnController
[2020.10.03-20.12.15:561][747]LogUObjectHash: Compacting FUObjectHashTables data took   2.63ms
[2020.10.03-20.12.16:203][783]Cmd: OBJ SAVEPACKAGE PACKAGE="/Game/RTS/Blueprints/CameraPawnController" FILE="C:/Users/Thomas/Documents/GitHub/GVSCVRProject/Project/Content/RTS/Blueprints/CameraPawnController.uasset" SILENT=true
[2020.10.03-20.12.16:218][783]LogSavePackage: Moving 'C:/Users/Thomas/Documents/GitHub/GVSCVRProject/Project/Saved/CameraPawnController242AD2604BDAAC80757E57BD830A4877.tmp' to 'C:/Users/Thomas/Documents/GitHub/GVSCVRProject/Project/Content/RTS/Blueprints/CameraPawnController.uasset'
[2020.10.03-20.12.16:247][783]AssetCheck: New page: Asset Save: CameraPawnController
[2020.10.03-20.12.16:247][783]LogContentValidation: Display: Validating Blueprint /Game/RTS/Blueprints/CameraPawnController.CameraPawnController
[2020.10.03-20.12.44:314][351]LogSlate: Took 0.000351 seconds to synchronously load lazily loaded font '../../../Engine/Content/Slate/Fonts/Roboto-BoldCondensedItalic.ttf' (160K)
[2020.10.03-20.13.06:200][645]LogSlate: Took 0.000144 seconds to synchronously load lazily loaded font '../../../Engine/Content/Slate/Fonts/Roboto-Italic.ttf' (157K)
[2020.10.03-20.13.06:937][682]Cmd: OBJ SAVEPACKAGE PACKAGE="/Game/RTS/Blueprints/CameraPawnController" FILE="C:/Users/Thomas/Documents/GitHub/GVSCVRProject/Project/Content/RTS/Blueprints/CameraPawnController.uasset" SILENT=true
[2020.10.03-20.13.06:953][682]LogSavePackage: Moving 'C:/Users/Thomas/Documents/GitHub/GVSCVRProject/Project/Saved/CameraPawnController490A01A54D8E95FDB75D13ACC0B8B8E1.tmp' to 'C:/Users/Thomas/Documents/GitHub/GVSCVRProject/Project/Content/RTS/Blueprints/CameraPawnController.uasset'
[2020.10.03-20.13.06:968][682]AssetCheck: New page: Asset Save: CameraPawnController
[2020.10.03-20.13.06:968][682]LogContentValidation: Display: Validating Blueprint /Game/RTS/Blueprints/CameraPawnController.CameraPawnController
[2020.10.03-20.13.16:215][232]Cmd: OBJ SAVEPACKAGE PACKAGE="/Game/RTS/Blueprints/CameraPawnController" FILE="C:/Users/Thomas/Documents/GitHub/GVSCVRProject/Project/Content/RTS/Blueprints/CameraPawnController.uasset" SILENT=true
[2020.10.03-20.13.16:230][232]LogSavePackage: Moving 'C:/Users/Thomas/Documents/GitHub/GVSCVRProject/Project/Saved/CameraPawnController6C21E2A64FD6C26D0463A393342AF6DE.tmp' to 'C:/Users/Thomas/Documents/GitHub/GVSCVRProject/Project/Content/RTS/Blueprints/CameraPawnController.uasset'
[2020.10.03-20.13.16:243][232]AssetCheck: New page: Asset Save: CameraPawnController
[2020.10.03-20.13.16:243][232]LogContentValidation: Display: Validating Blueprint /Game/RTS/Blueprints/CameraPawnController.CameraPawnController
[2020.10.03-20.14.45:097][692]BlueprintLog: New page: Compile CameraPawnController
[2020.10.03-20.14.45:130][692]LogUObjectHash: Compacting FUObjectHashTables data took   2.48ms
[2020.10.03-20.16.48:754][570]BlueprintLog: New page: Compile CameraPawnController
[2020.10.03-20.16.48:791][570]LogUObjectHash: Compacting FUObjectHashTables data took   2.79ms
[2020.10.03-20.16.49:294][596]Cmd: OBJ SAVEPACKAGE PACKAGE="/Game/RTS/Blueprints/CameraPawnController" FILE="C:/Users/Thomas/Documents/GitHub/GVSCVRProject/Project/Content/RTS/Blueprints/CameraPawnController.uasset" SILENT=true
[2020.10.03-20.16.49:313][596]LogSavePackage: Moving 'C:/Users/Thomas/Documents/GitHub/GVSCVRProject/Project/Saved/CameraPawnController07DE4E2C47FEBD48B26E2DA9203B6B5C.tmp' to 'C:/Users/Thomas/Documents/GitHub/GVSCVRProject/Project/Content/RTS/Blueprints/CameraPawnController.uasset'
[2020.10.03-20.16.49:330][596]AssetCheck: New page: Asset Save: CameraPawnController
[2020.10.03-20.16.49:330][596]LogContentValidation: Display: Validating Blueprint /Game/RTS/Blueprints/CameraPawnController.CameraPawnController
[2020.10.03-20.16.59:899][ 70]BlueprintLog: New page: Compile CameraPawnController
[2020.10.03-20.16.59:930][ 70]LogUObjectHash: Compacting FUObjectHashTables data took   2.17ms
[2020.10.03-20.17.01:009][131]Cmd: OBJ SAVEPACKAGE PACKAGE="/Game/RTS/Blueprints/CameraPawnController" FILE="C:/Users/Thomas/Documents/GitHub/GVSCVRProject/Project/Content/RTS/Blueprints/CameraPawnController.uasset" SILENT=true
[2020.10.03-20.17.01:043][131]LogSavePackage: Moving 'C:/Users/Thomas/Documents/GitHub/GVSCVRProject/Project/Saved/CameraPawnController5C36B41F47E22A6D6D739EA337A5E274.tmp' to 'C:/Users/Thomas/Documents/GitHub/GVSCVRProject/Project/Content/RTS/Blueprints/CameraPawnController.uasset'
[2020.10.03-20.17.01:065][131]AssetCheck: New page: Asset Save: CameraPawnController
[2020.10.03-20.17.01:065][131]LogContentValidation: Display: Validating Blueprint /Game/RTS/Blueprints/CameraPawnController.CameraPawnController
[2020.10.03-20.17.18:385][162]Cmd: OBJ SAVEPACKAGE PACKAGE="/Game/RTS/Blueprints/CameraPawnController" FILE="C:/Users/Thomas/Documents/GitHub/GVSCVRProject/Project/Content/RTS/Blueprints/CameraPawnController.uasset" SILENT=true
[2020.10.03-20.17.18:410][162]LogSavePackage: Moving 'C:/Users/Thomas/Documents/GitHub/GVSCVRProject/Project/Saved/CameraPawnController1A0CDE854EB5C858AAE0AB9D016083E5.tmp' to 'C:/Users/Thomas/Documents/GitHub/GVSCVRProject/Project/Content/RTS/Blueprints/CameraPawnController.uasset'
[2020.10.03-20.17.18:442][162]AssetCheck: New page: Asset Save: CameraPawnController
[2020.10.03-20.17.18:442][162]LogContentValidation: Display: Validating Blueprint /Game/RTS/Blueprints/CameraPawnController.CameraPawnController
[2020.10.03-20.18.04:902][887]Cmd: OBJ SAVEPACKAGE PACKAGE="/Game/RTS/Blueprints/CameraPawnController" FILE="C:/Users/Thomas/Documents/GitHub/GVSCVRProject/Project/Content/RTS/Blueprints/CameraPawnController.uasset" SILENT=true
[2020.10.03-20.18.04:924][887]LogSavePackage: Moving 'C:/Users/Thomas/Documents/GitHub/GVSCVRProject/Project/Saved/CameraPawnController0184721644E1254370A57BB361C3FF09.tmp' to 'C:/Users/Thomas/Documents/GitHub/GVSCVRProject/Project/Content/RTS/Blueprints/CameraPawnController.uasset'
[2020.10.03-20.18.04:943][887]AssetCheck: New page: Asset Save: CameraPawnController
[2020.10.03-20.18.04:943][887]LogContentValidation: Display: Validating Blueprint /Game/RTS/Blueprints/CameraPawnController.CameraPawnController
[2020.10.03-20.18.55:489][889]Cmd: OBJ SAVEPACKAGE PACKAGE="/Game/RTS/Blueprints/CameraPawnController" FILE="C:/Users/Thomas/Documents/GitHub/GVSCVRProject/Project/Content/RTS/Blueprints/CameraPawnController.uasset" SILENT=true
[2020.10.03-20.18.55:511][889]LogSavePackage: Moving 'C:/Users/Thomas/Documents/GitHub/GVSCVRProject/Project/Saved/CameraPawnController93924A174F76B562910C0994BBFED167.tmp' to 'C:/Users/Thomas/Documents/GitHub/GVSCVRProject/Project/Content/RTS/Blueprints/CameraPawnController.uasset'
[2020.10.03-20.18.55:531][889]AssetCheck: New page: Asset Save: CameraPawnController
[2020.10.03-20.18.55:531][889]LogContentValidation: Display: Validating Blueprint /Game/RTS/Blueprints/CameraPawnController.CameraPawnController
[2020.10.03-20.19.37:600][230]LogRHI: Error: Present Fail Count 1
[2020.10.03-20.19.37:600][230]LogRHI: Error: SyncInterval 0
[2020.10.03-20.19.37:600][230]LogRHI: Error: SwapChainDesc.BufferDesc.Width 1938
[2020.10.03-20.19.37:600][230]LogRHI: Error: SwapChainDesc.BufferDesc.Height 1048
[2020.10.03-20.19.37:600][230]LogRHI: Error: SwapChainDesc.BufferDesc.RefreshRate.Numerator 0
[2020.10.03-20.19.37:600][230]LogRHI: Error: SwapChainDesc.BufferDesc.RefreshRate.Denominator 0
[2020.10.03-20.19.37:600][230]LogRHI: Error: SwapChainDesc.BufferDesc.Format 24
[2020.10.03-20.19.37:600][230]LogRHI: Error: SwapChainDesc.BufferDesc.ScanlineOrdering 0
[2020.10.03-20.19.37:600][230]LogRHI: Error: SwapChainDesc.BufferDesc.Scaling 0
[2020.10.03-20.19.37:600][230]LogRHI: Error: SwapChainDesc.SampleDesc.Count 1
[2020.10.03-20.19.37:600][230]LogRHI: Error: SwapChainDesc.SampleDesc.Quality 0
[2020.10.03-20.19.37:600][230]LogRHI: Error: SwapChainDesc.BufferUsage 48
[2020.10.03-20.19.37:600][230]LogRHI: Error: SwapChainDesc.BufferCount 2
[2020.10.03-20.19.37:602][230]LogRHI: Error: SwapChainDesc.OutputWindow 0000000000040F06
[2020.10.03-20.19.37:602][230]LogRHI: Error: SwapChainDesc.Windowed true
[2020.10.03-20.19.37:602][230]LogRHI: Error: SwapChainDesc.SwapEffect 4
[2020.10.03-20.19.37:602][230]LogRHI: Error: SwapChainDesc.Flags 2050
[2020.10.03-20.19.40:102][230]LogD3D11RHI: Timed out while waiting for GPU to catch up. (0.5 s) (ErrorCode 00000001)
[2020.10.03-20.19.40:565][233]LogRHI: Error: Present Fail Count 2
[2020.10.03-20.19.40:565][233]LogRHI: Error: SyncInterval 0
[2020.10.03-20.19.40:565][233]LogRHI: Error: SwapChainDesc.BufferDesc.Width 1938
[2020.10.03-20.19.40:565][233]LogRHI: Error: SwapChainDesc.BufferDesc.Height 1048
[2020.10.03-20.19.40:565][233]LogRHI: Error: SwapChainDesc.BufferDesc.RefreshRate.Numerator 0
[2020.10.03-20.19.40:565][233]LogRHI: Error: SwapChainDesc.BufferDesc.RefreshRate.Denominator 0
[2020.10.03-20.19.40:565][233]LogRHI: Error: SwapChainDesc.BufferDesc.Format 24
[2020.10.03-20.19.40:565][233]LogRHI: Error: SwapChainDesc.BufferDesc.ScanlineOrdering 0
[2020.10.03-20.19.40:565][233]LogRHI: Error: SwapChainDesc.BufferDesc.Scaling 0
[2020.10.03-20.19.40:565][233]LogRHI: Error: SwapChainDesc.SampleDesc.Count 1
[2020.10.03-20.19.40:566][233]LogRHI: Error: SwapChainDesc.SampleDesc.Quality 0
[2020.10.03-20.19.40:566][233]LogRHI: Error: SwapChainDesc.BufferUsage 48
[2020.10.03-20.19.40:566][233]LogRHI: Error: SwapChainDesc.BufferCount 2
[2020.10.03-20.19.40:566][233]LogRHI: Error: SwapChainDesc.OutputWindow 0000000000040F06
[2020.10.03-20.19.40:566][233]LogRHI: Error: SwapChainDesc.Windowed true
[2020.10.03-20.19.40:566][233]LogRHI: Error: SwapChainDesc.SwapEffect 4
[2020.10.03-20.19.40:566][233]LogRHI: Error: SwapChainDesc.Flags 2050
[2020.10.03-20.19.40:613][236]LogRHI: Error: Present Fail Count 3
[2020.10.03-20.19.40:613][236]LogRHI: Error: SyncInterval 0
[2020.10.03-20.19.40:613][236]LogRHI: Error: SwapChainDesc.BufferDesc.Width 1938
[2020.10.03-20.19.40:613][236]LogRHI: Error: SwapChainDesc.BufferDesc.Height 1048
[2020.10.03-20.19.40:613][236]LogRHI: Error: SwapChainDesc.BufferDesc.RefreshRate.Numerator 0
[2020.10.03-20.19.40:613][236]LogRHI: Error: SwapChainDesc.BufferDesc.RefreshRate.Denominator 0
[2020.10.03-20.19.40:613][236]LogRHI: Error: SwapChainDesc.BufferDesc.Format 24
[2020.10.03-20.19.40:613][236]LogRHI: Error: SwapChainDesc.BufferDesc.ScanlineOrdering 0
[2020.10.03-20.19.40:613][236]LogRHI: Error: SwapChainDesc.BufferDesc.Scaling 0
[2020.10.03-20.19.40:613][236]LogRHI: Error: SwapChainDesc.SampleDesc.Count 1
[2020.10.03-20.19.40:613][236]LogRHI: Error: SwapChainDesc.SampleDesc.Quality 0
[2020.10.03-20.19.40:613][236]LogRHI: Error: SwapChainDesc.BufferUsage 48
[2020.10.03-20.19.40:613][236]LogRHI: Error: SwapChainDesc.BufferCount 2
[2020.10.03-20.19.40:613][236]LogRHI: Error: SwapChainDesc.OutputWindow 0000000000040F06
[2020.10.03-20.19.40:613][236]LogRHI: Error: SwapChainDesc.Windowed true
[2020.10.03-20.19.40:613][236]LogRHI: Error: SwapChainDesc.SwapEffect 4
[2020.10.03-20.19.40:613][236]LogRHI: Error: SwapChainDesc.Flags 2050
[2020.10.03-20.19.40:664][239]LogRHI: Error: Present Fail Count 4
[2020.10.03-20.19.40:664][239]LogRHI: Error: SyncInterval 0
[2020.10.03-20.19.40:664][239]LogRHI: Error: SwapChainDesc.BufferDesc.Width 1938
[2020.10.03-20.19.40:664][239]LogRHI: Error: SwapChainDesc.BufferDesc.Height 1048
[2020.10.03-20.19.40:664][239]LogRHI: Error: SwapChainDesc.BufferDesc.RefreshRate.Numerator 0
[2020.10.03-20.19.40:664][239]LogRHI: Error: SwapChainDesc.BufferDesc.RefreshRate.Denominator 0
[2020.10.03-20.19.40:664][239]LogRHI: Error: SwapChainDesc.BufferDesc.Format 24
[2020.10.03-20.19.40:664][239]LogRHI: Error: SwapChainDesc.BufferDesc.ScanlineOrdering 0
[2020.10.03-20.19.40:664][239]LogRHI: Error: SwapChainDesc.BufferDesc.Scaling 0
[2020.10.03-20.19.40:664][239]LogRHI: Error: SwapChainDesc.SampleDesc.Count 1
[2020.10.03-20.19.40:664][239]LogRHI: Error: SwapChainDesc.SampleDesc.Quality 0
[2020.10.03-20.19.40:664][239]LogRHI: Error: SwapChainDesc.BufferUsage 48
[2020.10.03-20.19.40:664][239]LogRHI: Error: SwapChainDesc.BufferCount 2
[2020.10.03-20.19.40:664][239]LogRHI: Error: SwapChainDesc.OutputWindow 0000000000040F06
[2020.10.03-20.19.40:664][239]LogRHI: Error: SwapChainDesc.Windowed true
[2020.10.03-20.19.40:664][239]LogRHI: Error: SwapChainDesc.SwapEffect 4
[2020.10.03-20.19.40:664][239]LogRHI: Error: SwapChainDesc.Flags 2050
[2020.10.03-20.19.40:711][242]LogRHI: Error: Present Fail Count 5
[2020.10.03-20.19.40:711][242]LogRHI: Error: SyncInterval 0
[2020.10.03-20.19.40:711][242]LogRHI: Error: SwapChainDesc.BufferDesc.Width 1938
[2020.10.03-20.19.40:711][242]LogRHI: Error: SwapChainDesc.BufferDesc.Height 1048
[2020.10.03-20.19.40:711][242]LogRHI: Error: SwapChainDesc.BufferDesc.RefreshRate.Numerator 0
[2020.10.03-20.19.40:711][242]LogRHI: Error: SwapChainDesc.BufferDesc.RefreshRate.Denominator 0
[2020.10.03-20.19.40:711][242]LogRHI: Error: SwapChainDesc.BufferDesc.Format 24
[2020.10.03-20.19.40:711][242]LogRHI: Error: SwapChainDesc.BufferDesc.ScanlineOrdering 0
[2020.10.03-20.19.40:711][242]LogRHI: Error: SwapChainDesc.BufferDesc.Scaling 0
[2020.10.03-20.19.40:711][242]LogRHI: Error: SwapChainDesc.SampleDesc.Count 1
[2020.10.03-20.19.40:711][242]LogRHI: Error: SwapChainDesc.SampleDesc.Quality 0
[2020.10.03-20.19.40:711][242]LogRHI: Error: SwapChainDesc.BufferUsage 48
[2020.10.03-20.19.40:711][242]LogRHI: Error: SwapChainDesc.BufferCount 2
[2020.10.03-20.19.40:711][242]LogRHI: Error: SwapChainDesc.OutputWindow 0000000000040F06
[2020.10.03-20.19.40:711][242]LogRHI: Error: SwapChainDesc.Windowed true
[2020.10.03-20.19.40:711][242]LogRHI: Error: SwapChainDesc.SwapEffect 4
[2020.10.03-20.19.40:711][242]LogRHI: Error: SwapChainDesc.Flags 2050
[2020.10.03-20.19.40:762][245]LogRHI: Error: Present Fail Count 6
[2020.10.03-20.19.40:762][245]LogRHI: Error: SyncInterval 0
[2020.10.03-20.19.40:762][245]LogRHI: Error: SwapChainDesc.BufferDesc.Width 1938
[2020.10.03-20.19.40:762][245]LogRHI: Error: SwapChainDesc.BufferDesc.Height 1048
[2020.10.03-20.19.40:762][245]LogRHI: Error: SwapChainDesc.BufferDesc.RefreshRate.Numerator 0
[2020.10.03-20.19.40:762][245]LogRHI: Error: SwapChainDesc.BufferDesc.RefreshRate.Denominator 0
[2020.10.03-20.19.40:762][245]LogRHI: Error: SwapChainDesc.BufferDesc.Format 24
[2020.10.03-20.19.40:762][245]LogRHI: Error: SwapChainDesc.BufferDesc.ScanlineOrdering 0
[2020.10.03-20.19.40:762][245]LogRHI: Error: SwapChainDesc.BufferDesc.Scaling 0
[2020.10.03-20.19.40:762][245]LogRHI: Error: SwapChainDesc.SampleDesc.Count 1
[2020.10.03-20.19.40:762][245]LogRHI: Error: SwapChainDesc.SampleDesc.Quality 0
[2020.10.03-20.19.40:762][245]LogRHI: Error: SwapChainDesc.BufferUsage 48
[2020.10.03-20.19.40:762][245]LogRHI: Error: SwapChainDesc.BufferCount 2
[2020.10.03-20.19.40:762][245]LogRHI: Error: SwapChainDesc.OutputWindow 0000000000040F06
[2020.10.03-20.19.40:762][245]LogRHI: Error: SwapChainDesc.Windowed true
[2020.10.03-20.19.40:762][245]LogRHI: Error: SwapChainDesc.SwapEffect 4
[2020.10.03-20.19.40:762][245]LogRHI: Error: SwapChainDesc.Flags 2050
[2020.10.03-20.19.40:812][248]LogRHI: Error: Present Fail Count 7
[2020.10.03-20.19.40:812][248]LogRHI: Error: SyncInterval 0
[2020.10.03-20.19.40:812][248]LogRHI: Error: SwapChainDesc.BufferDesc.Width 1938
[2020.10.03-20.19.40:812][248]LogRHI: Error: SwapChainDesc.BufferDesc.Height 1048
[2020.10.03-20.19.40:812][248]LogRHI: Error: SwapChainDesc.BufferDesc.RefreshRate.Numerator 0
[2020.10.03-20.19.40:812][248]LogRHI: Error: SwapChainDesc.BufferDesc.RefreshRate.Denominator 0
[2020.10.03-20.19.40:812][248]LogRHI: Error: SwapChainDesc.BufferDesc.Format 24
[2020.10.03-20.19.40:812][248]LogRHI: Error: SwapChainDesc.BufferDesc.ScanlineOrdering 0
[2020.10.03-20.19.40:812][248]LogRHI: Error: SwapChainDesc.BufferDesc.Scaling 0
[2020.10.03-20.19.40:812][248]LogRHI: Error: SwapChainDesc.SampleDesc.Count 1
[2020.10.03-20.19.40:812][248]LogRHI: Error: SwapChainDesc.SampleDesc.Quality 0
[2020.10.03-20.19.40:812][248]LogRHI: Error: SwapChainDesc.BufferUsage 48
[2020.10.03-20.19.40:812][248]LogRHI: Error: SwapChainDesc.BufferCount 2
[2020.10.03-20.19.40:812][248]LogRHI: Error: SwapChainDesc.OutputWindow 0000000000040F06
[2020.10.03-20.19.40:813][248]LogRHI: Error: SwapChainDesc.Windowed true
[2020.10.03-20.19.40:813][248]LogRHI: Error: SwapChainDesc.SwapEffect 4
[2020.10.03-20.19.40:813][248]LogRHI: Error: SwapChainDesc.Flags 2050
[2020.10.03-20.19.40:862][251]LogRHI: Error: Present Fail Count 8
[2020.10.03-20.19.40:862][251]LogRHI: Error: SyncInterval 0
[2020.10.03-20.19.40:862][251]LogRHI: Error: SwapChainDesc.BufferDesc.Width 1938
[2020.10.03-20.19.40:862][251]LogRHI: Error: SwapChainDesc.BufferDesc.Height 1048
[2020.10.03-20.19.40:862][251]LogRHI: Error: SwapChainDesc.BufferDesc.RefreshRate.Numerator 0
[2020.10.03-20.19.40:862][251]LogRHI: Error: SwapChainDesc.BufferDesc.RefreshRate.Denominator 0
[2020.10.03-20.19.40:862][251]LogRHI: Error: SwapChainDesc.BufferDesc.Format 24
[2020.10.03-20.19.40:862][251]LogRHI: Error: SwapChainDesc.BufferDesc.ScanlineOrdering 0
[2020.10.03-20.19.40:862][251]LogRHI: Error: SwapChainDesc.BufferDesc.Scaling 0
[2020.10.03-20.19.40:862][251]LogRHI: Error: SwapChainDesc.SampleDesc.Count 1
[2020.10.03-20.19.40:862][251]LogRHI: Error: SwapChainDesc.SampleDesc.Quality 0
[2020.10.03-20.19.40:862][251]LogRHI: Error: SwapChainDesc.BufferUsage 48
[2020.10.03-20.19.40:862][251]LogRHI: Error: SwapChainDesc.BufferCount 2
[2020.10.03-20.19.40:862][251]LogRHI: Error: SwapChainDesc.OutputWindow 0000000000040F06
[2020.10.03-20.19.40:862][251]LogRHI: Error: SwapChainDesc.Windowed true
[2020.10.03-20.19.40:863][251]LogRHI: Error: SwapChainDesc.SwapEffect 4
[2020.10.03-20.19.40:863][251]LogRHI: Error: SwapChainDesc.Flags 2050
[2020.10.03-20.19.40:916][254]LogRHI: Error: Present Fail Count 9
[2020.10.03-20.19.40:916][254]LogRHI: Error: SyncInterval 0
[2020.10.03-20.19.40:916][254]LogRHI: Error: SwapChainDesc.BufferDesc.Width 1938
[2020.10.03-20.19.40:916][254]LogRHI: Error: SwapChainDesc.BufferDesc.Height 1048
[2020.10.03-20.19.40:916][254]LogRHI: Error: SwapChainDesc.BufferDesc.RefreshRate.Numerator 0
[2020.10.03-20.19.40:916][254]LogRHI: Error: SwapChainDesc.BufferDesc.RefreshRate.Denominator 0
[2020.10.03-20.19.40:916][254]LogRHI: Error: SwapChainDesc.BufferDesc.Format 24
[2020.10.03-20.19.40:917][254]LogRHI: Error: SwapChainDesc.BufferDesc.ScanlineOrdering 0
[2020.10.03-20.19.40:917][254]LogRHI: Error: SwapChainDesc.BufferDesc.Scaling 0
[2020.10.03-20.19.40:917][254]LogRHI: Error: SwapChainDesc.SampleDesc.Count 1
[2020.10.03-20.19.40:917][254]LogRHI: Error: SwapChainDesc.SampleDesc.Quality 0
[2020.10.03-20.19.40:917][254]LogRHI: Error: SwapChainDesc.BufferUsage 48
[2020.10.03-20.19.40:917][254]LogRHI: Error: SwapChainDesc.BufferCount 2
[2020.10.03-20.19.40:917][254]LogRHI: Error: SwapChainDesc.OutputWindow 0000000000040F06
[2020.10.03-20.19.40:917][254]LogRHI: Error: SwapChainDesc.Windowed true
[2020.10.03-20.19.40:917][254]LogRHI: Error: SwapChainDesc.SwapEffect 4
[2020.10.03-20.19.40:917][254]LogRHI: Error: SwapChainDesc.Flags 2050
[2020.10.03-20.19.40:966][257]LogRHI: Error: Present Fail Count 10
[2020.10.03-20.19.40:966][257]LogRHI: Error: SyncInterval 0
[2020.10.03-20.19.40:966][257]LogRHI: Error: SwapChainDesc.BufferDesc.Width 1938
[2020.10.03-20.19.40:966][257]LogRHI: Error: SwapChainDesc.BufferDesc.Height 1048
[2020.10.03-20.19.40:966][257]LogRHI: Error: SwapChainDesc.BufferDesc.RefreshRate.Numerator 0
[2020.10.03-20.19.40:966][257]LogRHI: Error: SwapChainDesc.BufferDesc.RefreshRate.Denominator 0
[2020.10.03-20.19.40:966][257]LogRHI: Error: SwapChainDesc.BufferDesc.Format 24
[2020.10.03-20.19.40:966][257]LogRHI: Error: SwapChainDesc.BufferDesc.ScanlineOrdering 0
[2020.10.03-20.19.40:967][257]LogRHI: Error: SwapChainDesc.BufferDesc.Scaling 0
[2020.10.03-20.19.40:967][257]LogRHI: Error: SwapChainDesc.SampleDesc.Count 1
[2020.10.03-20.19.40:967][257]LogRHI: Error: SwapChainDesc.SampleDesc.Quality 0
[2020.10.03-20.19.40:967][257]LogRHI: Error: SwapChainDesc.BufferUsage 48
[2020.10.03-20.19.40:967][257]LogRHI: Error: SwapChainDesc.BufferCount 2
[2020.10.03-20.19.40:967][257]LogRHI: Error: SwapChainDesc.OutputWindow 0000000000040F06
[2020.10.03-20.19.40:967][257]LogRHI: Error: SwapChainDesc.Windowed true
[2020.10.03-20.19.40:967][257]LogRHI: Error: SwapChainDesc.SwapEffect 4
[2020.10.03-20.19.40:967][257]LogRHI: Error: SwapChainDesc.Flags 2050
[2020.10.03-20.19.41:014][260]LogRHI: Error: Present Fail Count 11
[2020.10.03-20.19.41:014][260]LogRHI: Error: SyncInterval 0
[2020.10.03-20.19.41:014][260]LogRHI: Error: SwapChainDesc.BufferDesc.Width 1938
[2020.10.03-20.19.41:014][260]LogRHI: Error: SwapChainDesc.BufferDesc.Height 1048
[2020.10.03-20.19.41:014][260]LogRHI: Error: SwapChainDesc.BufferDesc.RefreshRate.Numerator 0
[2020.10.03-20.19.41:014][260]LogRHI: Error: SwapChainDesc.BufferDesc.RefreshRate.Denominator 0
[2020.10.03-20.19.41:014][260]LogRHI: Error: SwapChainDesc.BufferDesc.Format 24
[2020.10.03-20.19.41:014][260]LogRHI: Error: SwapChainDesc.BufferDesc.ScanlineOrdering 0
[2020.10.03-20.19.41:014][260]LogRHI: Error: SwapChainDesc.BufferDesc.Scaling 0
[2020.10.03-20.19.41:014][260]LogRHI: Error: SwapChainDesc.SampleDesc.Count 1
[2020.10.03-20.19.41:014][260]LogRHI: Error: SwapChainDesc.SampleDesc.Quality 0
[2020.10.03-20.19.41:014][260]LogRHI: Error: SwapChainDesc.BufferUsage 48
[2020.10.03-20.19.41:014][260]LogRHI: Error: SwapChainDesc.BufferCount 2
[2020.10.03-20.19.41:014][260]LogRHI: Error: SwapChainDesc.OutputWindow 0000000000040F06
[2020.10.03-20.19.41:014][260]LogRHI: Error: SwapChainDesc.Windowed true
[2020.10.03-20.19.41:014][260]LogRHI: Error: SwapChainDesc.SwapEffect 4
[2020.10.03-20.19.41:014][260]LogRHI: Error: SwapChainDesc.Flags 2050
[2020.10.03-20.19.41:014][260]LogD3D11RHI: Error: Result failed 
 at D:/Build/++UE4+Licensee/Sync/Engine/Source/Runtime/Windows/D3D11RHI/Private/D3D11Viewport.cpp:406 
 with error DXGI_ERROR_DEVICE_REMOVED 00000000
[2020.10.03-20.19.41:015][260]LogD3D11RHI: [Aftermath] GDynamicRHI=000001F4D16E80C0, GDX11NVAfterMathEnabled=1, Result=0x00000001, bDeviceActive=1
[2020.10.03-20.19.41:015][260]LogWindows: Windows GetLastError: The operation completed successfully. (0)
[2020.10.03-20.19.43:709][261]LogWindows: FPlatformMisc::RequestExit(0)
[2020.10.03-20.19.43:709][261]LogCore: Engine exit requested (reason: Win RequestExit)
[2020.10.03-20.19.43:709][261]LogWindows: FPlatformMisc::RequestExit(1)
[2020.10.03-20.19.43:709][261]LogCore: Engine exit requested (reason: Win RequestExit; note: exit was already requested)
[2020.10.03-20.19.43:720][261]Log file closed, 10/03/20 16:19:43
