Log file open, 10/03/20 15:18:46
LogInit: Display: Running engine for game: Project
LogPlatformFile: Not using cached read wrapper
LogTaskGraph: Started task graph with 5 named threads and 23 total threads with 3 sets of task threads.
LogStats: Stats thread started at 0.238936
LogD3D11RHI: Loaded GFSDK_Aftermath_Lib.x64.dll
LogICUInternationalization: ICU TimeZone Detection - Raw Offset: -5:00, Platform Override: ''
LogPluginManager: Mounting plugin Paper2D
LogPluginManager: Mounting plugin AISupport
LogPluginManager: Mounting plugin LightPropagationVolume
LogPluginManager: Mounting plugin CameraShakePreviewer
LogPluginManager: Mounting plugin ActorLayerUtilities
LogPluginManager: Mounting plugin AnimationSharing
LogPluginManager: Mounting plugin CLionSourceCodeAccess
LogPluginManager: Mounting plugin CodeLiteSourceCodeAccess
LogPluginManager: Mounting plugin GitSourceControl
LogPluginManager: Mounting plugin KDevelopSourceCodeAccess
LogPluginManager: Mounting plugin NullSourceCodeAccess
LogPluginManager: Mounting plugin PerforceSourceControl
LogPluginManager: Mounting plugin PlasticSourceControl
LogPluginManager: Mounting plugin RiderSourceCodeAccess
LogPluginManager: Mounting plugin SubversionSourceControl
LogPluginManager: Mounting plugin UObjectPlugin
LogPluginManager: Mounting plugin VisualStudioCodeSourceCodeAccess
LogPluginManager: Mounting plugin VisualStudioSourceCodeAccess
LogPluginManager: Mounting plugin XCodeSourceCodeAccess
LogPluginManager: Mounting plugin AssetManagerEditor
LogPluginManager: Mounting plugin CryptoKeys
LogPluginManager: Mounting plugin CurveEditorTools
LogPluginManager: Mounting plugin DataValidation
LogPluginManager: Mounting plugin EditorScriptingUtilities
LogPluginManager: Mounting plugin FacialAnimation
LogPluginManager: Mounting plugin GameplayTagsEditor
LogPluginManager: Mounting plugin GeometryMode
LogPluginManager: Mounting plugin MacGraphicsSwitching
LogPluginManager: Mounting plugin MaterialAnalyzer
LogPluginManager: Mounting plugin MobileLauncherProfileWizard
LogPluginManager: Mounting plugin PluginBrowser
LogPluginManager: Mounting plugin SpeedTreeImporter
LogPluginManager: Mounting plugin DatasmithContent
LogPluginManager: Mounting plugin VariantManagerContent
LogPluginManager: Mounting plugin AlembicImporter
LogPluginManager: Mounting plugin AutomationUtils
LogPluginManager: Mounting plugin BackChannel
LogPluginManager: Mounting plugin ChaosCloth
LogPluginManager: Mounting plugin ChaosClothEditor
LogPluginManager: Mounting plugin ChaosEditor
LogPluginManager: Mounting plugin ChaosNiagara
LogPluginManager: Mounting plugin ChaosSolverPlugin
LogPluginManager: Mounting plugin CharacterAI
LogPluginManager: Mounting plugin GeometryCache
LogPluginManager: Mounting plugin GeometryCollectionPlugin
LogPluginManager: Mounting plugin GeometryProcessing
LogPluginManager: Mounting plugin PlanarCut
LogPluginManager: Mounting plugin PlatformCrypto
LogPluginManager: Mounting plugin ProxyLODPlugin
LogPluginManager: Mounting plugin SkeletalReduction
LogPluginManager: Mounting plugin Niagara
LogPluginManager: Mounting plugin MagicLeap
LogPluginManager: Mounting plugin MagicLeapLightEstimation
LogPluginManager: Mounting plugin MagicLeapMedia
LogPluginManager: Mounting plugin MagicLeapPassableWorld
LogPluginManager: Mounting plugin MLSDK
LogPluginManager: Mounting plugin AndroidMedia
LogPluginManager: Mounting plugin AvfMedia
LogPluginManager: Mounting plugin ImgMedia
LogPluginManager: Mounting plugin MediaCompositing
LogPluginManager: Mounting plugin MediaPlayerEditor
LogPluginManager: Mounting plugin WebMMedia
LogPluginManager: Mounting plugin WmfMedia
LogPluginManager: Mounting plugin MeshPainting
LogPluginManager: Mounting plugin TcpMessaging
LogPluginManager: Mounting plugin UdpMessaging
LogPluginManager: Mounting plugin ActorSequence
LogPluginManager: Mounting plugin LevelSequenceEditor
LogPluginManager: Mounting plugin MatineeToLevelSequence
LogPluginManager: Mounting plugin MovieRenderPipeline
LogPluginManager: Mounting plugin TemplateSequence
LogPluginManager: Mounting plugin NetcodeUnitTest
LogPluginManager: Mounting plugin NUTUnrealEngine4
LogPluginManager: Mounting plugin OnlineSubsystemGooglePlay
LogPluginManager: Mounting plugin OnlineSubsystemIOS
LogPluginManager: Mounting plugin OnlineSubsystem
LogPluginManager: Mounting plugin OnlineSubsystemNull
LogPluginManager: Mounting plugin OnlineSubsystemUtils
LogPluginManager: Mounting plugin LauncherChunkInstaller
LogPluginManager: Mounting plugin AndroidDeviceProfileSelector
LogPluginManager: Mounting plugin AndroidMoviePlayer
LogPluginManager: Mounting plugin AndroidPermission
LogPluginManager: Mounting plugin AppleImageUtils
LogPluginManager: Mounting plugin AppleMoviePlayer
LogPluginManager: Mounting plugin ArchVisCharacter
LogPluginManager: Mounting plugin AssetTags
LogPluginManager: Mounting plugin AudioCapture
LogPluginManager: Mounting plugin CableComponent
LogPluginManager: Mounting plugin CustomMeshComponent
LogPluginManager: Mounting plugin EditableMesh
LogPluginManager: Mounting plugin ExampleDeviceProfileSelector
LogPluginManager: Mounting plugin GoogleCloudMessaging
LogPluginManager: Mounting plugin GooglePAD
LogPluginManager: Mounting plugin IOSDeviceProfileSelector
LogPluginManager: Mounting plugin LinuxDeviceProfileSelector
LogPluginManager: Mounting plugin LocationServicesBPLibrary
LogPluginManager: Mounting plugin MobilePatchingUtils
LogPluginManager: Mounting plugin OculusVR
LogPluginManager: Mounting plugin PhysXVehicles
LogPluginManager: Mounting plugin PostSplashScreen
LogPluginManager: Mounting plugin ProceduralMeshComponent
LogPluginManager: Mounting plugin RuntimePhysXCooking
LogPluginManager: Mounting plugin SignificanceManager
LogPluginManager: Mounting plugin SoundFields
LogPluginManager: Mounting plugin SteamVR
LogPluginManager: Mounting plugin Synthesis
LogPluginManager: Mounting plugin WebMMoviePlayer
LogPluginManager: Mounting plugin WindowsMoviePlayer
LogPluginManager: Mounting plugin ScreenshotTools
LogInit: Using libcurl 7.55.1-DEV
LogInit:  - built for x86_64-pc-win32
LogInit:  - supports SSL with OpenSSL/1.1.1
LogInit:  - supports HTTP deflate (compression) using libz 1.2.8
LogInit:  - other features:
LogInit:      CURL_VERSION_SSL
LogInit:      CURL_VERSION_LIBZ
LogInit:      CURL_VERSION_IPV6
LogInit:      CURL_VERSION_ASYNCHDNS
LogInit:      CURL_VERSION_LARGEFILE
LogInit:      CURL_VERSION_IDN
LogInit:  CurlRequestOptions (configurable via config and command line):
LogInit:  - bVerifyPeer = true  - Libcurl will verify peer certificate
LogInit:  - bUseHttpProxy = false  - Libcurl will NOT use HTTP proxy
LogInit:  - bDontReuseConnections = false  - Libcurl will reuse connections
LogInit:  - MaxHostConnections = 16  - Libcurl will limit the number of connections to a host
LogInit:  - LocalHostAddr = Default
LogInit:  - BufferSize = 65536
LogOnline: OSS: Creating online subsystem instance for: NULL
LogInit: WinSock: version 1.1 (2.2), MaxSocks=32767, MaxUdp=65467
LogOnline: OSS: TryLoadSubsystemAndSetDefault: Loaded subsystem for module [NULL]
LogInit: Build: ++UE4+Release-4.25-CL-13942748
LogInit: Engine Version: 4.25.3-13942748+++UE4+Release-4.25
LogInit: Compatible Engine Version: 4.25.0-13144385+++UE4+Release-4.25
LogInit: Net CL: 13144385
LogInit: OS: Windows 10 (Release 1903) (), CPU: Intel(R) Core(TM) i7-7700HQ CPU @ 2.80GHz, GPU: Intel(R) HD Graphics 630
LogInit: Compiled (64-bit): Jul 25 2020 02:07:48
LogInit: Compiled with Visual C++: 19.24.28315.00
LogInit: Build Configuration: Development
LogInit: Branch Name: ++UE4+Release-4.25
LogInit: Command Line: 
LogInit: Base Directory: D:/EpicGames/UE_4.25/Engine/Binaries/Win64/
LogInit: Allocator: TBB
LogInit: Installed Engine Build: 1
LogDevObjectVersion: Number of dev versions registered: 26
LogDevObjectVersion:   Dev-Blueprints (B0D832E4-1F89-4F0D-ACCF-7EB736FD4AA2): 10
LogDevObjectVersion:   Dev-Build (E1C64328-A22C-4D53-A36C-8E866417BD8C): 0
LogDevObjectVersion:   Dev-Core (375EC13C-06E4-48FB-B500-84F0262A717E): 4
LogDevObjectVersion:   Dev-Editor (E4B068ED-F494-42E9-A231-DA0B2E46BB41): 38
LogDevObjectVersion:   Dev-Framework (CFFC743F-43B0-4480-9391-14DF171D2073): 37
LogDevObjectVersion:   Dev-Mobile (B02B49B5-BB20-44E9-A304-32B752E40360): 2
LogDevObjectVersion:   Dev-Networking (A4E4105C-59A1-49B5-A7C5-40C4547EDFEE): 0
LogDevObjectVersion:   Dev-Online (39C831C9-5AE6-47DC-9A44-9C173E1C8E7C): 0
LogDevObjectVersion:   Dev-Physics (78F01B33-EBEA-4F98-B9B4-84EACCB95AA2): 4
LogDevObjectVersion:   Dev-Platform (6631380F-2D4D-43E0-8009-CF276956A95A): 0
LogDevObjectVersion:   Dev-Rendering (12F88B9F-8875-4AFC-A67C-D90C383ABD29): 43
LogDevObjectVersion:   Dev-Sequencer (7B5AE74C-D270-4C10-A958-57980B212A5A): 12
LogDevObjectVersion:   Dev-VR (D7296918-1DD6-4BDD-9DE2-64A83CC13884): 3
LogDevObjectVersion:   Dev-LoadTimes (C2A15278-BFE7-4AFE-6C17-90FF531DF755): 1
LogDevObjectVersion:   Private-Geometry (6EACA3D4-40EC-4CC1-B786-8BED09428FC5): 3
LogDevObjectVersion:   Dev-AnimPhys (29E575DD-E0A3-4627-9D10-D276232CDCEA): 17
LogDevObjectVersion:   Dev-Anim (AF43A65D-7FD3-4947-9873-3E8ED9C1BB05): 7
LogDevObjectVersion:   Dev-ReflectionCapture (6B266CEC-1EC7-4B8F-A30B-E4D90942FC07): 1
LogDevObjectVersion:   Dev-Automation (0DF73D61-A23F-47EA-B727-89E90C41499A): 1
LogDevObjectVersion:   FortniteMain (601D1886-AC64-4F84-AA16-D3DE0DEAC7D6): 31
LogDevObjectVersion:   Dev-Enterprise (9DFFBCD6-494F-0158-E221-12823C92A888): 10
LogDevObjectVersion:   Dev-Niagara (F2AED0AC-9AFE-416F-8664-AA7FFA26D6FC): 1
LogDevObjectVersion:   Dev-Destruction (174F1F0B-B4C6-45A5-B13F-2EE8D0FB917D): 10
LogDevObjectVersion:   Dev-Physics-Ext (35F94A83-E258-406C-A318-09F59610247C): 37
LogDevObjectVersion:   Dev-PhysicsMaterial-Chaos (B68FC16E-8B1B-42E2-B453-215C058844FE): 1
LogDevObjectVersion:   Dev-CineCamera (B2E18506-4273-CFC2-A54E-F4BB758BBA07): 1
LogInit: Presizing for max 25165824 objects, including 0 objects not considered by GC, pre-allocating 0 bytes for permanent pool.
LogConfig: Applying CVar settings from Section [/Script/Engine.StreamingSettings] File [C:/Users/Thomas/Documents/GitHub/GVSCVRProject/Project/Saved/Config/Windows/Engine.ini]
LogConfig: Setting CVar [[s.MinBulkDataSizeForAsyncLoading:131072]]
LogConfig: Setting CVar [[s.AsyncLoadingThreadEnabled:0]]
LogConfig: Setting CVar [[s.EventDrivenLoaderEnabled:1]]
LogConfig: Setting CVar [[s.WarnIfTimeLimitExceeded:0]]
LogConfig: Setting CVar [[s.TimeLimitExceededMultiplier:1.5]]
LogConfig: Setting CVar [[s.TimeLimitExceededMinTime:0.005]]
LogConfig: Setting CVar [[s.UseBackgroundLevelStreaming:1]]
LogConfig: Setting CVar [[s.PriorityAsyncLoadingExtraTime:15.0]]
LogConfig: Setting CVar [[s.LevelStreamingActorsUpdateTimeLimit:5.0]]
LogConfig: Setting CVar [[s.PriorityLevelStreamingActorsUpdateExtraTime:5.0]]
LogConfig: Setting CVar [[s.LevelStreamingComponentsRegistrationGranularity:10]]
LogConfig: Setting CVar [[s.UnregisterComponentsTimeLimit:1.0]]
LogConfig: Setting CVar [[s.LevelStreamingComponentsUnregistrationGranularity:5]]
LogConfig: Setting CVar [[s.FlushStreamingOnExit:1]]
LogInit: Object subsystem initialized
LogConfig: Setting CVar [[con.DebugEarlyDefault:1]]
LogConfig: Setting CVar [[r.setres:1280x720]]
[2020.10.03-19.18.46:560][  0]LogConfig: Setting CVar [[r.VSync:0]]
[2020.10.03-19.18.46:560][  0]LogConfig: Setting CVar [[r.RHICmdBypass:0]]
[2020.10.03-19.18.46:560][  0]LogConfig: Applying CVar settings from Section [/Script/Engine.RendererSettings] File [C:/Users/Thomas/Documents/GitHub/GVSCVRProject/Project/Saved/Config/Windows/Engine.ini]
[2020.10.03-19.18.46:560][  0]LogConfig: Setting CVar [[r.GPUCrashDebugging:0]]
[2020.10.03-19.18.46:560][  0]LogConfig: Applying CVar settings from Section [/Script/Engine.RendererOverrideSettings] File [C:/Users/Thomas/Documents/GitHub/GVSCVRProject/Project/Saved/Config/Windows/Engine.ini]
[2020.10.03-19.18.46:560][  0]LogConfig: Applying CVar settings from Section [/Script/Engine.StreamingSettings] File [C:/Users/Thomas/Documents/GitHub/GVSCVRProject/Project/Saved/Config/Windows/Engine.ini]
[2020.10.03-19.18.46:560][  0]LogConfig: Setting CVar [[s.MinBulkDataSizeForAsyncLoading:131072]]
[2020.10.03-19.18.46:560][  0]LogConfig: Setting CVar [[s.AsyncLoadingThreadEnabled:0]]
[2020.10.03-19.18.46:560][  0]LogConfig: Setting CVar [[s.EventDrivenLoaderEnabled:1]]
[2020.10.03-19.18.46:560][  0]LogConfig: Setting CVar [[s.WarnIfTimeLimitExceeded:0]]
[2020.10.03-19.18.46:560][  0]LogConfig: Setting CVar [[s.TimeLimitExceededMultiplier:1.5]]
[2020.10.03-19.18.46:560][  0]LogConfig: Setting CVar [[s.TimeLimitExceededMinTime:0.005]]
[2020.10.03-19.18.46:560][  0]LogConfig: Setting CVar [[s.UseBackgroundLevelStreaming:1]]
[2020.10.03-19.18.46:560][  0]LogConfig: Setting CVar [[s.PriorityAsyncLoadingExtraTime:15.0]]
[2020.10.03-19.18.46:560][  0]LogConfig: Setting CVar [[s.LevelStreamingActorsUpdateTimeLimit:5.0]]
[2020.10.03-19.18.46:560][  0]LogConfig: Setting CVar [[s.PriorityLevelStreamingActorsUpdateExtraTime:5.0]]
[2020.10.03-19.18.46:560][  0]LogConfig: Setting CVar [[s.LevelStreamingComponentsRegistrationGranularity:10]]
[2020.10.03-19.18.46:560][  0]LogConfig: Setting CVar [[s.UnregisterComponentsTimeLimit:1.0]]
[2020.10.03-19.18.46:560][  0]LogConfig: Setting CVar [[s.LevelStreamingComponentsUnregistrationGranularity:5]]
[2020.10.03-19.18.46:560][  0]LogConfig: Setting CVar [[s.FlushStreamingOnExit:1]]
[2020.10.03-19.18.46:560][  0]LogConfig: Applying CVar settings from Section [/Script/Engine.GarbageCollectionSettings] File [C:/Users/Thomas/Documents/GitHub/GVSCVRProject/Project/Saved/Config/Windows/Engine.ini]
[2020.10.03-19.18.46:560][  0]LogConfig: Setting CVar [[gc.MaxObjectsNotConsideredByGC:1]]
[2020.10.03-19.18.46:560][  0]LogConfig: Setting CVar [[gc.SizeOfPermanentObjectPool:0]]
[2020.10.03-19.18.46:560][  0]LogConfig: Setting CVar [[gc.FlushStreamingOnGC:0]]
[2020.10.03-19.18.46:560][  0]LogConfig: Setting CVar [[gc.NumRetriesBeforeForcingGC:10]]
[2020.10.03-19.18.46:560][  0]LogConfig: Setting CVar [[gc.AllowParallelGC:1]]
[2020.10.03-19.18.46:560][  0]LogConfig: Setting CVar [[gc.TimeBetweenPurgingPendingKillObjects:61.1]]
[2020.10.03-19.18.46:560][  0]LogConfig: Setting CVar [[gc.MaxObjectsInEditor:25165824]]
[2020.10.03-19.18.46:560][  0]LogConfig: Setting CVar [[gc.IncrementalBeginDestroyEnabled:1]]
[2020.10.03-19.18.46:560][  0]LogConfig: Setting CVar [[gc.CreateGCClusters:1]]
[2020.10.03-19.18.46:560][  0]LogConfig: Setting CVar [[gc.MinGCClusterSize:5]]
[2020.10.03-19.18.46:560][  0]LogConfig: Setting CVar [[gc.ActorClusteringEnabled:0]]
[2020.10.03-19.18.46:560][  0]LogConfig: Setting CVar [[gc.BlueprintClusteringEnabled:0]]
[2020.10.03-19.18.46:560][  0]LogConfig: Setting CVar [[gc.UseDisregardForGCOnDedicatedServers:0]]
[2020.10.03-19.18.46:560][  0]LogConfig: Applying CVar settings from Section [/Script/Engine.NetworkSettings] File [C:/Users/Thomas/Documents/GitHub/GVSCVRProject/Project/Saved/Config/Windows/Engine.ini]
[2020.10.03-19.18.46:561][  0]LogConfig: Applying CVar settings from Section [/Script/UnrealEd.CookerSettings] File [C:/Users/Thomas/Documents/GitHub/GVSCVRProject/Project/Saved/Config/Windows/Engine.ini]
[2020.10.03-19.18.46:568][  0]LogConfig: Applying CVar settings from Section [ViewDistanceQuality@3] File [C:/Users/Thomas/Documents/GitHub/GVSCVRProject/Project/Saved/Config/Windows/Scalability.ini]
[2020.10.03-19.18.46:568][  0]LogConfig: Setting CVar [[r.SkeletalMeshLODBias:0]]
[2020.10.03-19.18.46:568][  0]LogConfig: Setting CVar [[r.ViewDistanceScale:1.0]]
[2020.10.03-19.18.46:568][  0]LogConfig: Applying CVar settings from Section [AntiAliasingQuality@3] File [C:/Users/Thomas/Documents/GitHub/GVSCVRProject/Project/Saved/Config/Windows/Scalability.ini]
[2020.10.03-19.18.46:568][  0]LogConfig: Setting CVar [[r.PostProcessAAQuality:4]]
[2020.10.03-19.18.46:568][  0]LogConfig: Applying CVar settings from Section [ShadowQuality@3] File [C:/Users/Thomas/Documents/GitHub/GVSCVRProject/Project/Saved/Config/Windows/Scalability.ini]
[2020.10.03-19.18.46:568][  0]LogConfig: Setting CVar [[r.LightFunctionQuality:1]]
[2020.10.03-19.18.46:568][  0]LogConfig: Setting CVar [[r.ShadowQuality:5]]
[2020.10.03-19.18.46:568][  0]LogConfig: Setting CVar [[r.Shadow.CSM.MaxCascades:10]]
[2020.10.03-19.18.46:568][  0]LogConfig: Setting CVar [[r.Shadow.MaxResolution:2048]]
[2020.10.03-19.18.46:568][  0]LogConfig: Setting CVar [[r.Shadow.MaxCSMResolution:2048]]
[2020.10.03-19.18.46:568][  0]LogConfig: Setting CVar [[r.Shadow.RadiusThreshold:0.01]]
[2020.10.03-19.18.46:568][  0]LogConfig: Setting CVar [[r.Shadow.DistanceScale:1.0]]
[2020.10.03-19.18.46:568][  0]LogConfig: Setting CVar [[r.Shadow.CSM.TransitionScale:1.0]]
[2020.10.03-19.18.46:568][  0]LogConfig: Setting CVar [[r.Shadow.PreShadowResolutionFactor:1.0]]
[2020.10.03-19.18.46:568][  0]LogConfig: Setting CVar [[r.DistanceFieldShadowing:1]]
[2020.10.03-19.18.46:568][  0]LogConfig: Setting CVar [[r.DistanceFieldAO:1]]
[2020.10.03-19.18.46:568][  0]LogConfig: Setting CVar [[r.AOQuality:2]]
[2020.10.03-19.18.46:568][  0]LogConfig: Setting CVar [[r.VolumetricFog:1]]
[2020.10.03-19.18.46:568][  0]LogConfig: Setting CVar [[r.VolumetricFog.GridPixelSize:8]]
[2020.10.03-19.18.46:568][  0]LogConfig: Setting CVar [[r.VolumetricFog.GridSizeZ:128]]
[2020.10.03-19.18.46:568][  0]LogConfig: Setting CVar [[r.VolumetricFog.HistoryMissSupersampleCount:4]]
[2020.10.03-19.18.46:568][  0]LogConfig: Setting CVar [[r.LightMaxDrawDistanceScale:1]]
[2020.10.03-19.18.46:568][  0]LogConfig: Setting CVar [[r.CapsuleShadows:1]]
[2020.10.03-19.18.46:568][  0]LogConfig: Applying CVar settings from Section [PostProcessQuality@3] File [C:/Users/Thomas/Documents/GitHub/GVSCVRProject/Project/Saved/Config/Windows/Scalability.ini]
[2020.10.03-19.18.46:568][  0]LogConfig: Setting CVar [[r.MotionBlurQuality:4]]
[2020.10.03-19.18.46:568][  0]LogConfig: Setting CVar [[r.AmbientOcclusionMipLevelFactor:0.4]]
[2020.10.03-19.18.46:568][  0]LogConfig: Setting CVar [[r.AmbientOcclusionMaxQuality:100]]
[2020.10.03-19.18.46:568][  0]LogConfig: Setting CVar [[r.AmbientOcclusionLevels:-1]]
[2020.10.03-19.18.46:568][  0]LogConfig: Setting CVar [[r.AmbientOcclusionRadiusScale:1.0]]
[2020.10.03-19.18.46:568][  0]LogConfig: Setting CVar [[r.DepthOfFieldQuality:2]]
[2020.10.03-19.18.46:568][  0]LogConfig: Setting CVar [[r.RenderTargetPoolMin:400]]
[2020.10.03-19.18.46:568][  0]LogConfig: Setting CVar [[r.LensFlareQuality:2]]
[2020.10.03-19.18.46:568][  0]LogConfig: Setting CVar [[r.SceneColorFringeQuality:1]]
[2020.10.03-19.18.46:568][  0]LogConfig: Setting CVar [[r.EyeAdaptationQuality:2]]
[2020.10.03-19.18.46:568][  0]LogConfig: Setting CVar [[r.BloomQuality:5]]
[2020.10.03-19.18.46:568][  0]LogConfig: Setting CVar [[r.FastBlurThreshold:100]]
[2020.10.03-19.18.46:568][  0]LogConfig: Setting CVar [[r.Upscale.Quality:3]]
[2020.10.03-19.18.46:568][  0]LogConfig: Setting CVar [[r.Tonemapper.GrainQuantization:1]]
[2020.10.03-19.18.46:569][  0]LogConfig: Setting CVar [[r.LightShaftQuality:1]]
[2020.10.03-19.18.46:569][  0]LogConfig: Setting CVar [[r.Filter.SizeScale:1]]
[2020.10.03-19.18.46:569][  0]LogConfig: Setting CVar [[r.Tonemapper.Quality:5]]
[2020.10.03-19.18.46:569][  0]LogConfig: Setting CVar [[r.DOF.Gather.AccumulatorQuality:1        ; higher gathering accumulator quality]]
[2020.10.03-19.18.46:569][  0]LogConfig: Setting CVar [[r.DOF.Gather.PostfilterMethod:1          ; Median3x3 postfilering method]]
[2020.10.03-19.18.46:569][  0]LogConfig: Setting CVar [[r.DOF.Gather.EnableBokehSettings:0       ; no bokeh simulation when gathering]]
[2020.10.03-19.18.46:569][  0]LogConfig: Setting CVar [[r.DOF.Gather.RingCount:4                 ; medium number of samples when gathering]]
[2020.10.03-19.18.46:569][  0]LogConfig: Setting CVar [[r.DOF.Scatter.ForegroundCompositing:1    ; additive foreground scattering]]
[2020.10.03-19.18.46:569][  0]LogConfig: Setting CVar [[r.DOF.Scatter.BackgroundCompositing:2    ; additive background scattering]]
[2020.10.03-19.18.46:569][  0]LogConfig: Setting CVar [[r.DOF.Scatter.EnableBokehSettings:1      ; bokeh simulation when scattering]]
[2020.10.03-19.18.46:569][  0]LogConfig: Setting CVar [[r.DOF.Scatter.MaxSpriteRatio:0.1         ; only a maximum of 10% of scattered bokeh]]
[2020.10.03-19.18.46:569][  0]LogConfig: Setting CVar [[r.DOF.Recombine.Quality:1                ; cheap slight out of focus]]
[2020.10.03-19.18.46:569][  0]LogConfig: Setting CVar [[r.DOF.Recombine.EnableBokehSettings:0    ; no bokeh simulation on slight out of focus]]
[2020.10.03-19.18.46:569][  0]LogConfig: Setting CVar [[r.DOF.TemporalAAQuality:1                ; more stable temporal accumulation]]
[2020.10.03-19.18.46:569][  0]LogConfig: Setting CVar [[r.DOF.Kernel.MaxForegroundRadius:0.025]]
[2020.10.03-19.18.46:569][  0]LogConfig: Setting CVar [[r.DOF.Kernel.MaxBackgroundRadius:0.025]]
[2020.10.03-19.18.46:569][  0]LogConfig: Applying CVar settings from Section [TextureQuality@3] File [C:/Users/Thomas/Documents/GitHub/GVSCVRProject/Project/Saved/Config/Windows/Scalability.ini]
[2020.10.03-19.18.46:569][  0]LogConfig: Setting CVar [[r.Streaming.MipBias:0]]
[2020.10.03-19.18.46:569][  0]LogConfig: Setting CVar [[r.Streaming.AmortizeCPUToGPUCopy:0]]
[2020.10.03-19.18.46:569][  0]LogConfig: Setting CVar [[r.Streaming.MaxNumTexturesToStreamPerFrame:0]]
[2020.10.03-19.18.46:569][  0]LogConfig: Setting CVar [[r.Streaming.Boost:1]]
[2020.10.03-19.18.46:569][  0]LogConfig: Setting CVar [[r.MaxAnisotropy:8]]
[2020.10.03-19.18.46:569][  0]LogConfig: Setting CVar [[r.VT.MaxAnisotropy:8]]
[2020.10.03-19.18.46:569][  0]LogConfig: Setting CVar [[r.Streaming.LimitPoolSizeToVRAM:0]]
[2020.10.03-19.18.46:569][  0]LogConfig: Setting CVar [[r.Streaming.PoolSize:1000]]
[2020.10.03-19.18.46:569][  0]LogConfig: Setting CVar [[r.Streaming.MaxEffectiveScreenSize:0]]
[2020.10.03-19.18.46:569][  0]LogConfig: Applying CVar settings from Section [EffectsQuality@3] File [C:/Users/Thomas/Documents/GitHub/GVSCVRProject/Project/Saved/Config/Windows/Scalability.ini]
[2020.10.03-19.18.46:569][  0]LogConfig: Setting CVar [[r.TranslucencyLightingVolumeDim:64]]
[2020.10.03-19.18.46:569][  0]LogConfig: Setting CVar [[r.RefractionQuality:2]]
[2020.10.03-19.18.46:569][  0]LogConfig: Setting CVar [[r.SSR.Quality:3]]
[2020.10.03-19.18.46:569][  0]LogConfig: Setting CVar [[r.SSR.HalfResSceneColor:0]]
[2020.10.03-19.18.46:569][  0]LogConfig: Setting CVar [[r.SceneColorFormat:4]]
[2020.10.03-19.18.46:569][  0]LogConfig: Setting CVar [[r.DetailMode:2]]
[2020.10.03-19.18.46:569][  0]LogConfig: Setting CVar [[r.TranslucencyVolumeBlur:1]]
[2020.10.03-19.18.46:569][  0]LogConfig: Setting CVar [[r.MaterialQualityLevel:1 ; High quality]]
[2020.10.03-19.18.46:569][  0]LogConfig: Setting CVar [[r.SSS.Scale:1]]
[2020.10.03-19.18.46:569][  0]LogConfig: Setting CVar [[r.SSS.SampleSet:2]]
[2020.10.03-19.18.46:569][  0]LogConfig: Setting CVar [[r.SSS.Quality:1]]
[2020.10.03-19.18.46:569][  0]LogConfig: Setting CVar [[r.SSS.HalfRes:0]]
[2020.10.03-19.18.46:569][  0]LogConfig: Setting CVar [[r.SSGI.Quality:3]]
[2020.10.03-19.18.46:569][  0]LogConfig: Setting CVar [[r.EmitterSpawnRateScale:1.0]]
[2020.10.03-19.18.46:569][  0]LogConfig: Setting CVar [[r.ParticleLightQuality:2]]
[2020.10.03-19.18.46:569][  0]LogConfig: Setting CVar [[r.SkyAtmosphere.AerialPerspectiveLUT.FastApplyOnOpaque:1 ; Always have FastSkyLUT 1 in this case to avoid wrong sky]]
[2020.10.03-19.18.46:569][  0]LogConfig: Setting CVar [[r.SkyAtmosphere.AerialPerspectiveLUT.SampleCountPerSlice:1]]
[2020.10.03-19.18.46:569][  0]LogConfig: Setting CVar [[r.SkyAtmosphere.AerialPerspectiveLUT.DepthResolution:16.0]]
[2020.10.03-19.18.46:569][  0]LogConfig: Setting CVar [[r.SkyAtmosphere.FastSkyLUT:1]]
[2020.10.03-19.18.46:569][  0]LogConfig: Setting CVar [[r.SkyAtmosphere.FastSkyLUT.SampleCountMin:4.0]]
[2020.10.03-19.18.46:569][  0]LogConfig: Setting CVar [[r.SkyAtmosphere.FastSkyLUT.SampleCountMax:32.0]]
[2020.10.03-19.18.46:569][  0]LogConfig: Setting CVar [[r.SkyAtmosphere.SampleCountMin:4.0]]
[2020.10.03-19.18.46:569][  0]LogConfig: Setting CVar [[r.SkyAtmosphere.SampleCountMax:32.0]]
[2020.10.03-19.18.46:569][  0]LogConfig: Setting CVar [[r.SkyAtmosphere.TransmittanceLUT.UseSmallFormat:0]]
[2020.10.03-19.18.46:569][  0]LogConfig: Setting CVar [[r.SkyAtmosphere.TransmittanceLUT.SampleCount:10.0]]
[2020.10.03-19.18.46:569][  0]LogConfig: Setting CVar [[r.SkyAtmosphere.MultiScatteringLUT.SampleCount:15.0]]
[2020.10.03-19.18.46:569][  0]LogConfig: Applying CVar settings from Section [FoliageQuality@3] File [C:/Users/Thomas/Documents/GitHub/GVSCVRProject/Project/Saved/Config/Windows/Scalability.ini]
[2020.10.03-19.18.46:569][  0]LogConfig: Setting CVar [[foliage.DensityScale:1.0]]
[2020.10.03-19.18.46:569][  0]LogConfig: Setting CVar [[grass.DensityScale:1.0]]
[2020.10.03-19.18.46:569][  0]LogConfig: Applying CVar settings from Section [ShadingQuality@3] File [C:/Users/Thomas/Documents/GitHub/GVSCVRProject/Project/Saved/Config/Windows/Scalability.ini]
[2020.10.03-19.18.46:569][  0]LogConfig: Setting CVar [[r.HairStrands.SkyLighting.SampleCount:16]]
[2020.10.03-19.18.46:569][  0]LogConfig: Setting CVar [[r.HairStrands.SkyLighting.JitterIntegration:0]]
[2020.10.03-19.18.46:569][  0]LogConfig: Setting CVar [[r.HairStrands.SkyAO.SampleCount:16]]
[2020.10.03-19.18.46:569][  0]LogConfig: Setting CVar [[r.HairStrands.DeepShadow.SuperSampling:0]]
[2020.10.03-19.18.46:569][  0]LogConfig: Setting CVar [[r.HairStrands.VisibilityPPLL:0]]
[2020.10.03-19.18.46:569][  0]LogConfig: Setting CVar [[r.HairStrands.RasterizationScale:0.5]]
[2020.10.03-19.18.46:569][  0]LogConfig: Setting CVar [[r.HairStrands.VelocityRasterizationScale:1]]
[2020.10.03-19.18.46:569][  0]LogInit: Selected Device Profile: [Windows]
[2020.10.03-19.18.46:570][  0]LogInit: Applying CVar settings loaded from the selected device profile: [Windows]
[2020.10.03-19.18.46:570][  0]LogHAL: Display: Platform has ~ 16 GB [17048965120 / 17179869184 / 16], which maps to Larger [LargestMinGB=32, LargerMinGB=12, DefaultMinGB=8, SmallerMinGB=6, SmallestMinGB=0)
[2020.10.03-19.18.46:570][  0]LogInit: Going up to parent DeviceProfile []
[2020.10.03-19.18.46:570][  0]LogConfig: Applying CVar settings from Section [ViewDistanceQuality@3] File [C:/Users/Thomas/Documents/GitHub/GVSCVRProject/Project/Saved/Config/Windows/Scalability.ini]
[2020.10.03-19.18.46:570][  0]LogConfig: Setting CVar [[r.SkeletalMeshLODBias:0]]
[2020.10.03-19.18.46:570][  0]LogConfig: Setting CVar [[r.ViewDistanceScale:1.0]]
[2020.10.03-19.18.46:570][  0]LogConfig: Applying CVar settings from Section [AntiAliasingQuality@3] File [C:/Users/Thomas/Documents/GitHub/GVSCVRProject/Project/Saved/Config/Windows/Scalability.ini]
[2020.10.03-19.18.46:570][  0]LogConfig: Setting CVar [[r.PostProcessAAQuality:4]]
[2020.10.03-19.18.46:570][  0]LogConfig: Applying CVar settings from Section [ShadowQuality@3] File [C:/Users/Thomas/Documents/GitHub/GVSCVRProject/Project/Saved/Config/Windows/Scalability.ini]
[2020.10.03-19.18.46:570][  0]LogConfig: Setting CVar [[r.LightFunctionQuality:1]]
[2020.10.03-19.18.46:570][  0]LogConfig: Setting CVar [[r.ShadowQuality:5]]
[2020.10.03-19.18.46:570][  0]LogConfig: Setting CVar [[r.Shadow.CSM.MaxCascades:10]]
[2020.10.03-19.18.46:570][  0]LogConfig: Setting CVar [[r.Shadow.MaxResolution:2048]]
[2020.10.03-19.18.46:570][  0]LogConfig: Setting CVar [[r.Shadow.MaxCSMResolution:2048]]
[2020.10.03-19.18.46:570][  0]LogConfig: Setting CVar [[r.Shadow.RadiusThreshold:0.01]]
[2020.10.03-19.18.46:570][  0]LogConfig: Setting CVar [[r.Shadow.DistanceScale:1.0]]
[2020.10.03-19.18.46:570][  0]LogConfig: Setting CVar [[r.Shadow.CSM.TransitionScale:1.0]]
[2020.10.03-19.18.46:570][  0]LogConfig: Setting CVar [[r.Shadow.PreShadowResolutionFactor:1.0]]
[2020.10.03-19.18.46:570][  0]LogConfig: Setting CVar [[r.DistanceFieldShadowing:1]]
[2020.10.03-19.18.46:570][  0]LogConfig: Setting CVar [[r.DistanceFieldAO:1]]
[2020.10.03-19.18.46:570][  0]LogConfig: Setting CVar [[r.AOQuality:2]]
[2020.10.03-19.18.46:570][  0]LogConfig: Setting CVar [[r.VolumetricFog:1]]
[2020.10.03-19.18.46:570][  0]LogConfig: Setting CVar [[r.VolumetricFog.GridPixelSize:8]]
[2020.10.03-19.18.46:570][  0]LogConfig: Setting CVar [[r.VolumetricFog.GridSizeZ:128]]
[2020.10.03-19.18.46:570][  0]LogConfig: Setting CVar [[r.VolumetricFog.HistoryMissSupersampleCount:4]]
[2020.10.03-19.18.46:570][  0]LogConfig: Setting CVar [[r.LightMaxDrawDistanceScale:1]]
[2020.10.03-19.18.46:570][  0]LogConfig: Setting CVar [[r.CapsuleShadows:1]]
[2020.10.03-19.18.46:570][  0]LogConfig: Applying CVar settings from Section [PostProcessQuality@3] File [C:/Users/Thomas/Documents/GitHub/GVSCVRProject/Project/Saved/Config/Windows/Scalability.ini]
[2020.10.03-19.18.46:570][  0]LogConfig: Setting CVar [[r.MotionBlurQuality:4]]
[2020.10.03-19.18.46:570][  0]LogConfig: Setting CVar [[r.AmbientOcclusionMipLevelFactor:0.4]]
[2020.10.03-19.18.46:570][  0]LogConfig: Setting CVar [[r.AmbientOcclusionMaxQuality:100]]
[2020.10.03-19.18.46:570][  0]LogConfig: Setting CVar [[r.AmbientOcclusionLevels:-1]]
[2020.10.03-19.18.46:570][  0]LogConfig: Setting CVar [[r.AmbientOcclusionRadiusScale:1.0]]
[2020.10.03-19.18.46:570][  0]LogConfig: Setting CVar [[r.DepthOfFieldQuality:2]]
[2020.10.03-19.18.46:570][  0]LogConfig: Setting CVar [[r.RenderTargetPoolMin:400]]
[2020.10.03-19.18.46:570][  0]LogConfig: Setting CVar [[r.LensFlareQuality:2]]
[2020.10.03-19.18.46:570][  0]LogConfig: Setting CVar [[r.SceneColorFringeQuality:1]]
[2020.10.03-19.18.46:570][  0]LogConfig: Setting CVar [[r.EyeAdaptationQuality:2]]
[2020.10.03-19.18.46:570][  0]LogConfig: Setting CVar [[r.BloomQuality:5]]
[2020.10.03-19.18.46:570][  0]LogConfig: Setting CVar [[r.FastBlurThreshold:100]]
[2020.10.03-19.18.46:570][  0]LogConfig: Setting CVar [[r.Upscale.Quality:3]]
[2020.10.03-19.18.46:570][  0]LogConfig: Setting CVar [[r.Tonemapper.GrainQuantization:1]]
[2020.10.03-19.18.46:570][  0]LogConfig: Setting CVar [[r.LightShaftQuality:1]]
[2020.10.03-19.18.46:570][  0]LogConfig: Setting CVar [[r.Filter.SizeScale:1]]
[2020.10.03-19.18.46:570][  0]LogConfig: Setting CVar [[r.Tonemapper.Quality:5]]
[2020.10.03-19.18.46:570][  0]LogConfig: Setting CVar [[r.DOF.Gather.AccumulatorQuality:1        ; higher gathering accumulator quality]]
[2020.10.03-19.18.46:570][  0]LogConfig: Setting CVar [[r.DOF.Gather.PostfilterMethod:1          ; Median3x3 postfilering method]]
[2020.10.03-19.18.46:570][  0]LogConfig: Setting CVar [[r.DOF.Gather.EnableBokehSettings:0       ; no bokeh simulation when gathering]]
[2020.10.03-19.18.46:570][  0]LogConfig: Setting CVar [[r.DOF.Gather.RingCount:4                 ; medium number of samples when gathering]]
[2020.10.03-19.18.46:570][  0]LogConfig: Setting CVar [[r.DOF.Scatter.ForegroundCompositing:1    ; additive foreground scattering]]
[2020.10.03-19.18.46:570][  0]LogConfig: Setting CVar [[r.DOF.Scatter.BackgroundCompositing:2    ; additive background scattering]]
[2020.10.03-19.18.46:570][  0]LogConfig: Setting CVar [[r.DOF.Scatter.EnableBokehSettings:1      ; bokeh simulation when scattering]]
[2020.10.03-19.18.46:570][  0]LogConfig: Setting CVar [[r.DOF.Scatter.MaxSpriteRatio:0.1         ; only a maximum of 10% of scattered bokeh]]
[2020.10.03-19.18.46:570][  0]LogConfig: Setting CVar [[r.DOF.Recombine.Quality:1                ; cheap slight out of focus]]
[2020.10.03-19.18.46:570][  0]LogConfig: Setting CVar [[r.DOF.Recombine.EnableBokehSettings:0    ; no bokeh simulation on slight out of focus]]
[2020.10.03-19.18.46:570][  0]LogConfig: Setting CVar [[r.DOF.TemporalAAQuality:1                ; more stable temporal accumulation]]
[2020.10.03-19.18.46:570][  0]LogConfig: Setting CVar [[r.DOF.Kernel.MaxForegroundRadius:0.025]]
[2020.10.03-19.18.46:570][  0]LogConfig: Setting CVar [[r.DOF.Kernel.MaxBackgroundRadius:0.025]]
[2020.10.03-19.18.46:570][  0]LogConfig: Applying CVar settings from Section [TextureQuality@3] File [C:/Users/Thomas/Documents/GitHub/GVSCVRProject/Project/Saved/Config/Windows/Scalability.ini]
[2020.10.03-19.18.46:570][  0]LogConfig: Setting CVar [[r.Streaming.MipBias:0]]
[2020.10.03-19.18.46:570][  0]LogConfig: Setting CVar [[r.Streaming.AmortizeCPUToGPUCopy:0]]
[2020.10.03-19.18.46:570][  0]LogConfig: Setting CVar [[r.Streaming.MaxNumTexturesToStreamPerFrame:0]]
[2020.10.03-19.18.46:570][  0]LogConfig: Setting CVar [[r.Streaming.Boost:1]]
[2020.10.03-19.18.46:570][  0]LogConfig: Setting CVar [[r.MaxAnisotropy:8]]
[2020.10.03-19.18.46:571][  0]LogConfig: Setting CVar [[r.VT.MaxAnisotropy:8]]
[2020.10.03-19.18.46:571][  0]LogConfig: Setting CVar [[r.Streaming.LimitPoolSizeToVRAM:0]]
[2020.10.03-19.18.46:571][  0]LogConfig: Setting CVar [[r.Streaming.PoolSize:1000]]
[2020.10.03-19.18.46:571][  0]LogConfig: Setting CVar [[r.Streaming.MaxEffectiveScreenSize:0]]
[2020.10.03-19.18.46:571][  0]LogConfig: Applying CVar settings from Section [EffectsQuality@3] File [C:/Users/Thomas/Documents/GitHub/GVSCVRProject/Project/Saved/Config/Windows/Scalability.ini]
[2020.10.03-19.18.46:571][  0]LogConfig: Setting CVar [[r.TranslucencyLightingVolumeDim:64]]
[2020.10.03-19.18.46:571][  0]LogConfig: Setting CVar [[r.RefractionQuality:2]]
[2020.10.03-19.18.46:571][  0]LogConfig: Setting CVar [[r.SSR.Quality:3]]
[2020.10.03-19.18.46:571][  0]LogConfig: Setting CVar [[r.SSR.HalfResSceneColor:0]]
[2020.10.03-19.18.46:571][  0]LogConfig: Setting CVar [[r.SceneColorFormat:4]]
[2020.10.03-19.18.46:571][  0]LogConfig: Setting CVar [[r.DetailMode:2]]
[2020.10.03-19.18.46:571][  0]LogConfig: Setting CVar [[r.TranslucencyVolumeBlur:1]]
[2020.10.03-19.18.46:571][  0]LogConfig: Setting CVar [[r.MaterialQualityLevel:1 ; High quality]]
[2020.10.03-19.18.46:571][  0]LogConfig: Setting CVar [[r.SSS.Scale:1]]
[2020.10.03-19.18.46:571][  0]LogConfig: Setting CVar [[r.SSS.SampleSet:2]]
[2020.10.03-19.18.46:571][  0]LogConfig: Setting CVar [[r.SSS.Quality:1]]
[2020.10.03-19.18.46:571][  0]LogConfig: Setting CVar [[r.SSS.HalfRes:0]]
[2020.10.03-19.18.46:571][  0]LogConfig: Setting CVar [[r.SSGI.Quality:3]]
[2020.10.03-19.18.46:571][  0]LogConfig: Setting CVar [[r.EmitterSpawnRateScale:1.0]]
[2020.10.03-19.18.46:571][  0]LogConfig: Setting CVar [[r.ParticleLightQuality:2]]
[2020.10.03-19.18.46:571][  0]LogConfig: Setting CVar [[r.SkyAtmosphere.AerialPerspectiveLUT.FastApplyOnOpaque:1 ; Always have FastSkyLUT 1 in this case to avoid wrong sky]]
[2020.10.03-19.18.46:571][  0]LogConfig: Setting CVar [[r.SkyAtmosphere.AerialPerspectiveLUT.SampleCountPerSlice:1]]
[2020.10.03-19.18.46:571][  0]LogConfig: Setting CVar [[r.SkyAtmosphere.AerialPerspectiveLUT.DepthResolution:16.0]]
[2020.10.03-19.18.46:571][  0]LogConfig: Setting CVar [[r.SkyAtmosphere.FastSkyLUT:1]]
[2020.10.03-19.18.46:571][  0]LogConfig: Setting CVar [[r.SkyAtmosphere.FastSkyLUT.SampleCountMin:4.0]]
[2020.10.03-19.18.46:571][  0]LogConfig: Setting CVar [[r.SkyAtmosphere.FastSkyLUT.SampleCountMax:32.0]]
[2020.10.03-19.18.46:571][  0]LogConfig: Setting CVar [[r.SkyAtmosphere.SampleCountMin:4.0]]
[2020.10.03-19.18.46:571][  0]LogConfig: Setting CVar [[r.SkyAtmosphere.SampleCountMax:32.0]]
[2020.10.03-19.18.46:571][  0]LogConfig: Setting CVar [[r.SkyAtmosphere.TransmittanceLUT.UseSmallFormat:0]]
[2020.10.03-19.18.46:571][  0]LogConfig: Setting CVar [[r.SkyAtmosphere.TransmittanceLUT.SampleCount:10.0]]
[2020.10.03-19.18.46:571][  0]LogConfig: Setting CVar [[r.SkyAtmosphere.MultiScatteringLUT.SampleCount:15.0]]
[2020.10.03-19.18.46:571][  0]LogConfig: Applying CVar settings from Section [FoliageQuality@3] File [C:/Users/Thomas/Documents/GitHub/GVSCVRProject/Project/Saved/Config/Windows/Scalability.ini]
[2020.10.03-19.18.46:571][  0]LogConfig: Setting CVar [[foliage.DensityScale:1.0]]
[2020.10.03-19.18.46:571][  0]LogConfig: Setting CVar [[grass.DensityScale:1.0]]
[2020.10.03-19.18.46:571][  0]LogConfig: Applying CVar settings from Section [ShadingQuality@3] File [C:/Users/Thomas/Documents/GitHub/GVSCVRProject/Project/Saved/Config/Windows/Scalability.ini]
[2020.10.03-19.18.46:571][  0]LogConfig: Setting CVar [[r.HairStrands.SkyLighting.SampleCount:16]]
[2020.10.03-19.18.46:571][  0]LogConfig: Setting CVar [[r.HairStrands.SkyLighting.JitterIntegration:0]]
[2020.10.03-19.18.46:571][  0]LogConfig: Setting CVar [[r.HairStrands.SkyAO.SampleCount:16]]
[2020.10.03-19.18.46:571][  0]LogConfig: Setting CVar [[r.HairStrands.DeepShadow.SuperSampling:0]]
[2020.10.03-19.18.46:571][  0]LogConfig: Setting CVar [[r.HairStrands.VisibilityPPLL:0]]
[2020.10.03-19.18.46:571][  0]LogConfig: Setting CVar [[r.HairStrands.RasterizationScale:0.5]]
[2020.10.03-19.18.46:571][  0]LogConfig: Setting CVar [[r.HairStrands.VelocityRasterizationScale:1]]
[2020.10.03-19.18.46:571][  0]LogConfig: Applying CVar settings from Section [Startup] File [../../../Engine/Config/ConsoleVariables.ini]
[2020.10.03-19.18.46:572][  0]LogConfig: Setting CVar [[net.UseAdaptiveNetUpdateFrequency:0]]
[2020.10.03-19.18.46:572][  0]LogConfig: Setting CVar [[p.chaos.AllowCreatePhysxBodies:1]]
[2020.10.03-19.18.46:572][  0]LogConfig: Setting CVar [[fx.SkipVectorVMBackendOptimizations:1]]
[2020.10.03-19.18.46:572][  0]LogConfig: Applying CVar settings from Section [ConsoleVariables] File [C:/Users/Thomas/Documents/GitHub/GVSCVRProject/Project/Saved/Config/Windows/Engine.ini]
[2020.10.03-19.18.46:572][  0]LogInit: Computer: LAPTOP-IKJ0O4F0
[2020.10.03-19.18.46:572][  0]LogInit: User: Thomas
[2020.10.03-19.18.46:572][  0]LogInit: CPU Page size=4096, Cores=4
[2020.10.03-19.18.46:572][  0]LogInit: High frequency timer resolution =10.000000 MHz
[2020.10.03-19.18.46:572][  0]LogMemory: Memory total: Physical=15.9GB (16GB approx)
[2020.10.03-19.18.46:572][  0]LogMemory: Platform Memory Stats for Windows
[2020.10.03-19.18.46:572][  0]LogMemory: Process Physical Memory: 113.39 MB used, 113.39 MB peak
[2020.10.03-19.18.46:572][  0]LogMemory: Process Virtual Memory: 96.05 MB used, 96.05 MB peak
[2020.10.03-19.18.46:572][  0]LogMemory: Physical Memory: 9046.55 MB used,  7212.61 MB free, 16259.16 MB total
[2020.10.03-19.18.46:572][  0]LogMemory: Virtual Memory: 5143.14 MB used,  134212584.00 MB free, 134217728.00 MB total
[2020.10.03-19.18.46:584][  0]LogWindows: WindowsPlatformFeatures enabled
[2020.10.03-19.18.46:638][  0]LogInit: Physics initialised using underlying interface: PhysX
[2020.10.03-19.18.46:640][  0]LogInit: Using OS detected language (en-US).
[2020.10.03-19.18.46:640][  0]LogInit: Using OS detected locale (en-US).
[2020.10.03-19.18.46:642][  0]LogTextLocalizationManager: No specific localization for 'en-US' exists, so the 'en' localization will be used.
[2020.10.03-19.18.46:905][  0]LogInit: Setting process to per monitor DPI aware
[2020.10.03-19.18.46:975][  0]LogSlate: New Slate User Created.  User Index 0, Is Virtual User: 0
[2020.10.03-19.18.46:975][  0]LogSlate: Slate User Registered.  User Index 0, Is Virtual User: 0
[2020.10.03-19.18.47:171][  0]LogHMD: Failed to initialize OpenVR with code 110
[2020.10.03-19.18.47:171][  0]LogD3D11RHI: D3D11 min allowed feature level: 11_0
[2020.10.03-19.18.47:171][  0]LogD3D11RHI: D3D11 max allowed feature level: 11_0
[2020.10.03-19.18.47:171][  0]LogD3D11RHI: D3D11 adapters:
[2020.10.03-19.18.47:259][  0]LogD3D11RHI:    0. 'NVIDIA GeForce GTX 1050 Ti' (Feature Level 11_0)
[2020.10.03-19.18.47:259][  0]LogD3D11RHI:       4021/0/8129 MB DedicatedVideo/DedicatedSystem/SharedSystem, Outputs:2, VendorId:0x10de
[2020.10.03-19.18.47:276][  0]LogD3D11RHI:    1. 'Intel(R) HD Graphics 630' (Feature Level 11_0)
[2020.10.03-19.18.47:276][  0]LogD3D11RHI:       128/0/8129 MB DedicatedVideo/DedicatedSystem/SharedSystem, Outputs:0, VendorId:0x8086
[2020.10.03-19.18.47:280][  0]LogD3D11RHI:    2. 'Microsoft Basic Render Driver' (Feature Level 11_0)
[2020.10.03-19.18.47:280][  0]LogD3D11RHI:       0/0/8129 MB DedicatedVideo/DedicatedSystem/SharedSystem, Outputs:0, VendorId:0x1414
[2020.10.03-19.18.47:280][  0]LogD3D11RHI: Chosen D3D11 Adapter: 0
[2020.10.03-19.18.47:330][  0]LogD3D11RHI: Creating new Direct3DDevice
[2020.10.03-19.18.47:330][  0]LogD3D11RHI:     GPU DeviceId: 0x1c8c (for the marketing name, search the web for "GPU Device Id")
[2020.10.03-19.18.47:330][  0]LogWindows: EnumDisplayDevices:
[2020.10.03-19.18.47:331][  0]LogWindows:    0. 'Intel(R) HD Graphics 630' (P:1 D:1)
[2020.10.03-19.18.47:331][  0]LogWindows:    1. 'Intel(R) HD Graphics 630' (P:0 D:1)
[2020.10.03-19.18.47:331][  0]LogWindows:    2. 'Intel(R) HD Graphics 630' (P:0 D:0)
[2020.10.03-19.18.47:332][  0]LogWindows: DebugString: PrimaryIsNotTheChoosenAdapter PrimaryIsNotTheChoosenAdapter PrimaryIsNotTheChoosenAdapter FoundDriverCount:0 
[2020.10.03-19.18.47:332][  0]LogD3D11RHI:     Adapter Name: NVIDIA GeForce GTX 1050 Ti
[2020.10.03-19.18.47:332][  0]LogD3D11RHI:   Driver Version: Unknown (internal:Unknown, unified:Unknown)
[2020.10.03-19.18.47:332][  0]LogD3D11RHI:      Driver Date: Unknown
[2020.10.03-19.18.47:332][  0]LogRHI: Texture pool is 2814 MB (70% of 4021 MB)
[2020.10.03-19.18.47:397][  0]LogD3D11RHI: RHI has support for 64 bit atomics
[2020.10.03-19.18.47:399][  0]LogD3D11RHI: [Aftermath] Enabled and primed
[2020.10.03-19.18.47:399][  0]LogD3D11RHI: Async texture creation enabled
[2020.10.03-19.18.47:399][  0]LogD3D11RHI: Array index from any shader is supported
[2020.10.03-19.18.47:433][  0]LogD3D11RHI: GPU Timing Frequency: 1000.000000 (Debug: 2 1)
[2020.10.03-19.18.47:863][  0]LogTargetPlatformManager: Display: Loaded TargetPlatform 'AllDesktop'
[2020.10.03-19.18.47:903][  0]LogTargetPlatformManager: Display: Loaded TargetPlatform 'Android'
[2020.10.03-19.18.47:903][  0]LogTargetPlatformManager: Display: Loaded TargetPlatform 'Android_ASTC'
[2020.10.03-19.18.47:903][  0]LogTargetPlatformManager: Display: Loaded TargetPlatform 'Android_DXT'
[2020.10.03-19.18.47:903][  0]LogTargetPlatformManager: Display: Loaded TargetPlatform 'Android_ETC2'
[2020.10.03-19.18.47:903][  0]LogTargetPlatformManager: Display: Loaded TargetPlatform 'AndroidClient'
[2020.10.03-19.18.47:903][  0]LogTargetPlatformManager: Display: Loaded TargetPlatform 'Android_ASTCClient'
[2020.10.03-19.18.47:903][  0]LogTargetPlatformManager: Display: Loaded TargetPlatform 'Android_DXTClient'
[2020.10.03-19.18.47:903][  0]LogTargetPlatformManager: Display: Loaded TargetPlatform 'Android_ETC2Client'
[2020.10.03-19.18.47:903][  0]LogTargetPlatformManager: Display: Loaded TargetPlatform 'Android_Multi'
[2020.10.03-19.18.47:903][  0]LogTargetPlatformManager: Display: Loaded TargetPlatform 'Android_MultiClient'
[2020.10.03-19.18.47:934][  0]LogTargetPlatformManager: Display: Loaded TargetPlatform 'IOSClient'
[2020.10.03-19.18.47:934][  0]LogTargetPlatformManager: Display: Loaded TargetPlatform 'IOS'
[2020.10.03-19.18.47:947][  0]LogTargetPlatformManager: Display: Loaded TargetPlatform 'Linux'
[2020.10.03-19.18.47:958][  0]LogTargetPlatformManager: Display: Loaded TargetPlatform 'LinuxNoEditor'
[2020.10.03-19.18.47:968][  0]LogTargetPlatformManager: Display: Loaded TargetPlatform 'LinuxClient'
[2020.10.03-19.18.47:978][  0]LogTargetPlatformManager: Display: Loaded TargetPlatform 'LinuxServer'
[2020.10.03-19.18.47:988][  0]LogTargetPlatformManager: Display: Loaded TargetPlatform 'LinuxAArch64NoEditor'
[2020.10.03-19.18.47:998][  0]LogTargetPlatformManager: Display: Loaded TargetPlatform 'LinuxAArch64Client'
[2020.10.03-19.18.48:009][  0]LogTargetPlatformManager: Display: Loaded TargetPlatform 'LinuxAArch64Server'
[2020.10.03-19.18.48:039][  0]LogTargetPlatformManager: Display: Loaded TargetPlatform 'Lumin'
[2020.10.03-19.18.48:039][  0]LogTargetPlatformManager: Display: Loaded TargetPlatform 'LuminClient'
[2020.10.03-19.18.48:057][  0]LogTargetPlatformManager: Display: Loaded TargetPlatform 'TVOSClient'
[2020.10.03-19.18.48:057][  0]LogTargetPlatformManager: Display: Loaded TargetPlatform 'TVOS'
[2020.10.03-19.18.48:068][  0]LogTargetPlatformManager: Display: Loaded TargetPlatform 'WindowsNoEditor'
[2020.10.03-19.18.48:079][  0]LogTargetPlatformManager: Display: Loaded TargetPlatform 'Windows'
[2020.10.03-19.18.48:090][  0]LogTargetPlatformManager: Display: Loaded TargetPlatform 'WindowsClient'
[2020.10.03-19.18.48:100][  0]LogTargetPlatformManager: Display: Loaded TargetPlatform 'WindowsServer'
[2020.10.03-19.18.48:100][  0]LogTargetPlatformManager: Display: Building Assets For Windows
[2020.10.03-19.18.48:115][  0]LogAudioDebug: Display: Lib vorbis DLL was dynamically loaded.
[2020.10.03-19.18.48:203][  0]LogShaderCompilers: Guid format shader working directory is -8 characters bigger than the processId version (C:/Users/Thomas/Documents/GitHub/GVSCVRProject/Project/Intermediate/Shaders/WorkingDirectory/31200/).
[2020.10.03-19.18.48:203][  0]LogShaderCompilers: Cleaned the shader compiler working directory 'C:/Users/Thomas/AppData/Local/Temp/UnrealShaderWorkingDir/E81698084ECBA29AA0F8EF8BB842D632/'.
[2020.10.03-19.18.48:204][  0]LogXGEController: Cannot use XGE Controller as Incredibuild is not installed on this machine.
[2020.10.03-19.18.48:204][  0]LogShaderCompilers: Cannot use XGE Shader Compiler as Incredibuild is not installed on this machine.
[2020.10.03-19.18.48:204][  0]LogShaderCompilers: Display: Using Local Shader Compiler.
[2020.10.03-19.18.49:259][  0]LogDerivedDataCache: Display: Max Cache Size: 512 MB
[2020.10.03-19.18.49:321][  0]LogDerivedDataCache: Loaded boot cache 0.06s 75MB C:/Users/Thomas/AppData/Local/UnrealEngine/4.25/DerivedDataCache/Boot.ddc.
[2020.10.03-19.18.49:321][  0]LogDerivedDataCache: Display: Loaded Boot cache: C:/Users/Thomas/AppData/Local/UnrealEngine/4.25/DerivedDataCache/Boot.ddc
[2020.10.03-19.18.49:321][  0]LogDerivedDataCache: FDerivedDataBackendGraph:  Pak pak cache file C:/Users/Thomas/Documents/GitHub/GVSCVRProject/Project/DerivedDataCache/DDC.ddp not found, will not use a pak cache.
[2020.10.03-19.18.49:321][  0]LogDerivedDataCache: Unable to find inner node Pak for hierarchical cache Hierarchy.
[2020.10.03-19.18.49:321][  0]LogDerivedDataCache: FDerivedDataBackendGraph:  CompressedPak pak cache file C:/Users/Thomas/Documents/GitHub/GVSCVRProject/Project/DerivedDataCache/Compressed.ddp not found, will not use a pak cache.
[2020.10.03-19.18.49:321][  0]LogDerivedDataCache: Unable to find inner node CompressedPak for hierarchical cache Hierarchy.
[2020.10.03-19.18.49:335][  0]LogDerivedDataCache: Display: Pak cache opened for reading ../../../Engine/DerivedDataCache/Compressed.ddp.
[2020.10.03-19.18.49:335][  0]LogDerivedDataCache: FDerivedDataBackendGraph:  EnterprisePak pak cache file ../../../Enterprise/DerivedDataCache/Compressed.ddp not found, will not use a pak cache.
[2020.10.03-19.18.49:335][  0]LogDerivedDataCache: Unable to find inner node EnterprisePak for hierarchical cache Hierarchy.
[2020.10.03-19.18.49:337][  0]LogDerivedDataCache: Using Local data cache path C:/Users/Thomas/AppData/Local/UnrealEngine/Common/DerivedDataCache: Writable
[2020.10.03-19.18.49:337][  0]LogDerivedDataCache: Shared data cache path not found in *engine.ini, will not use an Shared cache.
[2020.10.03-19.18.49:337][  0]LogDerivedDataCache: Unable to find inner node Shared for hierarchical cache Hierarchy.
[2020.10.03-19.18.49:419][  0]LogSlate: Using FreeType 2.10.0
[2020.10.03-19.18.49:419][  0]LogSlate: SlateFontServices - WITH_FREETYPE: 1, WITH_HARFBUZZ: 1
[2020.10.03-19.18.49:447][  0]LogAssetRegistry: FAssetRegistry took 0.0028 seconds to start up
[2020.10.03-19.18.49:751][  0]LogInit: Selected Device Profile: [Windows]
[2020.10.03-19.18.49:913][  0]LogMeshReduction: Using QuadricMeshReduction for automatic static mesh reduction
[2020.10.03-19.18.49:913][  0]LogMeshReduction: Using SimplygonMeshReduction for automatic skeletal mesh reduction
[2020.10.03-19.18.49:913][  0]LogMeshReduction: Using ProxyLODMeshReduction for automatic mesh merging
[2020.10.03-19.18.49:913][  0]LogMeshReduction: No distributed automatic mesh merging module available
[2020.10.03-19.18.49:913][  0]LogMeshMerging: No distributed automatic mesh merging module available
[2020.10.03-19.18.49:934][  0]LogNetVersion: Project 1.0.0, NetCL: 13144385, EngineNetVer: 14, GameNetVer: 0 (Checksum: 289691133)
[2020.10.03-19.18.50:392][  0]LogAISub: UAISubsystem::UAISubsystem AISubsystem (0000016B5CB17880), frame # 0
[2020.10.03-19.18.50:392][  0]LogAISub: UAISubsystem::UAISubsystem AIPerceptionSystem (0000016B5CB22AC0), frame # 0
[2020.10.03-19.18.50:394][  0]LogAISub: UAISubsystem::UAISubsystem EnvQueryManager (0000016B5CB88A00), frame # 0
[2020.10.03-19.18.50:472][  0]LogPackageLocalizationCache: Processed 19 localized package path(s) for 1 prioritized culture(s) in 0.071258 seconds
[2020.10.03-19.18.50:478][  0]LogUObjectArray: 15917 objects as part of root set at end of initial load.
[2020.10.03-19.18.50:478][  0]LogUObjectAllocator: 3965568 out of 0 bytes used by permanent object pool.
[2020.10.03-19.18.50:478][  0]LogUObjectArray: CloseDisregardForGC: 0/0 objects in disregard for GC pool
[2020.10.03-19.18.50:899][  0]LogTcpMessaging: Initializing TcpMessaging bridge
[2020.10.03-19.18.50:905][  0]LogUdpMessaging: Initializing bridge on interface 0.0.0.0:0 to multicast group 230.0.0.1:6666.
[2020.10.03-19.18.51:014][  0]SourceControl: Source control is disabled
[2020.10.03-19.18.51:015][  0]SourceControl: Source control is disabled
[2020.10.03-19.18.51:019][  0]SourceControl: Source control is disabled
[2020.10.03-19.18.51:023][  0]SourceControl: Source control is disabled
[2020.10.03-19.18.51:033][  0]SourceControl: Source control is disabled
[2020.10.03-19.18.51:346][  0]LogAndroidPermission: UAndroidPermissionCallbackProxy::GetInstance
[2020.10.03-19.18.51:376][  0]LogAudioCaptureCore: Display: No Audio Capture implementations found. Audio input will be silent.
[2020.10.03-19.18.51:376][  0]LogAudioCaptureCore: Display: No Audio Capture implementations found. Audio input will be silent.
[2020.10.03-19.18.51:438][  0]LogOcInput: OculusInput pre-init called
[2020.10.03-19.18.51:451][  0]LogWindows: Failed to load 'OVRPlugin.dll' (GetLastError=126)
[2020.10.03-19.18.51:452][  0]LogWindows: File 'OVRPlugin.dll' does not exist
[2020.10.03-19.18.51:522][  0]LogEngine: Initializing Engine...
[2020.10.03-19.18.51:525][  0]LogHMD: Failed to initialize OpenVR with code 110
[2020.10.03-19.18.51:525][  0]LogMagicLeap: Warning: VR disabled because ZI is not enabled.  To enable, in the editor, Edit -> Project Settings -> Plugins -> Magic Leap Plugin -> Enable Zero Iteration
[2020.10.03-19.18.51:526][  0]LogStats: UGameplayTagsManager::InitializeManager -  0.000 s
[2020.10.03-19.18.51:681][  0]LogInit: Initializing FReadOnlyCVARCache
[2020.10.03-19.18.51:689][  0]LogAIModule: Creating AISystem for world Untitled
[2020.10.03-19.18.51:689][  0]LogAISub: UAISubsystem::UAISubsystem EnvQueryManager (0000016B61F63C00), frame # 0
[2020.10.03-19.18.51:689][  0]LogAISub: UAISubsystem::UAISubsystem AIPerceptionSystem (0000016B61F6BB00), frame # 0
[2020.10.03-19.18.51:696][  0]LogAudioMixer: Display: Audio Mixer Platform Settings:
[2020.10.03-19.18.51:696][  0]LogAudioMixer: Display: 	Sample Rate:						  48000
[2020.10.03-19.18.51:696][  0]LogAudioMixer: Display: 	Callback Buffer Frame Size Requested: 1024
[2020.10.03-19.18.51:696][  0]LogAudioMixer: Display: 	Callback Buffer Frame Size To Use:	  1024
[2020.10.03-19.18.51:696][  0]LogAudioMixer: Display: 	Number of buffers to queue:			  2
[2020.10.03-19.18.51:696][  0]LogAudioMixer: Display: 	Max Channels (voices):				  32
[2020.10.03-19.18.51:696][  0]LogAudioMixer: Display: 	Number of Async Source Workers:		  0
[2020.10.03-19.18.51:696][  0]LogAudio: Display: AudioDevice MaxSources: 32
[2020.10.03-19.18.51:697][  0]LogAudio: Display: Using built-in audio occlusion.
[2020.10.03-19.18.51:697][  0]LogAudioMixer: Display: Initializing audio mixer.
[2020.10.03-19.18.51:720][  0]LogAudioMixer: Display: 0: FrontLeft
[2020.10.03-19.18.51:720][  0]LogAudioMixer: Display: 1: FrontRight
[2020.10.03-19.18.51:771][  0]LogAudioMixer: Display: Using Audio Device Speakers (Realtek High Definition Audio)
[2020.10.03-19.18.51:772][  0]LogAudioMixer: Display: Initializing Sound Submixes...
[2020.10.03-19.18.51:773][  0]LogAudioMixer: Display: Creating Master Submix 'MasterSubmixDefault'
[2020.10.03-19.18.51:773][  0]LogAudioMixer: Display: Creating Master Submix 'MasterReverbSubmixDefault'
[2020.10.03-19.18.51:775][  0]LogAudioMixer: Display: Creating Master Submix 'MasterEQSubmixDefault'
[2020.10.03-19.18.51:776][  0]LogInit: FAudioDevice initialized.
[2020.10.03-19.18.51:776][  0]LogNetVersion: Set ProjectVersion to 1.0.0.0. Version Checksum will be recalculated on next use.
[2020.10.03-19.18.51:948][  0]LogDerivedDataCache: Saved boot cache 0.17s 75MB C:/Users/Thomas/AppData/Local/UnrealEngine/4.25/DerivedDataCache/Boot.ddc.
[2020.10.03-19.18.51:953][  0]LogInit: Texture streaming: Enabled
[2020.10.03-19.18.51:974][  0]LogEngineSessionManager: EngineSessionManager initialized
[2020.10.03-19.18.51:974][  0]LogEditorSessionSummary: Verbose: Initializing EditorSessionSummaryWriter for editor session tracking
[2020.10.03-19.18.51:976][  0]LogEditorSessionSummary: EditorSessionSummaryWriter initialized
[2020.10.03-19.18.52:045][  0]LogInit: Transaction tracking system initialized
[2020.10.03-19.18.52:074][  0]BlueprintLog: New page: Editor Load
[2020.10.03-19.18.52:166][  0]LocalizationService: Localization service is disabled
[2020.10.03-19.18.52:348][  0]LogCook: Display: Max memory allowance for cook 16384mb min free memory 0mb
[2020.10.03-19.18.52:348][  0]LogCook: Display: Mobile HDR setting 1
[2020.10.03-19.18.52:515][  0]LogFileCache: Scanning file cache for directory 'C:/Users/Thomas/Documents/GitHub/GVSCVRProject/Project/Content/' took 0.01s
[2020.10.03-19.18.52:751][  0]SourceControl: Source control is disabled
[2020.10.03-19.18.52:751][  0]LogUnrealEdMisc: Loading editor; pre map load, took 7.851
[2020.10.03-19.18.52:751][  0]Cmd: MAP LOAD FILE="C:/Users/Thomas/Documents/GitHub/GVSCVRProject/Project/Content/TopDownBP/Maps/TopDownExampleMap.umap" TEMPLATE=0 SHOWPROGRESS=1 FEATURELEVEL=3
[2020.10.03-19.18.52:751][  0]LogEditorServer: Warning: Can't find file 'C:/Users/Thomas/Documents/GitHub/GVSCVRProject/Project/Content/TopDownBP/Maps/TopDownExampleMap.umap'
[2020.10.03-19.18.52:751][  0]Cmd: MAP CHECKDEP NOCLEARLOG
[2020.10.03-19.18.52:752][  0]MapCheck: Map check complete: 0 Error(s), 0 Warning(s), took 0.167ms to complete.
[2020.10.03-19.18.52:752][  0]LogFileHelpers: Loading map 'TopDownExampleMap' took 0.001
[2020.10.03-19.18.52:753][  0]LogUnrealEdMisc: Total Editor Startup Time, took 7.853
[2020.10.03-19.18.52:893][  0]LogSlate: Updating window title bar state: overlay mode, drag disabled, window buttons hidden, title bar hidden
[2020.10.03-19.18.52:902][  0]LogSlate: Updating window title bar state: overlay mode, drag disabled, window buttons hidden, title bar hidden
[2020.10.03-19.18.52:912][  0]LogSlate: Updating window title bar state: overlay mode, drag disabled, window buttons hidden, title bar hidden
[2020.10.03-19.18.52:921][  0]LogSlate: Updating window title bar state: overlay mode, drag disabled, window buttons hidden, title bar hidden
[2020.10.03-19.18.52:928][  0]LogCollectionManager: Loaded 0 collections in 0.000971 seconds
[2020.10.03-19.18.52:942][  0]LogFileCache: Scanning file cache for directory 'C:/Users/Thomas/Documents/GitHub/GVSCVRProject/Project/Saved/Collections/' took 0.00s
[2020.10.03-19.18.52:942][  0]LogFileCache: Scanning file cache for directory 'C:/Users/Thomas/Documents/GitHub/GVSCVRProject/Project/Content/Developers/Thomas/Collections/' took 0.00s
[2020.10.03-19.18.52:942][  0]LogFileCache: Scanning file cache for directory 'C:/Users/Thomas/Documents/GitHub/GVSCVRProject/Project/Content/Collections/' took 0.00s
[2020.10.03-19.18.52:942][  0]LogContentBrowser: Native class hierarchy populated in 0.0102 seconds. Added 3427 classes and 821 folders.
[2020.10.03-19.18.52:945][  0]LogContentBrowser: Native class hierarchy updated for 'WidgetCarousel' in 0.0003 seconds. Added 0 classes and 0 folders.
[2020.10.03-19.18.52:998][  0]LogContentBrowser: Native class hierarchy updated for 'AddContentDialog' in 0.0003 seconds. Added 0 classes and 0 folders.
[2020.10.03-19.18.52:999][  0]LogContentBrowser: Native class hierarchy updated for 'SceneOutliner' in 0.0003 seconds. Added 2 classes and 0 folders.
[2020.10.03-19.18.53:058][  0]LogSlate: Took 0.000161 seconds to synchronously load lazily loaded font '../../../Engine/Content/Slate/Fonts/Roboto-Regular.ttf' (155K)
[2020.10.03-19.18.53:061][  0]LogSlate: Took 0.000227 seconds to synchronously load lazily loaded font '../../../Engine/Content/Slate/Fonts/Roboto-Bold.ttf' (160K)
[2020.10.03-19.18.53:068][  0]LogSlate: Took 0.000187 seconds to synchronously load lazily loaded font '../../../Engine/Content/Editor/Slate/Fonts/FontAwesome.ttf' (139K)
[2020.10.03-19.18.53:159][  0]LogRenderer: Reallocating scene render targets to support 964x432 Format 10 NumSamples 1 (Frame:1).
[2020.10.03-19.18.53:253][  0]LogContentBrowser: Native class hierarchy updated for 'HierarchicalLODOutliner' in 0.0003 seconds. Added 0 classes and 0 folders.
[2020.10.03-19.18.53:253][  0]LogLoad: (Engine Initialization) Total time: 8.35 seconds
[2020.10.03-19.18.53:253][  0]LogLoad: (Engine Initialization) Total Blueprint compile time: 0.00 seconds
[2020.10.03-19.18.53:307][  0]LogAssetRegistry: Asset discovery search completed in 3.8609 seconds
[2020.10.03-19.18.53:313][  0]LogCollectionManager: Fixed up redirectors for 0 collections in 0.000002 seconds (updated 0 objects)
[2020.10.03-19.18.53:314][  0]LogContentStreaming: Texture pool size now 1000 MB
[2020.10.03-19.18.53:332][  0]LogSlate: Took 0.000140 seconds to synchronously load lazily loaded font '../../../Engine/Content/Slate/Fonts/Roboto-Light.ttf' (167K)
[2020.10.03-19.19.18:488][120]LogSlate: Took 0.000156 seconds to synchronously load lazily loaded font '../../../Engine/Content/Slate/Fonts/Roboto-Light.ttf' (167K)
[2020.10.03-19.19.18:864][120]LogAssetEditorSubsystem: Opening Asset editor for World /Game/RTS/Maps/RTS_Test_Map.RTS_Test_Map
[2020.10.03-19.19.18:892][120]LogUObjectHash: Compacting FUObjectHashTables data took   1.22ms
[2020.10.03-19.19.18:894][120]Cmd: MAP LOAD FILE="C:/Users/Thomas/Documents/GitHub/GVSCVRProject/Project/Content/RTS/Maps/RTS_Test_Map.umap" TEMPLATE=0 SHOWPROGRESS=1 FEATURELEVEL=3
[2020.10.03-19.19.18:894][120]LightingResults: New page: Lighting Build
[2020.10.03-19.19.18:895][120]LogContentBrowser: Native class hierarchy updated for 'StatsViewer' in 0.0004 seconds. Added 6 classes and 0 folders.
[2020.10.03-19.19.18:895][120]LoadErrors: New page: Loading map: RTS_Test_Map.umap
[2020.10.03-19.19.18:928][120]LogWorld: UWorld::CleanupWorld for Untitled, bSessionEnded=true, bCleanupResources=true
[2020.10.03-19.19.18:928][120]LogSlate: InvalidateAllWidgets triggered.  All widgets were invalidated
[2020.10.03-19.19.18:928][120]MapCheck: New page: Map Check
[2020.10.03-19.19.18:929][120]LightingResults: New page: Lighting Build
[2020.10.03-19.19.19:013][120]LogAISub: UAISubsystem::~UAISubsystem EnvQueryManager (0000016B61F63C00), frame # 1120
[2020.10.03-19.19.19:013][120]LogAISub: UAISubsystem::~UAISubsystem AIPerceptionSystem (0000016B61F6BB00), frame # 1120
[2020.10.03-19.19.19:013][120]LogUObjectHash: Compacting FUObjectHashTables data took   0.55ms
[2020.10.03-19.19.19:042][120]LogEditorServer: Finished looking for orphan Actors (0.000 secs)
[2020.10.03-19.19.19:042][120]LogAIModule: Creating AISystem for world RTS_Test_Map
[2020.10.03-19.19.19:042][120]LogAISub: UAISubsystem::UAISubsystem EnvQueryManager (0000016B61F63C00), frame # 1120
[2020.10.03-19.19.19:042][120]LogAISub: UAISubsystem::UAISubsystem AIPerceptionSystem (0000016B5BFC5D00), frame # 1120
[2020.10.03-19.19.19:056][120]LogUObjectHash: Compacting FUObjectHashTables data took   0.63ms
[2020.10.03-19.19.19:083][120]Cmd: MAP CHECKDEP NOCLEARLOG
[2020.10.03-19.19.19:083][120]MapCheck: Map check complete: 0 Error(s), 0 Warning(s), took 0.127ms to complete.
[2020.10.03-19.19.19:084][120]LogFileHelpers: Loading map 'RTS_Test_Map' took 0.189
[2020.10.03-19.19.21:609][268]LogEditorViewport: Clicking on Actor (LMB): PlayerStart (NetworkPlayerStart)
[2020.10.03-19.19.46:371][ 69]Cmd: OBJ SAVEPACKAGE PACKAGE="/Game/RTS/Maps/RTS_Test_Map" FILE="C:/Users/Thomas/Documents/GitHub/GVSCVRProject/Project/Content/RTS/Maps/RTS_Test_Map.umap" SILENT=true AUTOSAVING=false KEEPDIRTY=false
[2020.10.03-19.19.46:383][ 69]LogUObjectHash: Compacting FUObjectHashTables data took   0.31ms
[2020.10.03-19.19.46:513][ 69]LogSavePackage: Moving 'C:/Users/Thomas/Documents/GitHub/GVSCVRProject/Project/Saved/RTS_Test_Map058C55844FDFD3646637B28014B484C5.tmp' to 'C:/Users/Thomas/Documents/GitHub/GVSCVRProject/Project/Content/RTS/Maps/RTS_Test_Map.umap'
[2020.10.03-19.19.46:557][ 69]Cmd: OBJ SAVEPACKAGE PACKAGE="/Game/RTS/Maps/RTS_Test_Map_BuiltData" FILE="C:/Users/Thomas/Documents/GitHub/GVSCVRProject/Project/Content/RTS/Maps/RTS_Test_Map_BuiltData.uasset" SILENT=true
[2020.10.03-19.19.46:793][ 69]LogSavePackage: Moving 'C:/Users/Thomas/Documents/GitHub/GVSCVRProject/Project/Saved/RTS_Test_Map_BuiltDataF2637C14495D3B63AF690CB806B5996E.tmp' to 'C:/Users/Thomas/Documents/GitHub/GVSCVRProject/Project/Content/RTS/Maps/RTS_Test_Map_BuiltData.uasset'
[2020.10.03-19.19.46:814][ 69]AssetCheck: New page: Asset Save: multiple assets
[2020.10.03-19.19.46:814][ 69]LogContentValidation: Display: Validating World /Game/RTS/Maps/RTS_Test_Map.RTS_Test_Map
[2020.10.03-19.19.46:814][ 69]LogContentValidation: Display: Validating MapBuildDataRegistry /Game/RTS/Maps/RTS_Test_Map_BuiltData.RTS_Test_Map_BuiltData
[2020.10.03-19.20.41:618][667]LogSlate: Window 'Pick Parent Class' being destroyed
[2020.10.03-19.20.54:568][412]LogUObjectHash: Compacting FUObjectHashTables data took   1.15ms
[2020.10.03-19.20.54:570][412]LogMetaData: Removing '/Game/RTS/Blueprints/CameraPawnController.CameraPawnController_C' ref from Metadata '/Game/RTS/Blueprints/Controller.PackageMetaData'
[2020.10.03-19.20.54:570][412]LogMetaData: Removing '/Game/RTS/Blueprints/CameraPawnController.SKEL_CameraPawnController_C' ref from Metadata '/Game/RTS/Blueprints/Controller.PackageMetaData'
[2020.10.03-19.20.54:627][412]Cmd: OBJ SAVEPACKAGE PACKAGE="/Game/RTS/Blueprints/CameraPawnController" FILE="C:/Users/Thomas/Documents/GitHub/GVSCVRProject/Project/Content/RTS/Blueprints/CameraPawnController.uasset" SILENT=true
[2020.10.03-19.20.54:649][412]LogSavePackage: Moving 'C:/Users/Thomas/Documents/GitHub/GVSCVRProject/Project/Saved/CameraPawnController2EA13F1A41EA15FEC7A93BAA3E23C1CF.tmp' to 'C:/Users/Thomas/Documents/GitHub/GVSCVRProject/Project/Content/RTS/Blueprints/CameraPawnController.uasset'
[2020.10.03-19.20.54:789][412]LogUObjectHash: Compacting FUObjectHashTables data took   1.28ms
[2020.10.03-19.20.54:810][412]LogUObjectHash: Compacting FUObjectHashTables data took   0.73ms
[2020.10.03-19.20.54:821][412]LogUObjectHash: Compacting FUObjectHashTables data took   0.71ms
[2020.10.03-19.20.54:861][412]Cmd: OBJ SAVEPACKAGE PACKAGE="/Game/RTS/GameBP/GameMode" FILE="C:/Users/Thomas/Documents/GitHub/GVSCVRProject/Project/Content/RTS/GameBP/GameMode.uasset" SILENT=true
[2020.10.03-19.20.54:889][412]LogSavePackage: Moving 'C:/Users/Thomas/Documents/GitHub/GVSCVRProject/Project/Saved/GameMode0B171F4C472D5358C920268684415DCC.tmp' to 'C:/Users/Thomas/Documents/GitHub/GVSCVRProject/Project/Content/RTS/GameBP/GameMode.uasset'
[2020.10.03-19.20.54:958][412]AssetCheck: New page: Asset Save: multiple assets
[2020.10.03-19.20.54:958][412]LogContentValidation: Display: Validating Blueprint /Game/RTS/Blueprints/CameraPawnController.CameraPawnController
[2020.10.03-19.20.54:958][412]LogContentValidation: Display: Validating Blueprint /Game/RTS/GameBP/GameMode.GameMode
[2020.10.03-19.20.56:042][473]Cmd: OBJ SAVEPACKAGE PACKAGE="/Game/RTS/Maps/RTS_Test_Map" FILE="C:/Users/Thomas/Documents/GitHub/GVSCVRProject/Project/Content/RTS/Maps/RTS_Test_Map.umap" SILENT=true AUTOSAVING=false KEEPDIRTY=false
[2020.10.03-19.20.56:053][473]LogUObjectHash: Compacting FUObjectHashTables data took   0.23ms
[2020.10.03-19.20.56:157][473]LogSavePackage: Moving 'C:/Users/Thomas/Documents/GitHub/GVSCVRProject/Project/Saved/RTS_Test_Map0A14065B40E64E1EFB2AFBAD4F402351.tmp' to 'C:/Users/Thomas/Documents/GitHub/GVSCVRProject/Project/Content/RTS/Maps/RTS_Test_Map.umap'
[2020.10.03-19.20.56:192][473]Cmd: OBJ SAVEPACKAGE PACKAGE="/Game/RTS/Maps/RTS_Test_Map_BuiltData" FILE="C:/Users/Thomas/Documents/GitHub/GVSCVRProject/Project/Content/RTS/Maps/RTS_Test_Map_BuiltData.uasset" SILENT=true
[2020.10.03-19.20.56:363][473]LogSavePackage: Moving 'C:/Users/Thomas/Documents/GitHub/GVSCVRProject/Project/Saved/RTS_Test_Map_BuiltData4B57929B4D7E02A743E2C083E732233B.tmp' to 'C:/Users/Thomas/Documents/GitHub/GVSCVRProject/Project/Content/RTS/Maps/RTS_Test_Map_BuiltData.uasset'
[2020.10.03-19.20.56:383][473]AssetCheck: New page: Asset Save: multiple assets
[2020.10.03-19.20.56:384][473]LogContentValidation: Display: Validating World /Game/RTS/Maps/RTS_Test_Map.RTS_Test_Map
[2020.10.03-19.20.56:384][473]LogContentValidation: Display: Validating MapBuildDataRegistry /Game/RTS/Maps/RTS_Test_Map_BuiltData.RTS_Test_Map_BuiltData
[2020.10.03-19.21.04:092][912]LogAssetEditorSubsystem: Opening Asset editor for Blueprint /Game/RTS/GameBP/GameMode.GameMode
[2020.10.03-19.21.04:265][912]LogContentBrowser: Native class hierarchy updated for 'BlueprintGraph' in 0.0009 seconds. Added 125 classes and 0 folders.
[2020.10.03-19.21.05:207][912]LogTabManager: Warning: Cannot spawn tab because no spawner is registered for 'CompilerResults'
[2020.10.03-19.21.05:262][912]LogSlate: The tab "CompilerResults" attempted to spawn but failed for some reason. An "unrecognized tab" will be returned instead.
[2020.10.03-19.21.05:322][912]LogGameState: Error: Mixing AGameState with AGameModeBase is not compatible. Change AGameModeBase subclass (GameMode_C) to derive from AGameMode, or make both derive from Base
[2020.10.03-19.21.08:032][ 70]LogSlate: Window 'CompilerResults' being destroyed
[2020.10.03-19.21.08:037][ 70]LogSlate: Window 'CompilerResults' being destroyed
[2020.10.03-19.21.13:752][410]LogSlate: Prevented a slow task dialog from being summoned while a context menu was open
[2020.10.03-19.21.17:736][646]LogWorld: UWorld::CleanupWorld for World_2, bSessionEnded=true, bCleanupResources=true
[2020.10.03-19.21.17:736][646]LogSlate: InvalidateAllWidgets triggered.  All widgets were invalidated
[2020.10.03-19.21.25:851][ 96]LogAssetEditorSubsystem: Opening Asset editor for Blueprint /Game/RTS/Blueprints/CameraPawn.CameraPawn
[2020.10.03-19.21.28:539][199]LogSlate: Window 'CameraPawn' being destroyed
[2020.10.03-19.21.29:595][251]LogRenderer: Reallocating scene render targets to support 964x536 Format 10 NumSamples 1 (Frame:132).
[2020.10.03-19.21.29:769][261]LogSlate: Window 'CameraPawn' being destroyed
[2020.10.03-19.21.32:425][420]LogSlate: Took 0.000146 seconds to synchronously load lazily loaded font '../../../Engine/Content/Slate/Fonts/Roboto-Italic.ttf' (157K)
[2020.10.03-19.22.49:101][782]Cmd: OBJ SAVEPACKAGE PACKAGE="/Game/RTS/Blueprints/CameraPawn" FILE="C:/Users/Thomas/Documents/GitHub/GVSCVRProject/Project/Content/RTS/Blueprints/CameraPawn.uasset" SILENT=true
[2020.10.03-19.22.49:119][782]LogSavePackage: Moving 'C:/Users/Thomas/Documents/GitHub/GVSCVRProject/Project/Saved/CameraPawn8728B02D4CC7BD74B66E6E8316EC92F0.tmp' to 'C:/Users/Thomas/Documents/GitHub/GVSCVRProject/Project/Content/RTS/Blueprints/CameraPawn.uasset'
[2020.10.03-19.22.49:140][782]AssetCheck: New page: Asset Save: CameraPawn
[2020.10.03-19.22.49:140][782]LogContentValidation: Display: Validating Blueprint /Game/RTS/Blueprints/CameraPawn.CameraPawn
[2020.10.03-19.22.50:771][876]Cmd: OBJ SAVEPACKAGE PACKAGE="/Game/RTS/Maps/RTS_Test_Map" FILE="C:/Users/Thomas/Documents/GitHub/GVSCVRProject/Project/Content/RTS/Maps/RTS_Test_Map.umap" SILENT=true AUTOSAVING=false KEEPDIRTY=false
[2020.10.03-19.22.50:832][876]LogUObjectHash: Compacting FUObjectHashTables data took   4.26ms
[2020.10.03-19.22.50:932][876]LogSavePackage: Moving 'C:/Users/Thomas/Documents/GitHub/GVSCVRProject/Project/Saved/RTS_Test_Map07DB0D6448C7070BE6446D99F4A7164B.tmp' to 'C:/Users/Thomas/Documents/GitHub/GVSCVRProject/Project/Content/RTS/Maps/RTS_Test_Map.umap'
[2020.10.03-19.22.50:964][876]Cmd: OBJ SAVEPACKAGE PACKAGE="/Game/RTS/Maps/RTS_Test_Map_BuiltData" FILE="C:/Users/Thomas/Documents/GitHub/GVSCVRProject/Project/Content/RTS/Maps/RTS_Test_Map_BuiltData.uasset" SILENT=true
[2020.10.03-19.22.51:111][876]LogSavePackage: Moving 'C:/Users/Thomas/Documents/GitHub/GVSCVRProject/Project/Saved/RTS_Test_Map_BuiltDataE6A9915B4D6730956EEEF18529FCE77C.tmp' to 'C:/Users/Thomas/Documents/GitHub/GVSCVRProject/Project/Content/RTS/Maps/RTS_Test_Map_BuiltData.uasset'
[2020.10.03-19.22.51:132][876]AssetCheck: New page: Asset Save: multiple assets
[2020.10.03-19.22.51:132][876]LogContentValidation: Display: Validating World /Game/RTS/Maps/RTS_Test_Map.RTS_Test_Map
[2020.10.03-19.22.51:132][876]LogContentValidation: Display: Validating MapBuildDataRegistry /Game/RTS/Maps/RTS_Test_Map_BuiltData.RTS_Test_Map_BuiltData
[2020.10.03-19.23.21:895][645]Cmd: OBJ SAVEPACKAGE PACKAGE="/Game/RTS/Blueprints/CameraPawn" FILE="C:/Users/Thomas/Documents/GitHub/GVSCVRProject/Project/Content/RTS/Blueprints/CameraPawn.uasset" SILENT=true
[2020.10.03-19.23.21:919][645]LogSavePackage: Moving 'C:/Users/Thomas/Documents/GitHub/GVSCVRProject/Project/Saved/CameraPawn7C3AE35845D4B65E1848B993642C9004.tmp' to 'C:/Users/Thomas/Documents/GitHub/GVSCVRProject/Project/Content/RTS/Blueprints/CameraPawn.uasset'
[2020.10.03-19.23.21:936][645]AssetCheck: New page: Asset Save: CameraPawn
[2020.10.03-19.23.21:936][645]LogContentValidation: Display: Validating Blueprint /Game/RTS/Blueprints/CameraPawn.CameraPawn
[2020.10.03-19.23.44:679][976]Cmd: OBJ SAVEPACKAGE PACKAGE="/Game/RTS/Blueprints/CameraPawn" FILE="C:/Users/Thomas/Documents/GitHub/GVSCVRProject/Project/Content/RTS/Blueprints/CameraPawn.uasset" SILENT=true
[2020.10.03-19.23.44:700][976]LogSavePackage: Moving 'C:/Users/Thomas/Documents/GitHub/GVSCVRProject/Project/Saved/CameraPawnAE2990F5421CAA35E18FB8943BEAC7C3.tmp' to 'C:/Users/Thomas/Documents/GitHub/GVSCVRProject/Project/Content/RTS/Blueprints/CameraPawn.uasset'
[2020.10.03-19.23.44:716][976]AssetCheck: New page: Asset Save: CameraPawn
[2020.10.03-19.23.44:716][976]LogContentValidation: Display: Validating Blueprint /Game/RTS/Blueprints/CameraPawn.CameraPawn
[2020.10.03-19.24.13:730][683]Cmd: OBJ SAVEPACKAGE PACKAGE="/Game/RTS/Blueprints/CameraPawn" FILE="C:/Users/Thomas/Documents/GitHub/GVSCVRProject/Project/Content/RTS/Blueprints/CameraPawn.uasset" SILENT=true
[2020.10.03-19.24.13:744][683]LogSavePackage: Moving 'C:/Users/Thomas/Documents/GitHub/GVSCVRProject/Project/Saved/CameraPawn6550D8CA4071A8FA9DE583A988C6B816.tmp' to 'C:/Users/Thomas/Documents/GitHub/GVSCVRProject/Project/Content/RTS/Blueprints/CameraPawn.uasset'
[2020.10.03-19.24.13:762][683]AssetCheck: New page: Asset Save: CameraPawn
[2020.10.03-19.24.13:762][683]LogContentValidation: Display: Validating Blueprint /Game/RTS/Blueprints/CameraPawn.CameraPawn
[2020.10.03-19.24.58:753][342]BlueprintLog: New page: Compile CameraPawn
[2020.10.03-19.24.58:802][342]LogUObjectHash: Compacting FUObjectHashTables data took   4.07ms
[2020.10.03-19.24.58:843][342]LogSlate: Took 0.000142 seconds to synchronously load lazily loaded font '../../../Engine/Content/Slate/Fonts/DroidSansMono.ttf' (77K)
[2020.10.03-19.24.59:493][378]Cmd: OBJ SAVEPACKAGE PACKAGE="/Game/RTS/Blueprints/CameraPawn" FILE="C:/Users/Thomas/Documents/GitHub/GVSCVRProject/Project/Content/RTS/Blueprints/CameraPawn.uasset" SILENT=true
[2020.10.03-19.24.59:514][378]LogSavePackage: Moving 'C:/Users/Thomas/Documents/GitHub/GVSCVRProject/Project/Saved/CameraPawnEF9CE20242B00725AC4D06B824F40EEF.tmp' to 'C:/Users/Thomas/Documents/GitHub/GVSCVRProject/Project/Content/RTS/Blueprints/CameraPawn.uasset'
[2020.10.03-19.24.59:532][378]AssetCheck: New page: Asset Save: CameraPawn
[2020.10.03-19.24.59:532][378]LogContentValidation: Display: Validating Blueprint /Game/RTS/Blueprints/CameraPawn.CameraPawn
[2020.10.03-19.25.00:558][438]Cmd: OBJ SAVEPACKAGE PACKAGE="/Game/RTS/Blueprints/CameraPawn" FILE="C:/Users/Thomas/Documents/GitHub/GVSCVRProject/Project/Content/RTS/Blueprints/CameraPawn.uasset" SILENT=true
[2020.10.03-19.25.00:574][438]LogSavePackage: Moving 'C:/Users/Thomas/Documents/GitHub/GVSCVRProject/Project/Saved/CameraPawn87AE625C4EEADA2F3E600D97CE120C3E.tmp' to 'C:/Users/Thomas/Documents/GitHub/GVSCVRProject/Project/Content/RTS/Blueprints/CameraPawn.uasset'
[2020.10.03-19.25.00:589][438]AssetCheck: New page: Asset Save: CameraPawn
[2020.10.03-19.25.00:589][438]LogContentValidation: Display: Validating Blueprint /Game/RTS/Blueprints/CameraPawn.CameraPawn
[2020.10.03-19.25.02:358][540]LogWorld: UWorld::CleanupWorld for World_3, bSessionEnded=true, bCleanupResources=true
[2020.10.03-19.25.02:358][540]LogSlate: InvalidateAllWidgets triggered.  All widgets were invalidated
[2020.10.03-19.25.08:139][828]LogAssetEditorSubsystem: Opening Asset editor for Blueprint /Game/RTS/Blueprints/CameraPawnController.CameraPawnController
[2020.10.03-19.25.08:686][828]LogSlate: Took 0.000163 seconds to synchronously load lazily loaded font '../../../Engine/Content/Slate/Fonts/Roboto-BoldCondensed.ttf' (158K)
[2020.10.03-19.25.10:312][910]LogSlate: Window 'CameraPawnController' being destroyed
[2020.10.03-19.25.35:899][445]Cmd: OBJ SAVEPACKAGE PACKAGE="/Game/RTS/Blueprints/CameraPawnController" FILE="C:/Users/Thomas/Documents/GitHub/GVSCVRProject/Project/Content/RTS/Blueprints/CameraPawnController.uasset" SILENT=true
[2020.10.03-19.25.35:927][445]LogSavePackage: Moving 'C:/Users/Thomas/Documents/GitHub/GVSCVRProject/Project/Saved/CameraPawnController53E65CAB40F2F54A28B87E84A0CBE665.tmp' to 'C:/Users/Thomas/Documents/GitHub/GVSCVRProject/Project/Content/RTS/Blueprints/CameraPawnController.uasset'
[2020.10.03-19.25.35:943][445]AssetCheck: New page: Asset Save: CameraPawnController
[2020.10.03-19.25.35:943][445]LogContentValidation: Display: Validating Blueprint /Game/RTS/Blueprints/CameraPawnController.CameraPawnController
[2020.10.03-19.25.36:646][486]Cmd: OBJ SAVEPACKAGE PACKAGE="/Game/RTS/Blueprints/CameraPawnController" FILE="C:/Users/Thomas/Documents/GitHub/GVSCVRProject/Project/Content/RTS/Blueprints/CameraPawnController.uasset" SILENT=true
[2020.10.03-19.25.36:667][486]LogSavePackage: Moving 'C:/Users/Thomas/Documents/GitHub/GVSCVRProject/Project/Saved/CameraPawnController47BB641D4BF9E8E4D6FA66A0FD64F706.tmp' to 'C:/Users/Thomas/Documents/GitHub/GVSCVRProject/Project/Content/RTS/Blueprints/CameraPawnController.uasset'
[2020.10.03-19.25.36:682][486]AssetCheck: New page: Asset Save: CameraPawnController
[2020.10.03-19.25.36:682][486]LogContentValidation: Display: Validating Blueprint /Game/RTS/Blueprints/CameraPawnController.CameraPawnController
[2020.10.03-19.26.07:170][629]Cmd: OBJ SAVEPACKAGE PACKAGE="/Game/RTS/Blueprints/CameraPawnController" FILE="C:/Users/Thomas/Documents/GitHub/GVSCVRProject/Project/Content/RTS/Blueprints/CameraPawnController.uasset" SILENT=true
[2020.10.03-19.26.07:192][629]LogSavePackage: Moving 'C:/Users/Thomas/Documents/GitHub/GVSCVRProject/Project/Saved/CameraPawnController7A4F58394A099132E33E8BB75ED781E9.tmp' to 'C:/Users/Thomas/Documents/GitHub/GVSCVRProject/Project/Content/RTS/Blueprints/CameraPawnController.uasset'
[2020.10.03-19.26.07:208][629]AssetCheck: New page: Asset Save: CameraPawnController
[2020.10.03-19.26.07:208][629]LogContentValidation: Display: Validating Blueprint /Game/RTS/Blueprints/CameraPawnController.CameraPawnController
[2020.10.03-19.31.04:608][815]Cmd: OBJ SAVEPACKAGE PACKAGE="/Game/RTS/Blueprints/CameraPawnController" FILE="C:/Users/Thomas/Documents/GitHub/GVSCVRProject/Project/Content/RTS/Blueprints/CameraPawnController.uasset" SILENT=true
[2020.10.03-19.31.04:633][815]LogSavePackage: Moving 'C:/Users/Thomas/Documents/GitHub/GVSCVRProject/Project/Saved/CameraPawnController3E6E5C494A7B992882B658AC73A3A308.tmp' to 'C:/Users/Thomas/Documents/GitHub/GVSCVRProject/Project/Content/RTS/Blueprints/CameraPawnController.uasset'
[2020.10.03-19.31.04:654][815]AssetCheck: New page: Asset Save: CameraPawnController
[2020.10.03-19.31.04:654][815]LogContentValidation: Display: Validating Blueprint /Game/RTS/Blueprints/CameraPawnController.CameraPawnController
[2020.10.03-19.31.05:674][874]Cmd: OBJ SAVEPACKAGE PACKAGE="/Game/RTS/Blueprints/CameraPawnController" FILE="C:/Users/Thomas/Documents/GitHub/GVSCVRProject/Project/Content/RTS/Blueprints/CameraPawnController.uasset" SILENT=true
[2020.10.03-19.31.05:689][874]LogSavePackage: Moving 'C:/Users/Thomas/Documents/GitHub/GVSCVRProject/Project/Saved/CameraPawnController058C8B4647A558674A24B6B63F2515AC.tmp' to 'C:/Users/Thomas/Documents/GitHub/GVSCVRProject/Project/Content/RTS/Blueprints/CameraPawnController.uasset'
[2020.10.03-19.31.05:705][874]AssetCheck: New page: Asset Save: CameraPawnController
[2020.10.03-19.31.05:705][874]LogContentValidation: Display: Validating Blueprint /Game/RTS/Blueprints/CameraPawnController.CameraPawnController
[2020.10.03-19.43.00:611][505]LogSlate: Took 0.098737 seconds to synchronously load lazily loaded font '../../../Engine/Content/Slate/Fonts/Roboto-BoldCondensedItalic.ttf' (160K)
[2020.10.03-19.43.26:549][880]LogD3D11RHI: Timed out while waiting for GPU to catch up. (0.5 s) (ErrorCode 00000001)
[2020.10.03-19.43.27:050][880]LogD3D11RHI: Timed out while waiting for GPU to catch up. (0.5 s) (ErrorCode 00000001)
[2020.10.03-19.43.32:934][903]LogD3D11RHI: Timed out while waiting for GPU to catch up. (0.5 s) (ErrorCode 00000001)
[2020.10.03-19.43.35:704][904]LogRHI: Error: Present Fail Count 1
[2020.10.03-19.43.35:704][904]LogRHI: Error: SyncInterval 0
[2020.10.03-19.43.35:704][904]LogRHI: Error: SwapChainDesc.BufferDesc.Width 1938
[2020.10.03-19.43.35:704][904]LogRHI: Error: SwapChainDesc.BufferDesc.Height 1048
[2020.10.03-19.43.35:704][904]LogRHI: Error: SwapChainDesc.BufferDesc.RefreshRate.Numerator 0
[2020.10.03-19.43.35:704][904]LogRHI: Error: SwapChainDesc.BufferDesc.RefreshRate.Denominator 0
[2020.10.03-19.43.35:704][904]LogRHI: Error: SwapChainDesc.BufferDesc.Format 24
[2020.10.03-19.43.35:704][904]LogRHI: Error: SwapChainDesc.BufferDesc.ScanlineOrdering 0
[2020.10.03-19.43.35:704][904]LogRHI: Error: SwapChainDesc.BufferDesc.Scaling 0
[2020.10.03-19.43.35:704][904]LogRHI: Error: SwapChainDesc.SampleDesc.Count 1
[2020.10.03-19.43.35:704][904]LogRHI: Error: SwapChainDesc.SampleDesc.Quality 0
[2020.10.03-19.43.35:705][904]LogRHI: Error: SwapChainDesc.BufferUsage 48
[2020.10.03-19.43.35:705][904]LogRHI: Error: SwapChainDesc.BufferCount 2
[2020.10.03-19.43.35:705][904]LogRHI: Error: SwapChainDesc.OutputWindow 0000000000A20BE4
[2020.10.03-19.43.35:705][904]LogRHI: Error: SwapChainDesc.Windowed true
[2020.10.03-19.43.35:705][904]LogRHI: Error: SwapChainDesc.SwapEffect 4
[2020.10.03-19.43.35:705][904]LogRHI: Error: SwapChainDesc.Flags 2050
[2020.10.03-19.43.38:461][928]LogRHI: Error: Present Fail Count 1
[2020.10.03-19.43.38:461][928]LogRHI: Error: SyncInterval 0
[2020.10.03-19.43.38:462][928]LogRHI: Error: SwapChainDesc.BufferDesc.Width 1938
[2020.10.03-19.43.38:462][928]LogRHI: Error: SwapChainDesc.BufferDesc.Height 1048
[2020.10.03-19.43.38:462][928]LogRHI: Error: SwapChainDesc.BufferDesc.RefreshRate.Numerator 0
[2020.10.03-19.43.38:462][928]LogRHI: Error: SwapChainDesc.BufferDesc.RefreshRate.Denominator 0
[2020.10.03-19.43.38:462][928]LogRHI: Error: SwapChainDesc.BufferDesc.Format 24
[2020.10.03-19.43.38:462][928]LogRHI: Error: SwapChainDesc.BufferDesc.ScanlineOrdering 0
[2020.10.03-19.43.38:462][928]LogRHI: Error: SwapChainDesc.BufferDesc.Scaling 0
[2020.10.03-19.43.38:462][928]LogRHI: Error: SwapChainDesc.SampleDesc.Count 1
[2020.10.03-19.43.38:462][928]LogRHI: Error: SwapChainDesc.SampleDesc.Quality 0
[2020.10.03-19.43.38:462][928]LogRHI: Error: SwapChainDesc.BufferUsage 48
[2020.10.03-19.43.38:462][928]LogRHI: Error: SwapChainDesc.BufferCount 2
[2020.10.03-19.43.38:462][928]LogRHI: Error: SwapChainDesc.OutputWindow 0000000000A20BE4
[2020.10.03-19.43.38:462][928]LogRHI: Error: SwapChainDesc.Windowed true
[2020.10.03-19.43.38:462][928]LogRHI: Error: SwapChainDesc.SwapEffect 4
[2020.10.03-19.43.38:462][928]LogRHI: Error: SwapChainDesc.Flags 2050
[2020.10.03-19.43.38:684][931]LogRHI: Error: Present Fail Count 2
[2020.10.03-19.43.38:684][931]LogRHI: Error: SyncInterval 0
[2020.10.03-19.43.38:684][931]LogRHI: Error: SwapChainDesc.BufferDesc.Width 1938
[2020.10.03-19.43.38:684][931]LogRHI: Error: SwapChainDesc.BufferDesc.Height 1048
[2020.10.03-19.43.38:684][931]LogRHI: Error: SwapChainDesc.BufferDesc.RefreshRate.Numerator 0
[2020.10.03-19.43.38:684][931]LogRHI: Error: SwapChainDesc.BufferDesc.RefreshRate.Denominator 0
[2020.10.03-19.43.38:684][931]LogRHI: Error: SwapChainDesc.BufferDesc.Format 24
[2020.10.03-19.43.38:684][931]LogRHI: Error: SwapChainDesc.BufferDesc.ScanlineOrdering 0
[2020.10.03-19.43.38:684][931]LogRHI: Error: SwapChainDesc.BufferDesc.Scaling 0
[2020.10.03-19.43.38:685][931]LogRHI: Error: SwapChainDesc.SampleDesc.Count 1
[2020.10.03-19.43.38:685][931]LogRHI: Error: SwapChainDesc.SampleDesc.Quality 0
[2020.10.03-19.43.38:685][931]LogRHI: Error: SwapChainDesc.BufferUsage 48
[2020.10.03-19.43.38:685][931]LogRHI: Error: SwapChainDesc.BufferCount 2
[2020.10.03-19.43.38:685][931]LogRHI: Error: SwapChainDesc.OutputWindow 0000000000A20BE4
[2020.10.03-19.43.38:685][931]LogRHI: Error: SwapChainDesc.Windowed true
[2020.10.03-19.43.38:685][931]LogRHI: Error: SwapChainDesc.SwapEffect 4
[2020.10.03-19.43.38:685][931]LogRHI: Error: SwapChainDesc.Flags 2050
[2020.10.03-19.43.38:740][934]LogRHI: Error: Present Fail Count 3
[2020.10.03-19.43.38:740][934]LogRHI: Error: SyncInterval 0
[2020.10.03-19.43.38:740][934]LogRHI: Error: SwapChainDesc.BufferDesc.Width 1938
[2020.10.03-19.43.38:740][934]LogRHI: Error: SwapChainDesc.BufferDesc.Height 1048
[2020.10.03-19.43.38:740][934]LogRHI: Error: SwapChainDesc.BufferDesc.RefreshRate.Numerator 0
[2020.10.03-19.43.38:740][934]LogRHI: Error: SwapChainDesc.BufferDesc.RefreshRate.Denominator 0
[2020.10.03-19.43.38:740][934]LogRHI: Error: SwapChainDesc.BufferDesc.Format 24
[2020.10.03-19.43.38:740][934]LogRHI: Error: SwapChainDesc.BufferDesc.ScanlineOrdering 0
[2020.10.03-19.43.38:740][934]LogRHI: Error: SwapChainDesc.BufferDesc.Scaling 0
[2020.10.03-19.43.38:740][934]LogRHI: Error: SwapChainDesc.SampleDesc.Count 1
[2020.10.03-19.43.38:740][934]LogRHI: Error: SwapChainDesc.SampleDesc.Quality 0
[2020.10.03-19.43.38:740][934]LogRHI: Error: SwapChainDesc.BufferUsage 48
[2020.10.03-19.43.38:740][934]LogRHI: Error: SwapChainDesc.BufferCount 2
[2020.10.03-19.43.38:740][934]LogRHI: Error: SwapChainDesc.OutputWindow 0000000000A20BE4
[2020.10.03-19.43.38:740][934]LogRHI: Error: SwapChainDesc.Windowed true
[2020.10.03-19.43.38:740][934]LogRHI: Error: SwapChainDesc.SwapEffect 4
[2020.10.03-19.43.38:740][934]LogRHI: Error: SwapChainDesc.Flags 2050
[2020.10.03-19.43.38:792][937]LogRHI: Error: Present Fail Count 4
[2020.10.03-19.43.38:792][937]LogRHI: Error: SyncInterval 0
[2020.10.03-19.43.38:792][937]LogRHI: Error: SwapChainDesc.BufferDesc.Width 1938
[2020.10.03-19.43.38:792][937]LogRHI: Error: SwapChainDesc.BufferDesc.Height 1048
[2020.10.03-19.43.38:792][937]LogRHI: Error: SwapChainDesc.BufferDesc.RefreshRate.Numerator 0
[2020.10.03-19.43.38:792][937]LogRHI: Error: SwapChainDesc.BufferDesc.RefreshRate.Denominator 0
[2020.10.03-19.43.38:792][937]LogRHI: Error: SwapChainDesc.BufferDesc.Format 24
[2020.10.03-19.43.38:792][937]LogRHI: Error: SwapChainDesc.BufferDesc.ScanlineOrdering 0
[2020.10.03-19.43.38:792][937]LogRHI: Error: SwapChainDesc.BufferDesc.Scaling 0
[2020.10.03-19.43.38:792][937]LogRHI: Error: SwapChainDesc.SampleDesc.Count 1
[2020.10.03-19.43.38:792][937]LogRHI: Error: SwapChainDesc.SampleDesc.Quality 0
[2020.10.03-19.43.38:792][937]LogRHI: Error: SwapChainDesc.BufferUsage 48
[2020.10.03-19.43.38:792][937]LogRHI: Error: SwapChainDesc.BufferCount 2
[2020.10.03-19.43.38:792][937]LogRHI: Error: SwapChainDesc.OutputWindow 0000000000A20BE4
[2020.10.03-19.43.38:792][937]LogRHI: Error: SwapChainDesc.Windowed true
[2020.10.03-19.43.38:792][937]LogRHI: Error: SwapChainDesc.SwapEffect 4
[2020.10.03-19.43.38:792][937]LogRHI: Error: SwapChainDesc.Flags 2050
[2020.10.03-19.43.38:842][940]LogRHI: Error: Present Fail Count 5
[2020.10.03-19.43.38:842][940]LogRHI: Error: SyncInterval 0
[2020.10.03-19.43.38:842][940]LogRHI: Error: SwapChainDesc.BufferDesc.Width 1938
[2020.10.03-19.43.38:842][940]LogRHI: Error: SwapChainDesc.BufferDesc.Height 1048
[2020.10.03-19.43.38:842][940]LogRHI: Error: SwapChainDesc.BufferDesc.RefreshRate.Numerator 0
[2020.10.03-19.43.38:842][940]LogRHI: Error: SwapChainDesc.BufferDesc.RefreshRate.Denominator 0
[2020.10.03-19.43.38:842][940]LogRHI: Error: SwapChainDesc.BufferDesc.Format 24
[2020.10.03-19.43.38:842][940]LogRHI: Error: SwapChainDesc.BufferDesc.ScanlineOrdering 0
[2020.10.03-19.43.38:842][940]LogRHI: Error: SwapChainDesc.BufferDesc.Scaling 0
[2020.10.03-19.43.38:842][940]LogRHI: Error: SwapChainDesc.SampleDesc.Count 1
[2020.10.03-19.43.38:842][940]LogRHI: Error: SwapChainDesc.SampleDesc.Quality 0
[2020.10.03-19.43.38:842][940]LogRHI: Error: SwapChainDesc.BufferUsage 48
[2020.10.03-19.43.38:842][940]LogRHI: Error: SwapChainDesc.BufferCount 2
[2020.10.03-19.43.38:842][940]LogRHI: Error: SwapChainDesc.OutputWindow 0000000000A20BE4
[2020.10.03-19.43.38:842][940]LogRHI: Error: SwapChainDesc.Windowed true
[2020.10.03-19.43.38:842][940]LogRHI: Error: SwapChainDesc.SwapEffect 4
[2020.10.03-19.43.38:842][940]LogRHI: Error: SwapChainDesc.Flags 2050
[2020.10.03-19.43.38:891][943]LogRHI: Error: Present Fail Count 6
[2020.10.03-19.43.38:891][943]LogRHI: Error: SyncInterval 0
[2020.10.03-19.43.38:891][943]LogRHI: Error: SwapChainDesc.BufferDesc.Width 1938
[2020.10.03-19.43.38:891][943]LogRHI: Error: SwapChainDesc.BufferDesc.Height 1048
[2020.10.03-19.43.38:891][943]LogRHI: Error: SwapChainDesc.BufferDesc.RefreshRate.Numerator 0
[2020.10.03-19.43.38:891][943]LogRHI: Error: SwapChainDesc.BufferDesc.RefreshRate.Denominator 0
[2020.10.03-19.43.38:891][943]LogRHI: Error: SwapChainDesc.BufferDesc.Format 24
[2020.10.03-19.43.38:891][943]LogRHI: Error: SwapChainDesc.BufferDesc.ScanlineOrdering 0
[2020.10.03-19.43.38:891][943]LogRHI: Error: SwapChainDesc.BufferDesc.Scaling 0
[2020.10.03-19.43.38:891][943]LogRHI: Error: SwapChainDesc.SampleDesc.Count 1
[2020.10.03-19.43.38:891][943]LogRHI: Error: SwapChainDesc.SampleDesc.Quality 0
[2020.10.03-19.43.38:891][943]LogRHI: Error: SwapChainDesc.BufferUsage 48
[2020.10.03-19.43.38:891][943]LogRHI: Error: SwapChainDesc.BufferCount 2
[2020.10.03-19.43.38:891][943]LogRHI: Error: SwapChainDesc.OutputWindow 0000000000A20BE4
[2020.10.03-19.43.38:891][943]LogRHI: Error: SwapChainDesc.Windowed true
[2020.10.03-19.43.38:892][943]LogRHI: Error: SwapChainDesc.SwapEffect 4
[2020.10.03-19.43.38:892][943]LogRHI: Error: SwapChainDesc.Flags 2050
[2020.10.03-19.43.38:942][946]LogRHI: Error: Present Fail Count 7
[2020.10.03-19.43.38:942][946]LogRHI: Error: SyncInterval 0
[2020.10.03-19.43.38:942][946]LogRHI: Error: SwapChainDesc.BufferDesc.Width 1938
[2020.10.03-19.43.38:942][946]LogRHI: Error: SwapChainDesc.BufferDesc.Height 1048
[2020.10.03-19.43.38:942][946]LogRHI: Error: SwapChainDesc.BufferDesc.RefreshRate.Numerator 0
[2020.10.03-19.43.38:942][946]LogRHI: Error: SwapChainDesc.BufferDesc.RefreshRate.Denominator 0
[2020.10.03-19.43.38:942][946]LogRHI: Error: SwapChainDesc.BufferDesc.Format 24
[2020.10.03-19.43.38:942][946]LogRHI: Error: SwapChainDesc.BufferDesc.ScanlineOrdering 0
[2020.10.03-19.43.38:942][946]LogRHI: Error: SwapChainDesc.BufferDesc.Scaling 0
[2020.10.03-19.43.38:942][946]LogRHI: Error: SwapChainDesc.SampleDesc.Count 1
[2020.10.03-19.43.38:942][946]LogRHI: Error: SwapChainDesc.SampleDesc.Quality 0
[2020.10.03-19.43.38:942][946]LogRHI: Error: SwapChainDesc.BufferUsage 48
[2020.10.03-19.43.38:942][946]LogRHI: Error: SwapChainDesc.BufferCount 2
[2020.10.03-19.43.38:942][946]LogRHI: Error: SwapChainDesc.OutputWindow 0000000000A20BE4
[2020.10.03-19.43.38:942][946]LogRHI: Error: SwapChainDesc.Windowed true
[2020.10.03-19.43.38:942][946]LogRHI: Error: SwapChainDesc.SwapEffect 4
[2020.10.03-19.43.38:942][946]LogRHI: Error: SwapChainDesc.Flags 2050
[2020.10.03-19.43.38:990][949]LogRHI: Error: Present Fail Count 8
[2020.10.03-19.43.38:990][949]LogRHI: Error: SyncInterval 0
[2020.10.03-19.43.38:990][949]LogRHI: Error: SwapChainDesc.BufferDesc.Width 1938
[2020.10.03-19.43.38:990][949]LogRHI: Error: SwapChainDesc.BufferDesc.Height 1048
[2020.10.03-19.43.38:990][949]LogRHI: Error: SwapChainDesc.BufferDesc.RefreshRate.Numerator 0
[2020.10.03-19.43.38:990][949]LogRHI: Error: SwapChainDesc.BufferDesc.RefreshRate.Denominator 0
[2020.10.03-19.43.38:990][949]LogRHI: Error: SwapChainDesc.BufferDesc.Format 24
[2020.10.03-19.43.38:991][949]LogRHI: Error: SwapChainDesc.BufferDesc.ScanlineOrdering 0
[2020.10.03-19.43.38:991][949]LogRHI: Error: SwapChainDesc.BufferDesc.Scaling 0
[2020.10.03-19.43.38:991][949]LogRHI: Error: SwapChainDesc.SampleDesc.Count 1
[2020.10.03-19.43.38:991][949]LogRHI: Error: SwapChainDesc.SampleDesc.Quality 0
[2020.10.03-19.43.38:991][949]LogRHI: Error: SwapChainDesc.BufferUsage 48
[2020.10.03-19.43.38:991][949]LogRHI: Error: SwapChainDesc.BufferCount 2
[2020.10.03-19.43.38:991][949]LogRHI: Error: SwapChainDesc.OutputWindow 0000000000A20BE4
[2020.10.03-19.43.38:991][949]LogRHI: Error: SwapChainDesc.Windowed true
[2020.10.03-19.43.38:991][949]LogRHI: Error: SwapChainDesc.SwapEffect 4
[2020.10.03-19.43.38:991][949]LogRHI: Error: SwapChainDesc.Flags 2050
[2020.10.03-19.43.39:041][952]LogRHI: Error: Present Fail Count 9
[2020.10.03-19.43.39:041][952]LogRHI: Error: SyncInterval 0
[2020.10.03-19.43.39:041][952]LogRHI: Error: SwapChainDesc.BufferDesc.Width 1938
[2020.10.03-19.43.39:041][952]LogRHI: Error: SwapChainDesc.BufferDesc.Height 1048
[2020.10.03-19.43.39:041][952]LogRHI: Error: SwapChainDesc.BufferDesc.RefreshRate.Numerator 0
[2020.10.03-19.43.39:041][952]LogRHI: Error: SwapChainDesc.BufferDesc.RefreshRate.Denominator 0
[2020.10.03-19.43.39:041][952]LogRHI: Error: SwapChainDesc.BufferDesc.Format 24
[2020.10.03-19.43.39:041][952]LogRHI: Error: SwapChainDesc.BufferDesc.ScanlineOrdering 0
[2020.10.03-19.43.39:041][952]LogRHI: Error: SwapChainDesc.BufferDesc.Scaling 0
[2020.10.03-19.43.39:041][952]LogRHI: Error: SwapChainDesc.SampleDesc.Count 1
[2020.10.03-19.43.39:041][952]LogRHI: Error: SwapChainDesc.SampleDesc.Quality 0
[2020.10.03-19.43.39:041][952]LogRHI: Error: SwapChainDesc.BufferUsage 48
[2020.10.03-19.43.39:041][952]LogRHI: Error: SwapChainDesc.BufferCount 2
[2020.10.03-19.43.39:041][952]LogRHI: Error: SwapChainDesc.OutputWindow 0000000000A20BE4
[2020.10.03-19.43.39:041][952]LogRHI: Error: SwapChainDesc.Windowed true
[2020.10.03-19.43.39:041][952]LogRHI: Error: SwapChainDesc.SwapEffect 4
[2020.10.03-19.43.39:041][952]LogRHI: Error: SwapChainDesc.Flags 2050
[2020.10.03-19.43.39:090][955]LogRHI: Error: Present Fail Count 10
[2020.10.03-19.43.39:090][955]LogRHI: Error: SyncInterval 0
[2020.10.03-19.43.39:090][955]LogRHI: Error: SwapChainDesc.BufferDesc.Width 1938
[2020.10.03-19.43.39:090][955]LogRHI: Error: SwapChainDesc.BufferDesc.Height 1048
[2020.10.03-19.43.39:090][955]LogRHI: Error: SwapChainDesc.BufferDesc.RefreshRate.Numerator 0
[2020.10.03-19.43.39:090][955]LogRHI: Error: SwapChainDesc.BufferDesc.RefreshRate.Denominator 0
[2020.10.03-19.43.39:090][955]LogRHI: Error: SwapChainDesc.BufferDesc.Format 24
[2020.10.03-19.43.39:090][955]LogRHI: Error: SwapChainDesc.BufferDesc.ScanlineOrdering 0
[2020.10.03-19.43.39:090][955]LogRHI: Error: SwapChainDesc.BufferDesc.Scaling 0
[2020.10.03-19.43.39:090][955]LogRHI: Error: SwapChainDesc.SampleDesc.Count 1
[2020.10.03-19.43.39:090][955]LogRHI: Error: SwapChainDesc.SampleDesc.Quality 0
[2020.10.03-19.43.39:090][955]LogRHI: Error: SwapChainDesc.BufferUsage 48
[2020.10.03-19.43.39:090][955]LogRHI: Error: SwapChainDesc.BufferCount 2
[2020.10.03-19.43.39:090][955]LogRHI: Error: SwapChainDesc.OutputWindow 0000000000A20BE4
[2020.10.03-19.43.39:090][955]LogRHI: Error: SwapChainDesc.Windowed true
[2020.10.03-19.43.39:090][955]LogRHI: Error: SwapChainDesc.SwapEffect 4
[2020.10.03-19.43.39:090][955]LogRHI: Error: SwapChainDesc.Flags 2050
[2020.10.03-19.43.39:134][958]LogRHI: Error: Present Fail Count 11
[2020.10.03-19.43.39:134][958]LogRHI: Error: SyncInterval 0
[2020.10.03-19.43.39:134][958]LogRHI: Error: SwapChainDesc.BufferDesc.Width 1938
[2020.10.03-19.43.39:134][958]LogRHI: Error: SwapChainDesc.BufferDesc.Height 1048
[2020.10.03-19.43.39:134][958]LogRHI: Error: SwapChainDesc.BufferDesc.RefreshRate.Numerator 0
[2020.10.03-19.43.39:134][958]LogRHI: Error: SwapChainDesc.BufferDesc.RefreshRate.Denominator 0
[2020.10.03-19.43.39:134][958]LogRHI: Error: SwapChainDesc.BufferDesc.Format 24
[2020.10.03-19.43.39:134][958]LogRHI: Error: SwapChainDesc.BufferDesc.ScanlineOrdering 0
[2020.10.03-19.43.39:134][958]LogRHI: Error: SwapChainDesc.BufferDesc.Scaling 0
[2020.10.03-19.43.39:134][958]LogRHI: Error: SwapChainDesc.SampleDesc.Count 1
[2020.10.03-19.43.39:134][958]LogRHI: Error: SwapChainDesc.SampleDesc.Quality 0
[2020.10.03-19.43.39:134][958]LogRHI: Error: SwapChainDesc.BufferUsage 48
[2020.10.03-19.43.39:134][958]LogRHI: Error: SwapChainDesc.BufferCount 2
[2020.10.03-19.43.39:134][958]LogRHI: Error: SwapChainDesc.OutputWindow 0000000000A20BE4
[2020.10.03-19.43.39:134][958]LogRHI: Error: SwapChainDesc.Windowed true
[2020.10.03-19.43.39:134][958]LogRHI: Error: SwapChainDesc.SwapEffect 4
[2020.10.03-19.43.39:134][958]LogRHI: Error: SwapChainDesc.Flags 2050
[2020.10.03-19.43.39:134][958]LogD3D11RHI: Error: Result failed 
 at D:/Build/++UE4+Licensee/Sync/Engine/Source/Runtime/Windows/D3D11RHI/Private/D3D11Viewport.cpp:406 
 with error DXGI_ERROR_DEVICE_REMOVED 00000000
[2020.10.03-19.43.39:134][958]LogD3D11RHI: [Aftermath] GDynamicRHI=0000016B3CE100C0, GDX11NVAfterMathEnabled=1, Result=0x00000001, bDeviceActive=1
[2020.10.03-19.43.39:134][958]LogWindows: Windows GetLastError: The operation completed successfully. (0)
[2020.10.03-19.43.51:855][959]LogWindows: FPlatformMisc::RequestExit(0)
[2020.10.03-19.43.51:855][959]LogCore: Engine exit requested (reason: Win RequestExit)
[2020.10.03-19.43.51:855][959]LogWindows: FPlatformMisc::RequestExit(1)
[2020.10.03-19.43.51:855][959]LogCore: Engine exit requested (reason: Win RequestExit; note: exit was already requested)
[2020.10.03-19.43.51:858][959]Log file closed, 10/03/20 15:43:51
